[INFO  2023-06-27T16:18:26,182 net.lightbody.bmp.proxy.Main] (main) Starting BrowserMob Proxy version 2.1.4 
[INFO  2023-06-27T16:18:26,260 org.eclipse.jetty.util.log] (main) jetty-7.x.y-SNAPSHOT 
[INFO  2023-06-27T16:18:26,584 org.eclipse.jetty.util.log] (main) started o.e.j.s.ServletContextHandler{/,null} 
[INFO  2023-06-27T16:18:26,803 org.eclipse.jetty.util.log] (main) Started SelectChannelConnector@0.0.0.0:8080 
[INFO  2023-06-27T16:18:28,720 org.littleshoot.proxy.impl.DefaultHttpProxyServer] (qtp1894788146-19) Starting proxy at address: 0.0.0.0/0.0.0.0:8081 
[INFO  2023-06-27T16:18:28,814 org.littleshoot.proxy.impl.DefaultHttpProxyServer] (qtp1894788146-19) Proxy listening with TCP transport 
[INFO  2023-06-27T16:18:29,458 org.littleshoot.proxy.impl.DefaultHttpProxyServer] (qtp1894788146-19) Proxy started at address: /0:0:0:0:0:0:0:0:8081 
[WARN  2023-06-27T16:18:41,416 net.lightbody.bmp.filters.ServerResponseCaptureFilter] (LittleProxy-0-ProxyToServerWorker-6) Cannot decode unsupported content encoding type br 
[WARN  2023-06-27T16:18:41,417 net.lightbody.bmp.filters.HarCaptureFilter] (LittleProxy-0-ProxyToServerWorker-6) Unable to decompress content with encoding: br. Contents will be encoded as base64 binary data. 
[WARN  2023-06-27T16:18:41,437 net.lightbody.bmp.filters.ServerResponseCaptureFilter] (LittleProxy-0-ProxyToServerWorker-3) Cannot decode unsupported content encoding type br 
[WARN  2023-06-27T16:18:41,438 net.lightbody.bmp.filters.HarCaptureFilter] (LittleProxy-0-ProxyToServerWorker-3) Unable to decompress content with encoding: br. Contents will be encoded as base64 binary data. 
[WARN  2023-06-27T16:18:41,496 net.lightbody.bmp.filters.ServerResponseCaptureFilter] (LittleProxy-0-ProxyToServerWorker-5) Cannot decode unsupported content encoding type br 
[WARN  2023-06-27T16:18:41,497 net.lightbody.bmp.filters.HarCaptureFilter] (LittleProxy-0-ProxyToServerWorker-5) Unable to decompress content with encoding: br. Contents will be encoded as base64 binary data. 
[WARN  2023-06-27T16:18:41,784 net.lightbody.bmp.filters.ServerResponseCaptureFilter] (LittleProxy-0-ProxyToServerWorker-3) Cannot decode unsupported content encoding type br 
[WARN  2023-06-27T16:18:41,785 net.lightbody.bmp.filters.HarCaptureFilter] (LittleProxy-0-ProxyToServerWorker-3) Unable to decompress content with encoding: br. Contents will be encoded as base64 binary data. 
[WARN  2023-06-27T16:18:41,823 net.lightbody.bmp.filters.ServerResponseCaptureFilter] (LittleProxy-0-ProxyToServerWorker-5) Cannot decode unsupported content encoding type br 
[WARN  2023-06-27T16:18:41,823 net.lightbody.bmp.filters.HarCaptureFilter] (LittleProxy-0-ProxyToServerWorker-5) Unable to decompress content with encoding: br. Contents will be encoded as base64 binary data. 
[WARN  2023-06-27T16:18:41,839 net.lightbody.bmp.filters.ServerResponseCaptureFilter] (LittleProxy-0-ProxyToServerWorker-6) Cannot decode unsupported content encoding type br 
[WARN  2023-06-27T16:18:41,839 net.lightbody.bmp.filters.HarCaptureFilter] (LittleProxy-0-ProxyToServerWorker-6) Unable to decompress content with encoding: br. Contents will be encoded as base64 binary data. 
[WARN  2023-06-27T16:18:42,044 net.lightbody.bmp.filters.ServerResponseCaptureFilter] (LittleProxy-0-ProxyToServerWorker-5) Cannot decode unsupported content encoding type br 
[WARN  2023-06-27T16:18:42,044 net.lightbody.bmp.filters.HarCaptureFilter] (LittleProxy-0-ProxyToServerWorker-5) Unable to decompress content with encoding: br. Contents will be encoded as base64 binary data. 
[WARN  2023-06-27T16:19:13,270 net.lightbody.bmp.filters.ServerResponseCaptureFilter] (LittleProxy-0-ProxyToServerWorker-0) Cannot decode unsupported content encoding type br 
[WARN  2023-06-27T16:19:13,270 net.lightbody.bmp.filters.HarCaptureFilter] (LittleProxy-0-ProxyToServerWorker-0) Unable to decompress content with encoding: br. Contents will be encoded as base64 binary data. 
[WARN  2023-06-27T16:19:13,307 net.lightbody.bmp.filters.ServerResponseCaptureFilter] (LittleProxy-0-ProxyToServerWorker-1) Cannot decode unsupported content encoding type br 
[WARN  2023-06-27T16:19:13,308 net.lightbody.bmp.filters.HarCaptureFilter] (LittleProxy-0-ProxyToServerWorker-1) Unable to decompress content with encoding: br. Contents will be encoded as base64 binary data. 
[WARN  2023-06-27T16:19:13,390 net.lightbody.bmp.filters.ServerResponseCaptureFilter] (LittleProxy-0-ProxyToServerWorker-7) Cannot decode unsupported content encoding type br 
[WARN  2023-06-27T16:19:13,391 net.lightbody.bmp.filters.HarCaptureFilter] (LittleProxy-0-ProxyToServerWorker-7) Unable to decompress content with encoding: br. Contents will be encoded as base64 binary data. 
[WARN  2023-06-27T16:19:16,898 net.lightbody.bmp.filters.ServerResponseCaptureFilter] (LittleProxy-0-ProxyToServerWorker-6) Cannot decode unsupported content encoding type br 
[WARN  2023-06-27T16:19:16,899 net.lightbody.bmp.filters.HarCaptureFilter] (LittleProxy-0-ProxyToServerWorker-6) Unable to decompress content with encoding: br. Contents will be encoded as base64 binary data. 
[WARN  2023-06-27T16:19:16,975 net.lightbody.bmp.filters.ServerResponseCaptureFilter] (LittleProxy-0-ProxyToServerWorker-1) Cannot decode unsupported content encoding type br 
[WARN  2023-06-27T16:19:16,975 net.lightbody.bmp.filters.HarCaptureFilter] (LittleProxy-0-ProxyToServerWorker-1) Unable to decompress content with encoding: br. Contents will be encoded as base64 binary data. 
[WARN  2023-06-27T16:19:17,014 net.lightbody.bmp.filters.ServerResponseCaptureFilter] (LittleProxy-0-ProxyToServerWorker-2) Cannot decode unsupported content encoding type br 
[WARN  2023-06-27T16:19:17,014 net.lightbody.bmp.filters.HarCaptureFilter] (LittleProxy-0-ProxyToServerWorker-2) Unable to decompress content with encoding: br. Contents will be encoded as base64 binary data. 
[WARN  2023-06-27T16:19:17,227 net.lightbody.bmp.filters.ServerResponseCaptureFilter] (LittleProxy-0-ProxyToServerWorker-2) Cannot decode unsupported content encoding type br 
[WARN  2023-06-27T16:19:17,227 net.lightbody.bmp.filters.HarCaptureFilter] (LittleProxy-0-ProxyToServerWorker-2) Unable to decompress content with encoding: br. Contents will be encoded as base64 binary data. 
[WARN  2023-06-27T16:19:18,372 net.lightbody.bmp.filters.ServerResponseCaptureFilter] (LittleProxy-0-ProxyToServerWorker-6) Cannot decode unsupported content encoding type br 
[WARN  2023-06-27T16:19:18,372 net.lightbody.bmp.filters.HarCaptureFilter] (LittleProxy-0-ProxyToServerWorker-6) Unable to decompress content with encoding: br. Contents will be encoded as base64 binary data. 
[WARN  2023-06-27T16:19:18,377 net.lightbody.bmp.filters.ServerResponseCaptureFilter] (LittleProxy-0-ProxyToServerWorker-2) Cannot decode unsupported content encoding type br 
[WARN  2023-06-27T16:19:18,377 net.lightbody.bmp.filters.HarCaptureFilter] (LittleProxy-0-ProxyToServerWorker-2) Unable to decompress content with encoding: br. Contents will be encoded as base64 binary data. 
[WARN  2023-06-27T16:19:18,379 net.lightbody.bmp.filters.ServerResponseCaptureFilter] (LittleProxy-0-ProxyToServerWorker-1) Cannot decode unsupported content encoding type br 
[WARN  2023-06-27T16:19:18,379 net.lightbody.bmp.filters.HarCaptureFilter] (LittleProxy-0-ProxyToServerWorker-1) Unable to decompress content with encoding: br. Contents will be encoded as base64 binary data. 
[WARN  2023-06-27T16:20:04,098 net.lightbody.bmp.filters.ServerResponseCaptureFilter] (LittleProxy-0-ProxyToServerWorker-5) Cannot decode unsupported content encoding type br 
[WARN  2023-06-27T16:20:04,098 net.lightbody.bmp.filters.HarCaptureFilter] (LittleProxy-0-ProxyToServerWorker-5) Unable to decompress content with encoding: br. Contents will be encoded as base64 binary data. 
[WARN  2023-06-27T16:20:04,313 net.lightbody.bmp.filters.ServerResponseCaptureFilter] (LittleProxy-0-ProxyToServerWorker-0) Cannot decode unsupported content encoding type br 
[WARN  2023-06-27T16:20:04,313 net.lightbody.bmp.filters.HarCaptureFilter] (LittleProxy-0-ProxyToServerWorker-0) Unable to decompress content with encoding: br. Contents will be encoded as base64 binary data. 
[WARN  2023-06-27T16:20:04,432 net.lightbody.bmp.filters.ServerResponseCaptureFilter] (LittleProxy-0-ProxyToServerWorker-7) Cannot decode unsupported content encoding type br 
[WARN  2023-06-27T16:20:04,432 net.lightbody.bmp.filters.HarCaptureFilter] (LittleProxy-0-ProxyToServerWorker-7) Unable to decompress content with encoding: br. Contents will be encoded as base64 binary data. 
[WARN  2023-06-27T16:20:05,053 net.lightbody.bmp.filters.ServerResponseCaptureFilter] (LittleProxy-0-ProxyToServerWorker-5) Cannot decode unsupported content encoding type br 
[WARN  2023-06-27T16:20:05,053 net.lightbody.bmp.filters.HarCaptureFilter] (LittleProxy-0-ProxyToServerWorker-5) Unable to decompress content with encoding: br. Contents will be encoded as base64 binary data. 
[WARN  2023-06-27T16:20:05,074 net.lightbody.bmp.filters.ServerResponseCaptureFilter] (LittleProxy-0-ProxyToServerWorker-0) Cannot decode unsupported content encoding type br 
[WARN  2023-06-27T16:20:05,075 net.lightbody.bmp.filters.HarCaptureFilter] (LittleProxy-0-ProxyToServerWorker-0) Unable to decompress content with encoding: br. Contents will be encoded as base64 binary data. 
[WARN  2023-06-27T16:20:05,100 net.lightbody.bmp.filters.ServerResponseCaptureFilter] (LittleProxy-0-ProxyToServerWorker-7) Cannot decode unsupported content encoding type br 
[WARN  2023-06-27T16:20:05,103 net.lightbody.bmp.filters.HarCaptureFilter] (LittleProxy-0-ProxyToServerWorker-7) Unable to decompress content with encoding: br. Contents will be encoded as base64 binary data. 
[WARN  2023-06-27T16:20:05,586 net.lightbody.bmp.filters.ServerResponseCaptureFilter] (LittleProxy-0-ProxyToServerWorker-7) Cannot decode unsupported content encoding type br 
[WARN  2023-06-27T16:20:05,586 net.lightbody.bmp.filters.HarCaptureFilter] (LittleProxy-0-ProxyToServerWorker-7) Unable to decompress content with encoding: br. Contents will be encoded as base64 binary data. 
[WARN  2023-06-27T16:20:06,012 net.lightbody.bmp.filters.HarCaptureFilter] (LittleProxy-0-ProxyToServerWorker-4) No content type specified in response from /nel/. Content will be treated as application/octet-stream 
[INFO  2023-06-27T16:23:21,528 org.littleshoot.proxy.impl.ClientToProxyConnection] (LittleProxy-0-ClientToProxyWorker-4) (NEGOTIATING_CONNECT) [id: 0xf02db3b0, L:/0:0:0:0:0:0:0:1:8081 - R:/0:0:0:0:0:0:0:1:49187]: An IOException occurred on ClientToProxyConnection: 현재 연결은 사용자의 호스트 시스템의 소프트웨어의 의해 중단되었습니다 
[INFO  2023-06-27T16:23:21,531 org.littleshoot.proxy.impl.ProxyToServerConnection] (LittleProxy-0-ProxyToServerWorker-4) (DISCONNECTED) [id: 0x71822997, L:0.0.0.0/0.0.0.0:49189]: Connection to upstream server failed java.nio.channels.ClosedChannelException: null
	at io.netty.handler.ssl.SslHandler.channelInactive(...)(Unknown Source) ~[browsermob-dist-2.1.4.jar:?]

