Running BrowserMob Proxy using LittleProxy implementation. To revert to the legacy implementation, run the proxy with the command-line option '--use-littleproxy false'.
[INFO  2023-07-03T19:25:09,447 net.lightbody.bmp.proxy.Main] (main) Starting BrowserMob Proxy version 2.1.4 
[INFO  2023-07-03T19:25:09,480 org.eclipse.jetty.util.log] (main) jetty-7.x.y-SNAPSHOT 
[INFO  2023-07-03T19:25:09,680 org.eclipse.jetty.util.log] (main) started o.e.j.s.ServletContextHandler{/,null} 
[INFO  2023-07-03T19:25:09,784 org.eclipse.jetty.util.log] (main) Started SelectChannelConnector@0.0.0.0:8080 
[INFO  2023-07-03T19:25:10,727 org.littleshoot.proxy.impl.DefaultHttpProxyServer] (qtp530696881-17) Starting proxy at address: 0.0.0.0/0.0.0.0:8081 
[INFO  2023-07-03T19:25:10,755 org.littleshoot.proxy.impl.DefaultHttpProxyServer] (qtp530696881-17) Proxy listening with TCP transport 
[INFO  2023-07-03T19:25:11,072 org.littleshoot.proxy.impl.DefaultHttpProxyServer] (qtp530696881-17) Proxy started at address: /0:0:0:0:0:0:0:0:8081 
[WARN  2023-07-03T19:25:14,707 net.lightbody.bmp.filters.ServerResponseCaptureFilter] (LittleProxy-0-ProxyToServerWorker-4) Cannot decode unsupported content encoding type br 
[WARN  2023-07-03T19:25:14,707 net.lightbody.bmp.filters.HarCaptureFilter] (LittleProxy-0-ProxyToServerWorker-4) Unable to decompress content with encoding: br. Contents will be encoded as base64 binary data. 
[WARN  2023-07-03T19:25:14,750 net.lightbody.bmp.filters.ServerResponseCaptureFilter] (LittleProxy-0-ProxyToServerWorker-5) Cannot decode unsupported content encoding type br 
[WARN  2023-07-03T19:25:14,751 net.lightbody.bmp.filters.HarCaptureFilter] (LittleProxy-0-ProxyToServerWorker-5) Unable to decompress content with encoding: br. Contents will be encoded as base64 binary data. 
[WARN  2023-07-03T19:25:14,804 net.lightbody.bmp.filters.ServerResponseCaptureFilter] (LittleProxy-0-ProxyToServerWorker-3) Cannot decode unsupported content encoding type br 
[WARN  2023-07-03T19:25:14,804 net.lightbody.bmp.filters.HarCaptureFilter] (LittleProxy-0-ProxyToServerWorker-3) Unable to decompress content with encoding: br. Contents will be encoded as base64 binary data. 
[WARN  2023-07-03T19:25:15,393 net.lightbody.bmp.filters.ServerResponseCaptureFilter] (LittleProxy-0-ProxyToServerWorker-5) Cannot decode unsupported content encoding type br 
[WARN  2023-07-03T19:25:15,393 net.lightbody.bmp.filters.HarCaptureFilter] (LittleProxy-0-ProxyToServerWorker-5) Unable to decompress content with encoding: br. Contents will be encoded as base64 binary data. 
[WARN  2023-07-03T19:25:15,750 net.lightbody.bmp.filters.ServerResponseCaptureFilter] (LittleProxy-0-ProxyToServerWorker-5) Cannot decode unsupported content encoding type br 
[WARN  2023-07-03T19:25:15,750 net.lightbody.bmp.filters.HarCaptureFilter] (LittleProxy-0-ProxyToServerWorker-5) Unable to decompress content with encoding: br. Contents will be encoded as base64 binary data. 
[WARN  2023-07-03T19:25:15,761 net.lightbody.bmp.filters.ServerResponseCaptureFilter] (LittleProxy-0-ProxyToServerWorker-4) Cannot decode unsupported content encoding type br 
[WARN  2023-07-03T19:25:15,762 net.lightbody.bmp.filters.HarCaptureFilter] (LittleProxy-0-ProxyToServerWorker-4) Unable to decompress content with encoding: br. Contents will be encoded as base64 binary data. 
[WARN  2023-07-03T19:25:15,897 net.lightbody.bmp.filters.ServerResponseCaptureFilter] (LittleProxy-0-ProxyToServerWorker-5) Cannot decode unsupported content encoding type br 
[WARN  2023-07-03T19:25:15,897 net.lightbody.bmp.filters.HarCaptureFilter] (LittleProxy-0-ProxyToServerWorker-5) Unable to decompress content with encoding: br. Contents will be encoded as base64 binary data. 
[INFO  2023-07-03T19:25:18,227 org.littleshoot.proxy.impl.ClientToProxyConnection] (LittleProxy-0-ClientToProxyWorker-0) (AWAITING_INITIAL) [id: 0x8e8ec63d, L:/0:0:0:0:0:0:0:1:8081 - R:/0:0:0:0:0:0:0:1:2409]: An IOException occurred on ClientToProxyConnection: 현재 연결은 원격 호스트에 의해 강제로 끊겼습니다 
[INFO  2023-07-03T19:25:18,227 org.littleshoot.proxy.impl.ClientToProxyConnection] (LittleProxy-0-ClientToProxyWorker-1) (AWAITING_INITIAL) [id: 0xb34dab72, L:/0:0:0:0:0:0:0:1:8081 - R:/0:0:0:0:0:0:0:1:2344]: An IOException occurred on ClientToProxyConnection: 현재 연결은 원격 호스트에 의해 강제로 끊겼습니다 
[INFO  2023-07-03T19:25:18,227 org.littleshoot.proxy.impl.ClientToProxyConnection] (LittleProxy-0-ClientToProxyWorker-4) (AWAITING_INITIAL) [id: 0xc96e8406, L:/0:0:0:0:0:0:0:1:8081 - R:/0:0:0:0:0:0:0:1:2350]: An IOException occurred on ClientToProxyConnection: 현재 연결은 원격 호스트에 의해 강제로 끊겼습니다 
[INFO  2023-07-03T19:25:18,230 org.littleshoot.proxy.impl.ClientToProxyConnection] (LittleProxy-0-ClientToProxyWorker-2) (AWAITING_INITIAL) [id: 0x0b5fadbb, L:/0:0:0:0:0:0:0:1:8081 - R:/0:0:0:0:0:0:0:1:2345]: An IOException occurred on ClientToProxyConnection: 현재 연결은 원격 호스트에 의해 강제로 끊겼습니다 
[INFO  2023-07-03T19:25:18,230 org.littleshoot.proxy.impl.ClientToProxyConnection] (LittleProxy-0-ClientToProxyWorker-1) (AWAITING_INITIAL) [id: 0xbb094697, L:/0:0:0:0:0:0:0:1:8081 - R:/0:0:0:0:0:0:0:1:2411]: An IOException occurred on ClientToProxyConnection: 현재 연결은 원격 호스트에 의해 강제로 끊겼습니다 
[INFO  2023-07-03T19:25:18,230 org.littleshoot.proxy.impl.ClientToProxyConnection] (LittleProxy-0-ClientToProxyWorker-3) (AWAITING_INITIAL) [id: 0x0de3f95f, L:/0:0:0:0:0:0:0:1:8081 - R:/0:0:0:0:0:0:0:1:2349]: An IOException occurred on ClientToProxyConnection: 현재 연결은 원격 호스트에 의해 강제로 끊겼습니다 
[INFO  2023-07-03T19:25:18,231 org.littleshoot.proxy.impl.ClientToProxyConnection] (LittleProxy-0-ClientToProxyWorker-2) (AWAITING_INITIAL) [id: 0x119ebd07, L:/0:0:0:0:0:0:0:1:8081 - R:/0:0:0:0:0:0:0:1:2376]: An IOException occurred on ClientToProxyConnection: 현재 연결은 원격 호스트에 의해 강제로 끊겼습니다 
[INFO  2023-07-03T19:25:18,231 org.littleshoot.proxy.impl.ClientToProxyConnection] (LittleProxy-0-ClientToProxyWorker-5) (AWAITING_INITIAL) [id: 0x06249578, L:/0:0:0:0:0:0:0:1:8081 - R:/0:0:0:0:0:0:0:1:2351]: An IOException occurred on ClientToProxyConnection: 현재 연결은 원격 호스트에 의해 강제로 끊겼습니다 
[INFO  2023-07-03T19:25:18,231 org.littleshoot.proxy.impl.ClientToProxyConnection] (LittleProxy-0-ClientToProxyWorker-3) (AWAITING_INITIAL) [id: 0xb78faf4e, L:/0:0:0:0:0:0:0:1:8081 - R:/0:0:0:0:0:0:0:1:2414]: An IOException occurred on ClientToProxyConnection: 현재 연결은 원격 호스트에 의해 강제로 끊겼습니다 
[INFO  2023-07-03T19:25:18,232 org.littleshoot.proxy.impl.ClientToProxyConnection] (LittleProxy-0-ClientToProxyWorker-0) (AWAITING_INITIAL) [id: 0xbdfbb337, L:/0:0:0:0:0:0:0:1:8081 - R:/0:0:0:0:0:0:0:1:2354]: An IOException occurred on ClientToProxyConnection: 현재 연결은 원격 호스트에 의해 강제로 끊겼습니다 
[INFO  2023-07-03T19:25:18,232 org.littleshoot.proxy.impl.ClientToProxyConnection] (LittleProxy-0-ClientToProxyWorker-7) (AWAITING_INITIAL) [id: 0x5453c73e, L:/0:0:0:0:0:0:0:1:8081 - R:/0:0:0:0:0:0:0:1:2353]: An IOException occurred on ClientToProxyConnection: 현재 연결은 원격 호스트에 의해 강제로 끊겼습니다 
[INFO  2023-07-03T19:25:18,233 org.littleshoot.proxy.impl.ClientToProxyConnection] (LittleProxy-0-ClientToProxyWorker-4) (AWAITING_INITIAL) [id: 0xdeb857be, L:/0:0:0:0:0:0:0:1:8081 - R:/0:0:0:0:0:0:0:1:2366]: An IOException occurred on ClientToProxyConnection: 현재 연결은 원격 호스트에 의해 강제로 끊겼습니다 
[INFO  2023-07-03T19:25:18,234 org.littleshoot.proxy.impl.ClientToProxyConnection] (LittleProxy-0-ClientToProxyWorker-5) (AWAITING_INITIAL) [id: 0xb1f20286, L:/0:0:0:0:0:0:0:1:8081 - R:/0:0:0:0:0:0:0:1:2367]: An IOException occurred on ClientToProxyConnection: 현재 연결은 원격 호스트에 의해 강제로 끊겼습니다 
[INFO  2023-07-03T19:25:18,236 org.littleshoot.proxy.impl.ClientToProxyConnection] (LittleProxy-0-ClientToProxyWorker-3) (AWAITING_INITIAL) [id: 0xf0ac2d63, L:/0:0:0:0:0:0:0:1:8081 - R:/0:0:0:0:0:0:0:1:2365]: An IOException occurred on ClientToProxyConnection: 현재 연결은 원격 호스트에 의해 강제로 끊겼습니다 
[INFO  2023-07-03T19:25:18,236 org.littleshoot.proxy.impl.ClientToProxyConnection] (LittleProxy-0-ClientToProxyWorker-7) (AWAITING_INITIAL) [id: 0xa30f1228, L:/0:0:0:0:0:0:0:1:8081 - R:/0:0:0:0:0:0:0:1:2373]: An IOException occurred on ClientToProxyConnection: 현재 연결은 원격 호스트에 의해 강제로 끊겼습니다 
[INFO  2023-07-03T19:25:18,236 org.littleshoot.proxy.impl.ClientToProxyConnection] (LittleProxy-0-ClientToProxyWorker-1) (AWAITING_INITIAL) [id: 0x8fa44e3c, L:/0:0:0:0:0:0:0:1:8081 - R:/0:0:0:0:0:0:0:1:2375]: An IOException occurred on ClientToProxyConnection: 현재 연결은 원격 호스트에 의해 강제로 끊겼습니다 
[INFO  2023-07-03T19:25:18,237 org.littleshoot.proxy.impl.ClientToProxyConnection] (LittleProxy-0-ClientToProxyWorker-1) (AWAITING_INITIAL) [id: 0x5e0d9646, L:/0:0:0:0:0:0:0:1:8081 - R:/0:0:0:0:0:0:0:1:2362]: An IOException occurred on ClientToProxyConnection: 현재 연결은 원격 호스트에 의해 강제로 끊겼습니다 
[INFO  2023-07-03T19:25:18,237 org.littleshoot.proxy.impl.ClientToProxyConnection] (LittleProxy-0-ClientToProxyWorker-3) (AWAITING_INITIAL) [id: 0xaeedb3ff, L:/0:0:0:0:0:0:0:1:8081 - R:/0:0:0:0:0:0:0:1:2377]: An IOException occurred on ClientToProxyConnection: 현재 연결은 원격 호스트에 의해 강제로 끊겼습니다 
[INFO  2023-07-03T19:25:18,238 org.littleshoot.proxy.impl.ClientToProxyConnection] (LittleProxy-0-ClientToProxyWorker-2) (AWAITING_INITIAL) [id: 0x83aa29ea, L:/0:0:0:0:0:0:0:1:8081 - R:/0:0:0:0:0:0:0:1:2396]: An IOException occurred on ClientToProxyConnection: 현재 연결은 원격 호스트에 의해 강제로 끊겼습니다 
[INFO  2023-07-03T19:25:18,238 org.littleshoot.proxy.impl.ClientToProxyConnection] (LittleProxy-0-ClientToProxyWorker-0) (AWAITING_INITIAL) [id: 0xb0a060b3, L:/0:0:0:0:0:0:0:1:8081 - R:/0:0:0:0:0:0:0:1:2374]: An IOException occurred on ClientToProxyConnection: 현재 연결은 원격 호스트에 의해 강제로 끊겼습니다 
[INFO  2023-07-03T19:25:18,238 org.littleshoot.proxy.impl.ClientToProxyConnection] (LittleProxy-0-ClientToProxyWorker-5) (AWAITING_INITIAL) [id: 0x89568a05, L:/0:0:0:0:0:0:0:1:8081 - R:/0:0:0:0:0:0:0:1:2419]: An IOException occurred on ClientToProxyConnection: 현재 연결은 원격 호스트에 의해 강제로 끊겼습니다 
[INFO  2023-07-03T19:25:18,238 org.littleshoot.proxy.impl.ClientToProxyConnection] (LittleProxy-0-ClientToProxyWorker-7) (AWAITING_INITIAL) [id: 0x18223c62, L:/0:0:0:0:0:0:0:1:8081 - R:/0:0:0:0:0:0:0:1:2406]: An IOException occurred on ClientToProxyConnection: 현재 연결은 원격 호스트에 의해 강제로 끊겼습니다 
[INFO  2023-07-03T19:25:18,239 org.littleshoot.proxy.impl.ClientToProxyConnection] (LittleProxy-0-ClientToProxyWorker-2) (AWAITING_INITIAL) [id: 0x3f33c976, L:/0:0:0:0:0:0:0:1:8081 - R:/0:0:0:0:0:0:0:1:2413]: An IOException occurred on ClientToProxyConnection: 현재 연결은 원격 호스트에 의해 강제로 끊겼습니다 
[INFO  2023-07-03T19:25:18,239 org.littleshoot.proxy.impl.ClientToProxyConnection] (LittleProxy-0-ClientToProxyWorker-2) (AWAITING_INITIAL) [id: 0xca08c5cc, L:/0:0:0:0:0:0:0:1:8081 - R:/0:0:0:0:0:0:0:1:2364]: An IOException occurred on ClientToProxyConnection: 현재 연결은 원격 호스트에 의해 강제로 끊겼습니다 
[INFO  2023-07-03T19:25:18,240 org.littleshoot.proxy.impl.ClientToProxyConnection] (LittleProxy-0-ClientToProxyWorker-0) (AWAITING_INITIAL) [id: 0xffa0072f, L:/0:0:0:0:0:0:0:1:8081 - R:/0:0:0:0:0:0:0:1:2392]: An IOException occurred on ClientToProxyConnection: 현재 연결은 원격 호스트에 의해 강제로 끊겼습니다 
[INFO  2023-07-03T19:25:18,241 org.littleshoot.proxy.impl.ClientToProxyConnection] (LittleProxy-0-ClientToProxyWorker-3) (AWAITING_INITIAL) [id: 0xa41e8b3a, L:/0:0:0:0:0:0:0:1:8081 - R:/0:0:0:0:0:0:0:1:2399]: An IOException occurred on ClientToProxyConnection: 현재 연결은 원격 호스트에 의해 강제로 끊겼습니다 
[INFO  2023-07-03T19:25:18,242 org.littleshoot.proxy.impl.ClientToProxyConnection] (LittleProxy-0-ClientToProxyWorker-4) (AWAITING_INITIAL) [id: 0x3d574e38, L:/0:0:0:0:0:0:0:1:8081 - R:/0:0:0:0:0:0:0:1:2400]: An IOException occurred on ClientToProxyConnection: 현재 연결은 원격 호스트에 의해 강제로 끊겼습니다 
[INFO  2023-07-03T19:25:18,242 org.littleshoot.proxy.impl.ClientToProxyConnection] (LittleProxy-0-ClientToProxyWorker-5) (AWAITING_INITIAL) [id: 0x021d642b, L:/0:0:0:0:0:0:0:1:8081 - R:/0:0:0:0:0:0:0:1:2403]: An IOException occurred on ClientToProxyConnection: 현재 연결은 원격 호스트에 의해 강제로 끊겼습니다 
[INFO  2023-07-03T19:25:18,242 org.littleshoot.proxy.impl.ClientToProxyConnection] (LittleProxy-0-ClientToProxyWorker-4) (AWAITING_INITIAL) [id: 0x43e29e41, L:/0:0:0:0:0:0:0:1:8081 - R:/0:0:0:0:0:0:0:1:2417]: An IOException occurred on ClientToProxyConnection: 현재 연결은 원격 호스트에 의해 강제로 끊겼습니다 
[INFO  2023-07-03T19:25:18,261 org.littleshoot.proxy.impl.ClientToProxyConnection] (LittleProxy-0-ClientToProxyWorker-6) (AWAITING_INITIAL) [id: 0xaddc0a88, L:/0:0:0:0:0:0:0:1:8081 - R:/0:0:0:0:0:0:0:1:2352]: An IOException occurred on ClientToProxyConnection: 현재 연결은 원격 호스트에 의해 강제로 끊겼습니다 
[INFO  2023-07-03T19:25:18,261 org.littleshoot.proxy.impl.ClientToProxyConnection] (LittleProxy-0-ClientToProxyWorker-6) (AWAITING_INITIAL) [id: 0x78a3d6ba, L:/0:0:0:0:0:0:0:1:8081 - R:/0:0:0:0:0:0:0:1:2372]: An IOException occurred on ClientToProxyConnection: 현재 연결은 원격 호스트에 의해 강제로 끊겼습니다 
[INFO  2023-07-03T19:25:18,261 org.littleshoot.proxy.impl.ClientToProxyConnection] (LittleProxy-0-ClientToProxyWorker-6) (NEGOTIATING_CONNECT) [id: 0xd8dc6d53, L:/0:0:0:0:0:0:0:1:8081 - R:/0:0:0:0:0:0:0:1:2421]: An IOException occurred on ClientToProxyConnection: 현재 연결은 원격 호스트에 의해 강제로 끊겼습니다 
[INFO  2023-07-03T19:25:18,265 org.littleshoot.proxy.impl.ProxyToServerConnection] (LittleProxy-0-ProxyToServerWorker-6) (HANDSHAKING) [id: 0x2f85cf59, L:0.0.0.0/0.0.0.0:2422 ! R:tag-deepad.lpoint.com/142.250.206.211:443]: Connection to upstream server failed java.nio.channels.ClosedChannelException: null
	at io.netty.handler.ssl.SslHandler.channelInactive(...)(Unknown Source) ~[browsermob-dist-2.1.4.jar:?]

