








[19:21|   ERROR| Crawl_Lotte.py:574] LOTTE 크롤링 중 오류발생!
[19:21|   ERROR| Crawl_Lotte.py:575] 오류 내용! Browsermob-Proxy binary couldn't be found in path provided: C://Crawlling2//browsermob-proxy-2.1.4//bin//browsermob-proxy.bat
[19:23|    INFO| Crawl_Lotte.py: 61] =======================================================================================================================
[19:23|    INFO| Crawl_Lotte.py: 62] 영화 / 현재상영작(https://www.lottecinema.co.kr/NLCHS/Movie/List?flag=1),                                              
[19:23|    INFO| Crawl_Lotte.py: 63] 영화 / 상영예정작(https://www.lottecinema.co.kr/NLCHS/Movie/List?flag=5) 에서 영화데이터를 가지고 온다. (dicMovieData) 
[19:23|    INFO| Crawl_Lotte.py: 64] -----------------------------------------------------------------------------------------------------------------------
[19:23|    INFO| Crawl_Lotte.py: 68] -------------------------------------------------------------------------------
[19:23|    INFO| Crawl_Lotte.py: 69] no, 코드, 영화명, 장르, 예매, 개봉일, 관람등급
[19:23|    INFO| Crawl_Lotte.py: 70] -------------------------------------------------------------------------------
[19:23|    INFO| Crawl_Lotte.py:103] 1 : 19438,엘리멘탈,애니메이션,Y,20230614,전체관람가
[19:23|    INFO| Crawl_Lotte.py:103] 2 : 19962,인디아나 존스: 운명의 다이얼,어드벤쳐,Y,20230628,만12세이상관람가
[19:23|    INFO| Crawl_Lotte.py:103] 3 : 19803,범죄도시3,범죄,Y,20230531,만15세이상관람가
[19:23|    INFO| Crawl_Lotte.py:103] 4 : 19775,스파이더맨: 어크로스 더 유니버스,애니메이션,Y,20230621,전체관람가
[19:23|    INFO| Crawl_Lotte.py:103] 5 : 19864,귀공자,액션,Y,20230621,청소년관람불가
[19:23|    INFO| Crawl_Lotte.py:103] 6 : 12900,미션 임파서블: 폴아웃,액션,Y,20180725,만15세이상관람가
[19:23|    INFO| Crawl_Lotte.py:103] 7 : 17726,여름날 우리,코미디,Y,20230628,만12세이상관람가
[19:23|    INFO| Crawl_Lotte.py:103] 8 : 19869,라방,드라마,Y,20230628,청소년관람불가
[19:23|    INFO| Crawl_Lotte.py:103] 9 : 19621,수라,다큐멘터리,Y,20230621,전체관람가
[19:23|    INFO| Crawl_Lotte.py:103] 10 : 19832,파이어하트,애니메이션,Y,20230628,전체관람가
[19:23|    INFO| Crawl_Lotte.py:103] 11 : 19875,애스터로이드 시티,드라마,Y,20230628,만12세이상관람가
[19:23|    INFO| Crawl_Lotte.py:103] 12 : 19972,만해 한용운 님의침묵,드라마,Y,20230629,만15세이상관람가
[19:23|    INFO| Crawl_Lotte.py:103] 13 : 19907,플래시,액션,Y,20230614,만12세이상관람가
[19:23|    INFO| Crawl_Lotte.py:103] 14 : 19888,하나님의 마음,드라마,Y,20230628,만12세이상관람가
[19:23|    INFO| Crawl_Lotte.py:103] 15 : 19776,가디언즈 오브 갤럭시: Volume 3,액션,Y,20230503,만12세이상관람가
[19:23|    INFO| Crawl_Lotte.py:103] 16 : 19850,트랜스포머: 비스트의 서막,액션,Y,20230606,만12세이상관람가
[19:23|    INFO| Crawl_Lotte.py:103] 17 : 19874,인어공주,뮤지컬,Y,20230524,전체관람가
[19:23|    INFO| Crawl_Lotte.py:103] 18 : 12523,곤지암,공포(호러),Y,20180328,만15세이상관람가
[19:23|    INFO| Crawl_Lotte.py:103] 19 : 19831,너의 눈을 들여다보면,드라마,Y,20230614,전체관람가
[19:23|    INFO| Crawl_Lotte.py:103] 20 : 17630,랑종,공포(호러),Y,20210714,청소년관람불가
[19:23|    INFO| Crawl_Lotte.py:103] 21 : 19882,206: 사라지지 않는,다큐멘터리,Y,20230621,만12세이상관람가
[19:23|    INFO| Crawl_Lotte.py:103] 22 : 19976,룸 203,공포(호러),Y,20230628,만15세이상관람가
[19:23|    INFO| Crawl_Lotte.py:103] 23 : 19956,살롱 드 서울,드라마,Y,20230621,만15세이상관람가
[19:23|    INFO| Crawl_Lotte.py:103] 24 : 19481,스즈메의 문단속,애니메이션,Y,20230308,만12세이상관람가
[19:23|    INFO| Crawl_Lotte.py:103] 25 : 19893,엽문의 시작,액션,Y,20230623,만15세이상관람가
[19:23|    INFO| Crawl_Lotte.py:103] 26 : 19786,분노의 질주: 라이드 오어 다이,액션,Y,20230517,만15세이상관람가
[19:23|    INFO| Crawl_Lotte.py:103] 27 : 19891,손,공포(호러),Y,20230621,만15세이상관람가
[19:23|    INFO| Crawl_Lotte.py:103] 28 : 19903,인드림,액션,Y,20230621,청소년관람불가
[19:23|    INFO| Crawl_Lotte.py:103] 29 : 19764,포켓 몬스터 DP: 아르세우스 초극의 시공으로,애니메이션,Y,20230531,전체관람가
[19:23|    INFO| Crawl_Lotte.py:103] 30 : 19890,악마들,액션,Y,20230705,청소년관람불가
[19:23|    INFO| Crawl_Lotte.py:103] 31 : 19862,빈틈없는 사이,멜로/로맨스,Y,20230705,만15세이상관람가
[19:23|    INFO| Crawl_Lotte.py:103] 32 : 19942,풍재기시,범죄,Y,20230705,만15세이상관람가
[19:23|    INFO| Crawl_Lotte.py:103] 33 : 19887,보 이즈 어프레이드,어드벤쳐,Y,20230705,청소년관람불가
[19:23|    INFO| Crawl_Lotte.py:103] 34 : 19876,1986 그 여름, 그리고 고등어통조림,드라마,Y,20230705,만12세이상관람가
[19:23|    INFO| Crawl_Lotte.py:103] 35 : 19894,플래닛,SF,Y,20230705,만12세이상관람가
[19:23|    INFO| Crawl_Lotte.py:103] 36 : 19203,기적을 믿는 소녀,드라마,Y,20230705,전체관람가
[19:23|    INFO| Crawl_Lotte.py:103] 37 : 19902,엔니오: 더 마에스트로,다큐멘터리,Y,20230705,만12세이상관람가
[19:23|    INFO| Crawl_Lotte.py:103] 38 : 19855,어디로 가고 싶으신가요,드라마,Y,20230705,만12세이상관람가
[19:23|    INFO| Crawl_Lotte.py:103] 39 : 19949,군산전기,다큐멘터리,Y,20230706,전체관람가
[19:23|    INFO| Crawl_Lotte.py:103] 40 : 20034,2022 심규선 단독 콘서트 [밤의 정원: 앙코르],공연,Y,20230708,전체관람가
[19:23|    INFO| Crawl_Lotte.py:103] 41 : 20006,V-llage 1st Live Concert ~ First Step ~,,Y,20230708,전체관람가
[19:23|    INFO| Crawl_Lotte.py:103] 42 : 20002,미션 임파서블: 데드 레코닝 PART ONE,액션,Y,20230712,만15세이상관람가
[19:23|    INFO| Crawl_Lotte.py:103] 43 : 19971,작은정원,다큐멘터리,N,20230712,전체관람가
[19:23|    INFO| Crawl_Lotte.py:103] 44 : 19815,슬기로운 아내 수업,코미디,N,20230712,만12세이상관람가
[19:23|    INFO| Crawl_Lotte.py:103] 45 : 20009,극장판 아름다운 그: 이터널,멜로/로맨스,N,20230712,만15세이상관람가
[19:23|    INFO| Crawl_Lotte.py:103] 46 : 19958,디어 마이 러브,멜로/로맨스,N,20230712,전체관람가
[19:23|    INFO| Crawl_Lotte.py:103] 47 : 19960,비밀의 언덕,드라마,N,20230712,관람등급미정
[19:23|    INFO| Crawl_Lotte.py:103] 48 : 19961,좋.댓.구,코미디,N,20230712,만15세이상관람가
[19:23|    INFO| Crawl_Lotte.py:103] 49 : 19951,극장판 피노키오 위대한 모험,애니메이션,N,20230713,전체관람가
[19:23|    INFO| Crawl_Lotte.py:103] 50 : 19957,더 썬,드라마,N,20230719,만15세이상관람가
[19:23|    INFO| Crawl_Lotte.py:103] 51 : 19967,보통의 카스미,드라마,N,20230719,만12세이상관람가
[19:23|    INFO| Crawl_Lotte.py:103] 52 : 20015,러브 라이프,드라마,N,20230719,만12세이상관람가
[19:23|    INFO| Crawl_Lotte.py:103] 53 : 20019,그녀가 좋아하는 것은,멜로/로맨스,N,20230719,만15세이상관람가
[19:23|    INFO| Crawl_Lotte.py:103] 54 : 20003,인시디어스: 빨간 문,공포(호러),N,20230719,관람등급미정
[19:23|    INFO| Crawl_Lotte.py:103] 55 : 20010,차선변경-큐폴라를 올려다보며-,드라마,N,20230720,전체관람가
[19:23|    INFO| Crawl_Lotte.py:103] 56 : 20011,슈퍼 키드 헤일리,애니메이션,N,20230720,전체관람가
[19:23|    INFO| Crawl_Lotte.py:103] 57 : 20012,명탐정코난: 흑철의 어영,애니메이션,N,20230720,만12세이상관람가
[19:23|    INFO| Crawl_Lotte.py:103] 58 : 19938,아버지의 마음,다큐멘터리,N,20230720,전체관람가
[19:23|    INFO| Crawl_Lotte.py:103] 59 : 20039,극장판 슈퍼윙스: 맥시멈 스피드,애니메이션,N,20230720,전체관람가
[19:23|    INFO| Crawl_Lotte.py:103] 60 : 20027,틴에이지 크라켄 루비,애니메이션,N,20230725,전체관람가
[19:23|    INFO| Crawl_Lotte.py:103] 61 : 20013,비닐하우스,범죄,N,20230726,만15세이상관람가
[19:23|    INFO| Crawl_Lotte.py:103] 62 : 19782,밀수,범죄,N,20230726,만15세이상관람가
[19:23|    INFO| Crawl_Lotte.py:103] 63 : 19977,블레이즈,드라마,N,20230731,만15세이상관람가
[19:23|    INFO| Crawl_Lotte.py:103] 64 : 19994,비공식작전,드라마,N,20230802,관람등급미정
[19:23|    INFO| Crawl_Lotte.py:103] 65 : 19825,더 문,SF,N,20230802,관람등급미정
[19:23|    INFO| Crawl_Lotte.py:103] 66 : 19974,콘크리트 유토피아,드라마,N,20230809,관람등급미정
[19:23|    INFO| Crawl_Lotte.py:103] 67 : 20031,오펜하이머,스릴러,N,20230815,관람등급미정
[19:23|    INFO| Crawl_Lotte.py:103] 68 : 20017,퀴어 마이 프렌즈,다큐멘터리,N,20230831,관람등급미정
[19:23|    INFO| Crawl_Lotte.py:103] 69 : 20018,다섯 번째 흉추,드라마,N,20230831,만15세이상관람가
[19:23|    INFO| Crawl_Lotte.py:103] 70 : 19516,1947 보스톤,드라마,N,20230930,관람등급미정
[19:23|    INFO| Crawl_Lotte.py:103] 71 : 19729,프리 철수 리,다큐멘터리,N,20230930,관람등급미정
[19:23|    INFO| Crawl_Lotte.py:121] =========================================================================================
[19:23|    INFO| Crawl_Lotte.py:122] 영화관 (https://www.lottecinema.co.kr/NLCHS/) 에서 극장데이터를 가지고 온다. (dicCinemas)
[19:23|    INFO| Crawl_Lotte.py:123] -----------------------------------------------------------------------------------------
[19:23|    INFO| Crawl_Lotte.py:173] -------------------------------------
[19:23|    INFO| Crawl_Lotte.py:174]  코드, 스페셜관, 정렬일련번호, 극장명
[19:23|    INFO| Crawl_Lotte.py:175] -------------------------------------
[19:23|    INFO| Crawl_Lotte.py:178] 300 : Y,2,샤롯데,https://www.lottecinema.co.kr/NLCHS/Cinema/SpecialCinema?divisionCode=2&screendivcd=300
[19:23|    INFO| Crawl_Lotte.py:178] 940 : Y,3,수퍼플렉스,https://www.lottecinema.co.kr/NLCHS/Cinema/SpecialCinema?divisionCode=2&screendivcd=940
[19:23|    INFO| Crawl_Lotte.py:178] 980 : Y,4,수퍼 S,https://www.lottecinema.co.kr/NLCHS/Cinema/SpecialCinema?divisionCode=2&screendivcd=980
[19:23|    INFO| Crawl_Lotte.py:178] 930 : Y,5,수퍼 4D,https://www.lottecinema.co.kr/NLCHS/Cinema/SpecialCinema?divisionCode=2&screendivcd=930
[19:23|    INFO| Crawl_Lotte.py:178] 988 : Y,6,컬러리움,https://www.lottecinema.co.kr/NLCHS/Cinema/SpecialCinema?divisionCode=2&screendivcd=988
[19:23|    INFO| Crawl_Lotte.py:178] 986 : Y,7,씨네컴포트(리클라이너),https://www.lottecinema.co.kr/NLCHS/Cinema/SpecialCinema?divisionCode=2&screendivcd=986
[19:23|    INFO| Crawl_Lotte.py:178] 960 : Y,8,씨네패밀리,https://www.lottecinema.co.kr/NLCHS/Cinema/SpecialCinema?divisionCode=2&screendivcd=960
[19:23|    INFO| Crawl_Lotte.py:178] 200 : Y,9,씨네커플,https://www.lottecinema.co.kr/NLCHS/Cinema/SpecialCinema?divisionCode=2&screendivcd=200
[19:23|    INFO| Crawl_Lotte.py:178] 950 : Y,10,씨네비즈,https://www.lottecinema.co.kr/NLCHS/Cinema/SpecialCinema?divisionCode=2&screendivcd=950
[19:23|    INFO| Crawl_Lotte.py:178] 1013 : N,11,가산디지털,https://www.lottecinema.co.kr/NLCHS/Cinema/Detail?divisionCode=1&detailDivisionCode=1&cinemaID=1013
[19:23|    INFO| Crawl_Lotte.py:178] 9094 : N,12,가양,https://www.lottecinema.co.kr/NLCHS/Cinema/Detail?divisionCode=1&detailDivisionCode=1&cinemaID=9094
[19:23|    INFO| Crawl_Lotte.py:178] 9010 : N,13,강동,https://www.lottecinema.co.kr/NLCHS/Cinema/Detail?divisionCode=1&detailDivisionCode=1&cinemaID=9010
[19:23|    INFO| Crawl_Lotte.py:178] 1004 : N,14,건대입구,https://www.lottecinema.co.kr/NLCHS/Cinema/Detail?divisionCode=1&detailDivisionCode=1&cinemaID=1004
[19:23|    INFO| Crawl_Lotte.py:178] 1009 : N,15,김포공항,https://www.lottecinema.co.kr/NLCHS/Cinema/Detail?divisionCode=1&detailDivisionCode=1&cinemaID=1009
[19:23|    INFO| Crawl_Lotte.py:178] 1003 : N,16,노원,https://www.lottecinema.co.kr/NLCHS/Cinema/Detail?divisionCode=1&detailDivisionCode=1&cinemaID=1003
[19:23|    INFO| Crawl_Lotte.py:178] 1023 : N,17,도곡,https://www.lottecinema.co.kr/NLCHS/Cinema/Detail?divisionCode=1&detailDivisionCode=1&cinemaID=1023
[19:23|    INFO| Crawl_Lotte.py:178] 1017 : N,18,독산,https://www.lottecinema.co.kr/NLCHS/Cinema/Detail?divisionCode=1&detailDivisionCode=1&cinemaID=1017
[19:23|    INFO| Crawl_Lotte.py:178] 9056 : N,19,브로드웨이(신사),https://www.lottecinema.co.kr/NLCHS/Cinema/Detail?divisionCode=1&detailDivisionCode=1&cinemaID=9056
[19:23|    INFO| Crawl_Lotte.py:178] 1012 : N,20,서울대입구,https://www.lottecinema.co.kr/NLCHS/Cinema/Detail?divisionCode=1&detailDivisionCode=1&cinemaID=1012
[19:23|    INFO| Crawl_Lotte.py:178] 9099 : N,21,수락산,https://www.lottecinema.co.kr/NLCHS/Cinema/Detail?divisionCode=1&detailDivisionCode=1&cinemaID=9099
[19:23|    INFO| Crawl_Lotte.py:178] 9104 : N,22,수유,https://www.lottecinema.co.kr/NLCHS/Cinema/Detail?divisionCode=1&detailDivisionCode=1&cinemaID=9104
[19:23|    INFO| Crawl_Lotte.py:178] 1024 : N,23,신대방(구로디지털역),https://www.lottecinema.co.kr/NLCHS/Cinema/Detail?divisionCode=1&detailDivisionCode=1&cinemaID=1024
[19:23|    INFO| Crawl_Lotte.py:178] 1015 : N,24,신도림,https://www.lottecinema.co.kr/NLCHS/Cinema/Detail?divisionCode=1&detailDivisionCode=1&cinemaID=1015
[19:23|    INFO| Crawl_Lotte.py:178] 1007 : N,25,신림,https://www.lottecinema.co.kr/NLCHS/Cinema/Detail?divisionCode=1&detailDivisionCode=1&cinemaID=1007
[19:23|    INFO| Crawl_Lotte.py:178] 1001 : N,26,에비뉴엘(명동),https://www.lottecinema.co.kr/NLCHS/Cinema/Detail?divisionCode=1&detailDivisionCode=1&cinemaID=1001
[19:23|    INFO| Crawl_Lotte.py:178] 1002 : N,27,영등포,https://www.lottecinema.co.kr/NLCHS/Cinema/Detail?divisionCode=1&detailDivisionCode=1&cinemaID=1002
[19:23|    INFO| Crawl_Lotte.py:178] 1014 : N,28,용산,https://www.lottecinema.co.kr/NLCHS/Cinema/Detail?divisionCode=1&detailDivisionCode=1&cinemaID=1014
[19:23|    INFO| Crawl_Lotte.py:178] 1016 : N,29,월드타워,https://www.lottecinema.co.kr/NLCHS/Cinema/Detail?divisionCode=1&detailDivisionCode=1&cinemaID=1016
[19:23|    INFO| Crawl_Lotte.py:178] 1021 : N,30,은평(롯데몰),https://www.lottecinema.co.kr/NLCHS/Cinema/Detail?divisionCode=1&detailDivisionCode=1&cinemaID=1021
[19:23|    INFO| Crawl_Lotte.py:178] 9083 : N,31,중랑,https://www.lottecinema.co.kr/NLCHS/Cinema/Detail?divisionCode=1&detailDivisionCode=1&cinemaID=9083
[19:23|    INFO| Crawl_Lotte.py:178] 1008 : N,32,청량리,https://www.lottecinema.co.kr/NLCHS/Cinema/Detail?divisionCode=1&detailDivisionCode=1&cinemaID=1008
[19:23|    INFO| Crawl_Lotte.py:178] 1010 : N,33,합정,https://www.lottecinema.co.kr/NLCHS/Cinema/Detail?divisionCode=1&detailDivisionCode=1&cinemaID=1010
[19:23|    INFO| Crawl_Lotte.py:178] 1005 : N,34,홍대입구,https://www.lottecinema.co.kr/NLCHS/Cinema/Detail?divisionCode=1&detailDivisionCode=1&cinemaID=1005
[19:23|    INFO| Crawl_Lotte.py:178] 3030 : N,35,광교아울렛,https://www.lottecinema.co.kr/NLCHS/Cinema/Detail?divisionCode=1&detailDivisionCode=2&cinemaID=3030
[19:23|    INFO| Crawl_Lotte.py:178] 3027 : N,36,광명(광명사거리),https://www.lottecinema.co.kr/NLCHS/Cinema/Detail?divisionCode=1&detailDivisionCode=2&cinemaID=3027
[19:23|    INFO| Crawl_Lotte.py:178] 3025 : N,37,광명아울렛,https://www.lottecinema.co.kr/NLCHS/Cinema/Detail?divisionCode=1&detailDivisionCode=2&cinemaID=3025
[19:23|    INFO| Crawl_Lotte.py:178] 3020 : N,38,광주터미널,https://www.lottecinema.co.kr/NLCHS/Cinema/Detail?divisionCode=1&detailDivisionCode=2&cinemaID=3020
[19:23|    INFO| Crawl_Lotte.py:178] 3026 : N,39,구리아울렛,https://www.lottecinema.co.kr/NLCHS/Cinema/Detail?divisionCode=1&detailDivisionCode=2&cinemaID=3026
[19:23|    INFO| Crawl_Lotte.py:178] 3048 : N,40,동탄,https://www.lottecinema.co.kr/NLCHS/Cinema/Detail?divisionCode=1&detailDivisionCode=2&cinemaID=3048
[19:23|    INFO| Crawl_Lotte.py:178] 9095 : N,41,라페스타,https://www.lottecinema.co.kr/NLCHS/Cinema/Detail?divisionCode=1&detailDivisionCode=2&cinemaID=9095
[19:23|    INFO| Crawl_Lotte.py:178] 3021 : N,42,마석,https://www.lottecinema.co.kr/NLCHS/Cinema/Detail?divisionCode=1&detailDivisionCode=2&cinemaID=3021
[19:23|    INFO| Crawl_Lotte.py:178] 3046 : N,43,별내,https://www.lottecinema.co.kr/NLCHS/Cinema/Detail?divisionCode=1&detailDivisionCode=2&cinemaID=3046
[19:23|    INFO| Crawl_Lotte.py:178] 3017 : N,44,병점,https://www.lottecinema.co.kr/NLCHS/Cinema/Detail?divisionCode=1&detailDivisionCode=2&cinemaID=3017
[19:23|    INFO| Crawl_Lotte.py:178] 3011 : N,45,부천(신중동역),https://www.lottecinema.co.kr/NLCHS/Cinema/Detail?divisionCode=1&detailDivisionCode=2&cinemaID=3011
[19:23|    INFO| Crawl_Lotte.py:178] 9054 : N,46,부천역,https://www.lottecinema.co.kr/NLCHS/Cinema/Detail?divisionCode=1&detailDivisionCode=2&cinemaID=9054
[19:23|    INFO| Crawl_Lotte.py:178] 3003 : N,47,부평,https://www.lottecinema.co.kr/NLCHS/Cinema/Detail?divisionCode=1&detailDivisionCode=2&cinemaID=3003
[19:23|    INFO| Crawl_Lotte.py:178] 3050 : N,48,부평갈산,https://www.lottecinema.co.kr/NLCHS/Cinema/Detail?divisionCode=1&detailDivisionCode=2&cinemaID=3050
[19:23|    INFO| Crawl_Lotte.py:178] 3008 : N,49,부평역사,https://www.lottecinema.co.kr/NLCHS/Cinema/Detail?divisionCode=1&detailDivisionCode=2&cinemaID=3008
[19:23|    INFO| Crawl_Lotte.py:178] 3045 : N,50,북수원(천천동),https://www.lottecinema.co.kr/NLCHS/Cinema/Detail?divisionCode=1&detailDivisionCode=2&cinemaID=3045
[19:23|    INFO| Crawl_Lotte.py:178] 3031 : N,51,산본피트인,https://www.lottecinema.co.kr/NLCHS/Cinema/Detail?divisionCode=1&detailDivisionCode=2&cinemaID=3031
[19:23|    INFO| Crawl_Lotte.py:178] 3043 : N,52,서수원,https://www.lottecinema.co.kr/NLCHS/Cinema/Detail?divisionCode=1&detailDivisionCode=2&cinemaID=3043
[19:23|    INFO| Crawl_Lotte.py:178] 3041 : N,53,성남중앙(신흥역),https://www.lottecinema.co.kr/NLCHS/Cinema/Detail?divisionCode=1&detailDivisionCode=2&cinemaID=3041
[19:23|    INFO| Crawl_Lotte.py:178] 3012 : N,54,센트럴락,https://www.lottecinema.co.kr/NLCHS/Cinema/Detail?divisionCode=1&detailDivisionCode=2&cinemaID=3012
[19:23|    INFO| Crawl_Lotte.py:178] 3029 : N,55,송탄,https://www.lottecinema.co.kr/NLCHS/Cinema/Detail?divisionCode=1&detailDivisionCode=2&cinemaID=3029
[19:23|    INFO| Crawl_Lotte.py:178] 3024 : N,56,수원(수원역),https://www.lottecinema.co.kr/NLCHS/Cinema/Detail?divisionCode=1&detailDivisionCode=2&cinemaID=3024
[19:23|    INFO| Crawl_Lotte.py:178] 3044 : N,57,수지,https://www.lottecinema.co.kr/NLCHS/Cinema/Detail?divisionCode=1&detailDivisionCode=2&cinemaID=3044
[19:23|    INFO| Crawl_Lotte.py:178] 9088 : N,58,시화(정왕역),https://www.lottecinema.co.kr/NLCHS/Cinema/Detail?divisionCode=1&detailDivisionCode=2&cinemaID=9088
[19:23|    INFO| Crawl_Lotte.py:178] 3049 : N,59,시흥장현,https://www.lottecinema.co.kr/NLCHS/Cinema/Detail?divisionCode=1&detailDivisionCode=2&cinemaID=3049
[19:23|    INFO| Crawl_Lotte.py:178] 3004 : N,60,안산,https://www.lottecinema.co.kr/NLCHS/Cinema/Detail?divisionCode=1&detailDivisionCode=2&cinemaID=3004
[19:23|    INFO| Crawl_Lotte.py:178] 3028 : N,61,안산고잔,https://www.lottecinema.co.kr/NLCHS/Cinema/Detail?divisionCode=1&detailDivisionCode=2&cinemaID=3028
[19:23|    INFO| Crawl_Lotte.py:178] 9106 : N,62,안성,https://www.lottecinema.co.kr/NLCHS/Cinema/Detail?divisionCode=1&detailDivisionCode=2&cinemaID=9106
[19:23|    INFO| Crawl_Lotte.py:178] 3007 : N,63,안양(안양역),https://www.lottecinema.co.kr/NLCHS/Cinema/Detail?divisionCode=1&detailDivisionCode=2&cinemaID=3007
[19:23|    INFO| Crawl_Lotte.py:178] 3032 : N,64,안양일번가,https://www.lottecinema.co.kr/NLCHS/Cinema/Detail?divisionCode=1&detailDivisionCode=2&cinemaID=3032
[19:23|    INFO| Crawl_Lotte.py:178] 9077 : N,65,영종하늘도시,https://www.lottecinema.co.kr/NLCHS/Cinema/Detail?divisionCode=1&detailDivisionCode=2&cinemaID=9077
[19:23|    INFO| Crawl_Lotte.py:178] 9079 : N,66,오산(원동),https://www.lottecinema.co.kr/NLCHS/Cinema/Detail?divisionCode=1&detailDivisionCode=2&cinemaID=9079
[19:23|    INFO| Crawl_Lotte.py:178] 3039 : N,67,용인기흥,https://www.lottecinema.co.kr/NLCHS/Cinema/Detail?divisionCode=1&detailDivisionCode=2&cinemaID=3039
[19:23|    INFO| Crawl_Lotte.py:178] 3040 : N,68,용인역북,https://www.lottecinema.co.kr/NLCHS/Cinema/Detail?divisionCode=1&detailDivisionCode=2&cinemaID=3040
[19:23|    INFO| Crawl_Lotte.py:178] 3037 : N,69,위례,https://www.lottecinema.co.kr/NLCHS/Cinema/Detail?divisionCode=1&detailDivisionCode=2&cinemaID=3037
[19:23|    INFO| Crawl_Lotte.py:178] 3033 : N,70,의정부민락,https://www.lottecinema.co.kr/NLCHS/Cinema/Detail?divisionCode=1&detailDivisionCode=2&cinemaID=3033
[19:23|    INFO| Crawl_Lotte.py:178] 9100 : N,71,인덕원,https://www.lottecinema.co.kr/NLCHS/Cinema/Detail?divisionCode=1&detailDivisionCode=2&cinemaID=9100
[19:23|    INFO| Crawl_Lotte.py:178] 3035 : N,72,인천아시아드,https://www.lottecinema.co.kr/NLCHS/Cinema/Detail?divisionCode=1&detailDivisionCode=2&cinemaID=3035
[19:23|    INFO| Crawl_Lotte.py:178] 3038 : N,73,인천터미널,https://www.lottecinema.co.kr/NLCHS/Cinema/Detail?divisionCode=1&detailDivisionCode=2&cinemaID=3038
[19:23|    INFO| Crawl_Lotte.py:178] 9087 : N,74,주엽,https://www.lottecinema.co.kr/NLCHS/Cinema/Detail?divisionCode=1&detailDivisionCode=2&cinemaID=9087
[19:23|    INFO| Crawl_Lotte.py:178] 3010 : N,75,진접,https://www.lottecinema.co.kr/NLCHS/Cinema/Detail?divisionCode=1&detailDivisionCode=2&cinemaID=3010
[19:23|    INFO| Crawl_Lotte.py:178] 3034 : N,76,파주운정,https://www.lottecinema.co.kr/NLCHS/Cinema/Detail?divisionCode=1&detailDivisionCode=2&cinemaID=3034
[19:23|    INFO| Crawl_Lotte.py:178] 3047 : N,77,판교(창조경제밸리),https://www.lottecinema.co.kr/NLCHS/Cinema/Detail?divisionCode=1&detailDivisionCode=2&cinemaID=3047
[19:23|    INFO| Crawl_Lotte.py:178] 3018 : N,78,평촌(범계역),https://www.lottecinema.co.kr/NLCHS/Cinema/Detail?divisionCode=1&detailDivisionCode=2&cinemaID=3018
[19:23|    INFO| Crawl_Lotte.py:178] 9075 : N,79,평택비전(뉴코아),https://www.lottecinema.co.kr/NLCHS/Cinema/Detail?divisionCode=1&detailDivisionCode=2&cinemaID=9075
[19:23|    INFO| Crawl_Lotte.py:178] 9111 : N,80,하남미사,https://www.lottecinema.co.kr/NLCHS/Cinema/Detail?divisionCode=1&detailDivisionCode=2&cinemaID=9111
[19:23|    INFO| Crawl_Lotte.py:178] 3036 : N,81,향남,https://www.lottecinema.co.kr/NLCHS/Cinema/Detail?divisionCode=1&detailDivisionCode=2&cinemaID=3036
[19:23|    INFO| Crawl_Lotte.py:178] 9085 : N,82,당진,https://www.lottecinema.co.kr/NLCHS/Cinema/Detail?divisionCode=1&detailDivisionCode=3&cinemaID=9085
[19:23|    INFO| Crawl_Lotte.py:178] 4002 : N,83,대전(백화점),https://www.lottecinema.co.kr/NLCHS/Cinema/Detail?divisionCode=1&detailDivisionCode=3&cinemaID=4002
[19:23|    INFO| Crawl_Lotte.py:178] 4009 : N,84,대전관저,https://www.lottecinema.co.kr/NLCHS/Cinema/Detail?divisionCode=1&detailDivisionCode=3&cinemaID=4009
[19:23|    INFO| Crawl_Lotte.py:178] 4006 : N,85,대전둔산(월평동),https://www.lottecinema.co.kr/NLCHS/Cinema/Detail?divisionCode=1&detailDivisionCode=3&cinemaID=4006
[19:23|    INFO| Crawl_Lotte.py:178] 4008 : N,86,대전센트럴,https://www.lottecinema.co.kr/NLCHS/Cinema/Detail?divisionCode=1&detailDivisionCode=3&cinemaID=4008
[19:23|    INFO| Crawl_Lotte.py:178] 9044 : N,87,서산,https://www.lottecinema.co.kr/NLCHS/Cinema/Detail?divisionCode=1&detailDivisionCode=3&cinemaID=9044
[19:23|    INFO| Crawl_Lotte.py:178] 4004 : N,88,서청주(아울렛),https://www.lottecinema.co.kr/NLCHS/Cinema/Detail?divisionCode=1&detailDivisionCode=3&cinemaID=4004
[19:23|    INFO| Crawl_Lotte.py:178] 4005 : N,89,아산터미널,https://www.lottecinema.co.kr/NLCHS/Cinema/Detail?divisionCode=1&detailDivisionCode=3&cinemaID=4005
[19:23|    INFO| Crawl_Lotte.py:178] 9101 : N,90,천안불당,https://www.lottecinema.co.kr/NLCHS/Cinema/Detail?divisionCode=1&detailDivisionCode=3&cinemaID=9101
[19:23|    INFO| Crawl_Lotte.py:178] 9112 : N,91,천안청당,https://www.lottecinema.co.kr/NLCHS/Cinema/Detail?divisionCode=1&detailDivisionCode=3&cinemaID=9112
[19:23|    INFO| Crawl_Lotte.py:178] 4007 : N,92,청주용암,https://www.lottecinema.co.kr/NLCHS/Cinema/Detail?divisionCode=1&detailDivisionCode=3&cinemaID=4007
[19:23|    INFO| Crawl_Lotte.py:178] 9078 : N,93,충주(모다아울렛),https://www.lottecinema.co.kr/NLCHS/Cinema/Detail?divisionCode=1&detailDivisionCode=3&cinemaID=9078
[19:23|    INFO| Crawl_Lotte.py:178] 6001 : N,94,광주(백화점),https://www.lottecinema.co.kr/NLCHS/Cinema/Detail?divisionCode=1&detailDivisionCode=4&cinemaID=6001
[19:23|    INFO| Crawl_Lotte.py:178] 9065 : N,95,광주광산,https://www.lottecinema.co.kr/NLCHS/Cinema/Detail?divisionCode=1&detailDivisionCode=4&cinemaID=9065
[19:23|    INFO| Crawl_Lotte.py:178] 6007 : N,96,군산나운,https://www.lottecinema.co.kr/NLCHS/Cinema/Detail?divisionCode=1&detailDivisionCode=4&cinemaID=6007
[19:23|    INFO| Crawl_Lotte.py:178] 6009 : N,97,군산몰,https://www.lottecinema.co.kr/NLCHS/Cinema/Detail?divisionCode=1&detailDivisionCode=4&cinemaID=6009
[19:23|    INFO| Crawl_Lotte.py:178] 6004 : N,98,수완(아울렛),https://www.lottecinema.co.kr/NLCHS/Cinema/Detail?divisionCode=1&detailDivisionCode=4&cinemaID=6004
[19:23|    INFO| Crawl_Lotte.py:178] 9070 : N,99,익산모현,https://www.lottecinema.co.kr/NLCHS/Cinema/Detail?divisionCode=1&detailDivisionCode=4&cinemaID=9070
[19:23|    INFO| Crawl_Lotte.py:178] 6002 : N,100,전주(백화점),https://www.lottecinema.co.kr/NLCHS/Cinema/Detail?divisionCode=1&detailDivisionCode=4&cinemaID=6002
[19:23|    INFO| Crawl_Lotte.py:178] 9102 : N,101,전주송천,https://www.lottecinema.co.kr/NLCHS/Cinema/Detail?divisionCode=1&detailDivisionCode=4&cinemaID=9102
[19:23|    INFO| Crawl_Lotte.py:178] 6006 : N,102,전주평화,https://www.lottecinema.co.kr/NLCHS/Cinema/Detail?divisionCode=1&detailDivisionCode=4&cinemaID=6006
[19:23|    INFO| Crawl_Lotte.py:178] 9047 : N,103,충장로,https://www.lottecinema.co.kr/NLCHS/Cinema/Detail?divisionCode=1&detailDivisionCode=4&cinemaID=9047
[19:23|    INFO| Crawl_Lotte.py:178] 9090 : N,104,경주,https://www.lottecinema.co.kr/NLCHS/Cinema/Detail?divisionCode=1&detailDivisionCode=5&cinemaID=9090
[19:23|    INFO| Crawl_Lotte.py:178] 9091 : N,105,경주황성,https://www.lottecinema.co.kr/NLCHS/Cinema/Detail?divisionCode=1&detailDivisionCode=5&cinemaID=9091
[19:23|    INFO| Crawl_Lotte.py:178] 5013 : N,106,구미공단,https://www.lottecinema.co.kr/NLCHS/Cinema/Detail?divisionCode=1&detailDivisionCode=5&cinemaID=5013
[19:23|    INFO| Crawl_Lotte.py:178] 5012 : N,107,대구광장,https://www.lottecinema.co.kr/NLCHS/Cinema/Detail?divisionCode=1&detailDivisionCode=5&cinemaID=5012
[19:23|    INFO| Crawl_Lotte.py:178] 5006 : N,108,대구율하,https://www.lottecinema.co.kr/NLCHS/Cinema/Detail?divisionCode=1&detailDivisionCode=5&cinemaID=5006
[19:23|    INFO| Crawl_Lotte.py:178] 9107 : N,109,대구현풍,https://www.lottecinema.co.kr/NLCHS/Cinema/Detail?divisionCode=1&detailDivisionCode=5&cinemaID=9107
[19:23|    INFO| Crawl_Lotte.py:178] 5005 : N,110,동성로,https://www.lottecinema.co.kr/NLCHS/Cinema/Detail?divisionCode=1&detailDivisionCode=5&cinemaID=5005
[19:23|    INFO| Crawl_Lotte.py:178] 5016 : N,111,상인,https://www.lottecinema.co.kr/NLCHS/Cinema/Detail?divisionCode=1&detailDivisionCode=5&cinemaID=5016
[19:23|    INFO| Crawl_Lotte.py:178] 9080 : N,112,상주,https://www.lottecinema.co.kr/NLCHS/Cinema/Detail?divisionCode=1&detailDivisionCode=5&cinemaID=9080
[19:23|    INFO| Crawl_Lotte.py:178] 5004 : N,113,성서,https://www.lottecinema.co.kr/NLCHS/Cinema/Detail?divisionCode=1&detailDivisionCode=5&cinemaID=5004
[19:23|    INFO| Crawl_Lotte.py:178] 9064 : N,114,영주,https://www.lottecinema.co.kr/NLCHS/Cinema/Detail?divisionCode=1&detailDivisionCode=5&cinemaID=9064
[19:23|    INFO| Crawl_Lotte.py:178] 9098 : N,115,영천,https://www.lottecinema.co.kr/NLCHS/Cinema/Detail?divisionCode=1&detailDivisionCode=5&cinemaID=9098
[19:23|    INFO| Crawl_Lotte.py:178] 9097 : N,116,포항,https://www.lottecinema.co.kr/NLCHS/Cinema/Detail?divisionCode=1&detailDivisionCode=5&cinemaID=9097
[19:23|    INFO| Crawl_Lotte.py:178] 9067 : N,117,프리미엄구미센트럴,https://www.lottecinema.co.kr/NLCHS/Cinema/Detail?divisionCode=1&detailDivisionCode=5&cinemaID=9067
[19:23|    INFO| Crawl_Lotte.py:178] 9066 : N,118,프리미엄만경,https://www.lottecinema.co.kr/NLCHS/Cinema/Detail?divisionCode=1&detailDivisionCode=5&cinemaID=9066
[19:23|    INFO| Crawl_Lotte.py:178] 9074 : N,119,프리미엄안동,https://www.lottecinema.co.kr/NLCHS/Cinema/Detail?divisionCode=1&detailDivisionCode=5&cinemaID=9074
[19:23|    INFO| Crawl_Lotte.py:178] 9057 : N,120,프리미엄칠곡,https://www.lottecinema.co.kr/NLCHS/Cinema/Detail?divisionCode=1&detailDivisionCode=5&cinemaID=9057
[19:23|    INFO| Crawl_Lotte.py:178] 9082 : N,121,거창,https://www.lottecinema.co.kr/NLCHS/Cinema/Detail?divisionCode=1&detailDivisionCode=101&cinemaID=9082
[19:23|    INFO| Crawl_Lotte.py:178] 2009 : N,122,광복,https://www.lottecinema.co.kr/NLCHS/Cinema/Detail?divisionCode=1&detailDivisionCode=101&cinemaID=2009
[19:23|    INFO| Crawl_Lotte.py:178] 5015 : N,123,김해부원,https://www.lottecinema.co.kr/NLCHS/Cinema/Detail?divisionCode=1&detailDivisionCode=101&cinemaID=5015
[19:23|    INFO| Crawl_Lotte.py:178] 5011 : N,124,김해아울렛(장유),https://www.lottecinema.co.kr/NLCHS/Cinema/Detail?divisionCode=1&detailDivisionCode=101&cinemaID=5011
[19:23|    INFO| Crawl_Lotte.py:178] 2012 : N,125,대영,https://www.lottecinema.co.kr/NLCHS/Cinema/Detail?divisionCode=1&detailDivisionCode=101&cinemaID=2012
[19:23|    INFO| Crawl_Lotte.py:178] 2007 : N,126,동래,https://www.lottecinema.co.kr/NLCHS/Cinema/Detail?divisionCode=1&detailDivisionCode=101&cinemaID=2007
[19:23|    INFO| Crawl_Lotte.py:178] 2010 : N,127,동부산아울렛,https://www.lottecinema.co.kr/NLCHS/Cinema/Detail?divisionCode=1&detailDivisionCode=101&cinemaID=2010
[19:23|    INFO| Crawl_Lotte.py:178] 9042 : N,128,마산(합성동),https://www.lottecinema.co.kr/NLCHS/Cinema/Detail?divisionCode=1&detailDivisionCode=101&cinemaID=9042
[19:23|    INFO| Crawl_Lotte.py:178] 9092 : N,129,부산명지,https://www.lottecinema.co.kr/NLCHS/Cinema/Detail?divisionCode=1&detailDivisionCode=101&cinemaID=9092
[19:23|    INFO| Crawl_Lotte.py:178] 2004 : N,130,부산본점,https://www.lottecinema.co.kr/NLCHS/Cinema/Detail?divisionCode=1&detailDivisionCode=101&cinemaID=2004
[19:23|    INFO| Crawl_Lotte.py:178] 9084 : N,131,사천,https://www.lottecinema.co.kr/NLCHS/Cinema/Detail?divisionCode=1&detailDivisionCode=101&cinemaID=9084
[19:23|    INFO| Crawl_Lotte.py:178] 2008 : N,132,서면(전포동),https://www.lottecinema.co.kr/NLCHS/Cinema/Detail?divisionCode=1&detailDivisionCode=101&cinemaID=2008
[19:23|    INFO| Crawl_Lotte.py:178] 2006 : N,133,센텀시티,https://www.lottecinema.co.kr/NLCHS/Cinema/Detail?divisionCode=1&detailDivisionCode=101&cinemaID=2006
[19:23|    INFO| Crawl_Lotte.py:178] 9103 : N,134,양산물금,https://www.lottecinema.co.kr/NLCHS/Cinema/Detail?divisionCode=1&detailDivisionCode=101&cinemaID=9103
[19:23|    INFO| Crawl_Lotte.py:178] 9105 : N,135,엠비씨네(진주),https://www.lottecinema.co.kr/NLCHS/Cinema/Detail?divisionCode=1&detailDivisionCode=101&cinemaID=9105
[19:23|    INFO| Crawl_Lotte.py:178] 2011 : N,136,오투(부산대),https://www.lottecinema.co.kr/NLCHS/Cinema/Detail?divisionCode=1&detailDivisionCode=101&cinemaID=2011
[19:23|    INFO| Crawl_Lotte.py:178] 5001 : N,137,울산(백화점),https://www.lottecinema.co.kr/NLCHS/Cinema/Detail?divisionCode=1&detailDivisionCode=101&cinemaID=5001
[19:23|    INFO| Crawl_Lotte.py:178] 5014 : N,138,울산성남,https://www.lottecinema.co.kr/NLCHS/Cinema/Detail?divisionCode=1&detailDivisionCode=101&cinemaID=5014
[19:23|    INFO| Crawl_Lotte.py:178] 5017 : N,139,진주혁신(롯데몰),https://www.lottecinema.co.kr/NLCHS/Cinema/Detail?divisionCode=1&detailDivisionCode=101&cinemaID=5017
[19:23|    INFO| Crawl_Lotte.py:178] 5009 : N,140,진해,https://www.lottecinema.co.kr/NLCHS/Cinema/Detail?divisionCode=1&detailDivisionCode=101&cinemaID=5009
[19:23|    INFO| Crawl_Lotte.py:178] 5002 : N,141,창원,https://www.lottecinema.co.kr/NLCHS/Cinema/Detail?divisionCode=1&detailDivisionCode=101&cinemaID=5002
[19:23|    INFO| Crawl_Lotte.py:178] 9036 : N,142,통영,https://www.lottecinema.co.kr/NLCHS/Cinema/Detail?divisionCode=1&detailDivisionCode=101&cinemaID=9036
[19:23|    INFO| Crawl_Lotte.py:178] 9072 : N,143,프리미엄경남대,https://www.lottecinema.co.kr/NLCHS/Cinema/Detail?divisionCode=1&detailDivisionCode=101&cinemaID=9072
[19:23|    INFO| Crawl_Lotte.py:178] 9059 : N,144,프리미엄해운대(장산역),https://www.lottecinema.co.kr/NLCHS/Cinema/Detail?divisionCode=1&detailDivisionCode=101&cinemaID=9059
[19:23|    INFO| Crawl_Lotte.py:178] 9108 : N,145,남원주,https://www.lottecinema.co.kr/NLCHS/Cinema/Detail?divisionCode=1&detailDivisionCode=6&cinemaID=9108
[19:23|    INFO| Crawl_Lotte.py:178] 7002 : N,146,동해,https://www.lottecinema.co.kr/NLCHS/Cinema/Detail?divisionCode=1&detailDivisionCode=6&cinemaID=7002
[19:23|    INFO| Crawl_Lotte.py:178] 9089 : N,147,속초,https://www.lottecinema.co.kr/NLCHS/Cinema/Detail?divisionCode=1&detailDivisionCode=6&cinemaID=9089
[19:23|    INFO| Crawl_Lotte.py:178] 7003 : N,148,원주무실,https://www.lottecinema.co.kr/NLCHS/Cinema/Detail?divisionCode=1&detailDivisionCode=6&cinemaID=7003
[19:23|    INFO| Crawl_Lotte.py:178] 9081 : N,149,춘천,https://www.lottecinema.co.kr/NLCHS/Cinema/Detail?divisionCode=1&detailDivisionCode=6&cinemaID=9081
[19:23|    INFO| Crawl_Lotte.py:178] 9013 : N,150,서귀포,https://www.lottecinema.co.kr/NLCHS/Cinema/Detail?divisionCode=1&detailDivisionCode=7&cinemaID=9013
[19:23|    INFO| Crawl_Lotte.py:178] 9068 : N,151,제주삼화지구,https://www.lottecinema.co.kr/NLCHS/Cinema/Detail?divisionCode=1&detailDivisionCode=7&cinemaID=9068
[19:23|    INFO| Crawl_Lotte.py:178] 9071 : N,152,제주아라,https://www.lottecinema.co.kr/NLCHS/Cinema/Detail?divisionCode=1&detailDivisionCode=7&cinemaID=9071
[19:23|    INFO| Crawl_Lotte.py:178] 6010 : N,153,제주연동,https://www.lottecinema.co.kr/NLCHS/Cinema/Detail?divisionCode=1&detailDivisionCode=7&cinemaID=6010
[19:23|    INFO| Crawl_Lotte.py:187] ==========================================================================================================================
[19:23|    INFO| Crawl_Lotte.py:188] 영화관 (https://www.lottecinema.co.kr/LCWS/Ticketing/TicketingData.aspx) 에서 극장데이터를 가지고 온다. (dicTicketingData)
[19:23|    INFO| Crawl_Lotte.py:189] --------------------------------------------------------------------------------------------------------------------------
[19:23|    INFO| Crawl_Lotte.py:197] N/가산디지털 (1013[_]) : URL https://www.lottecinema.co.kr/NLCHS/Cinema/Detail?divisionCode=1&detailDivisionCode=1&cinemaID=1013
[19:23|    INFO| Crawl_Lotte.py:314] -------------------------------------
[19:23|    INFO| Crawl_Lotte.py:315] 상영일 (14)
[19:23|    INFO| Crawl_Lotte.py:316] -------------------------------------
[19:23|    INFO| Crawl_Lotte.py:319] 2023-07-03 오전 12:00:00
[19:23|    INFO| Crawl_Lotte.py:319] 2023-07-04 오전 12:00:00
[19:23|    INFO| Crawl_Lotte.py:319] 2023-07-05 오전 12:00:00
[19:23|    INFO| Crawl_Lotte.py:319] 2023-07-06 오전 12:00:00
[19:23|    INFO| Crawl_Lotte.py:319] 2023-07-07 오전 12:00:00
[19:23|    INFO| Crawl_Lotte.py:319] 2023-07-08 오전 12:00:00
[19:23|    INFO| Crawl_Lotte.py:319] 2023-07-09 오전 12:00:00
[19:23|    INFO| Crawl_Lotte.py:319] 2023-07-12 오전 12:00:00
[19:23|    INFO| Crawl_Lotte.py:319] 2023-07-13 오전 12:00:00
[19:23|    INFO| Crawl_Lotte.py:319] 2023-07-14 오전 12:00:00
[19:23|    INFO| Crawl_Lotte.py:319] 2023-07-15 오전 12:00:00
[19:23|    INFO| Crawl_Lotte.py:319] 2023-07-16 오전 12:00:00
[19:23|    INFO| Crawl_Lotte.py:319] 2023-07-17 오전 12:00:00
[19:23|    INFO| Crawl_Lotte.py:319] 2023-07-18 오전 12:00:00
[19:23|    INFO| Crawl_Lotte.py:275] -------------------------------------
[19:23|    INFO| Crawl_Lotte.py:276] no: 영화코드, 영화명,       더빙/자막
[19:23|    INFO| Crawl_Lotte.py:277] -------------------------------------
[19:23|    INFO| Crawl_Lotte.py:301] 1 : 19438, 엘리멘탈(2D), 자막
[19:23|    INFO| Crawl_Lotte.py:301] 2 : 19962, 인디아나 존스: 운명의 다이얼(2D), 
[19:23|    INFO| Crawl_Lotte.py:301] 3 : 19803, 범죄도시3(2D), 
[19:23|    INFO| Crawl_Lotte.py:301] 4 : 19775, 스파이더맨: 어크로스 더 유니버스(2D), 자막
[19:23|    INFO| Crawl_Lotte.py:301] 5 : 19864, 귀공자(2D), 
[19:23|    INFO| Crawl_Lotte.py:301] 6 : 19869, 라방(2D), 
[19:23|    INFO| Crawl_Lotte.py:301] 7 : 19907, 플래시(2D), 
[19:23|    INFO| Crawl_Lotte.py:345] ----------------
[19:23|    INFO| Crawl_Lotte.py:346] 관(코드), 좌석수
[19:23|    INFO| Crawl_Lotte.py:347] ----------------
[19:23|    INFO| Crawl_Lotte.py:350] 5관(101305), 332석
[19:23|    INFO| Crawl_Lotte.py:350] 6관(101306), 184석
[19:23|    INFO| Crawl_Lotte.py:350] 4관(101304), 132석
[19:23|    INFO| Crawl_Lotte.py:350] 1관(101301), 164석
[19:23|    INFO| Crawl_Lotte.py:350] 3관(101303), 100석
[19:23|    INFO| Crawl_Lotte.py:350] 2관(101302), 142석
[19:23|    INFO| Crawl_Lotte.py:353] -------------------------------------------------------------------------------
[19:23|    INFO| Crawl_Lotte.py:354] [가산디지털] 일자, 상영관, 회차, 영화, 시작시간~끝시간, 예약좌석수/총좌석수
[19:23|    INFO| Crawl_Lotte.py:355] -------------------------------------------------------------------------------
[19:23|    INFO| Crawl_Lotte.py:391] 03, 5관, 101, 엘리멘탈[2D](자막), 20:00 ~ 21:59, 278 / 332
[19:23|    INFO| Crawl_Lotte.py:391] 03, 5관, 102, 엘리멘탈[2D](자막), 22:15 ~ 24:14, 322 / 332
[19:23|    INFO| Crawl_Lotte.py:391] 03, 6관, 201, 인디아나 존스: 운명의 다이얼[2D](), 19:45 ~ 22:29, 167 / 184
[19:23|    INFO| Crawl_Lotte.py:391] 03, 6관, 202, 인디아나 존스: 운명의 다이얼[2D](), 22:45 ~ 25:29, 180 / 184
[19:23|    INFO| Crawl_Lotte.py:391] 03, 4관, 301, 범죄도시3[2D](), 20:20 ~ 22:15, 111 / 132
[19:23|    INFO| Crawl_Lotte.py:391] 03, 4관, 302, 범죄도시3[2D](), 22:30 ~ 24:25, 131 / 132
[19:23|    INFO| Crawl_Lotte.py:391] 03, 1관, 401, 스파이더맨: 어크로스 더 유니버스[2D](자막), 19:30 ~ 21:59, 129 / 164
[19:23|    INFO| Crawl_Lotte.py:391] 03, 1관, 402, 스파이더맨: 어크로스 더 유니버스[2D](자막), 22:20 ~ 24:49, 159 / 164
[19:23|    INFO| Crawl_Lotte.py:391] 03, 3관, 501, 귀공자[2D](), 22:50 ~ 24:57, 100 / 100
[19:23|    INFO| Crawl_Lotte.py:391] 03, 3관, 502, 라방[2D](), 20:55 ~ 22:35, 99 / 100
[19:23|    INFO| Crawl_Lotte.py:391] 03, 2관, 601, 플래시[2D](), 21:35 ~ 24:09, 139 / 142
[19:23|    INFO| Crawl_Lotte.py:275] -------------------------------------
[19:23|    INFO| Crawl_Lotte.py:276] no: 영화코드, 영화명,       더빙/자막
[19:23|    INFO| Crawl_Lotte.py:277] -------------------------------------
[19:23|    INFO| Crawl_Lotte.py:301] 8 : 19438, 엘리멘탈(2D), 자막
[19:23|    INFO| Crawl_Lotte.py:301] 9 : 19962, 인디아나 존스: 운명의 다이얼(2D), 
[19:23|    INFO| Crawl_Lotte.py:301] 10 : 19803, 범죄도시3(2D), 
[19:23|    INFO| Crawl_Lotte.py:301] 11 : 19775, 스파이더맨: 어크로스 더 유니버스(2D), 자막
[19:23|    INFO| Crawl_Lotte.py:301] 12 : 19864, 귀공자(2D), 
[19:23|    INFO| Crawl_Lotte.py:301] 13 : 19869, 라방(2D), 
[19:23|    INFO| Crawl_Lotte.py:301] 14 : 19907, 플래시(2D), 
[19:23|    INFO| Crawl_Lotte.py:345] ----------------
[19:23|    INFO| Crawl_Lotte.py:346] 관(코드), 좌석수
[19:23|    INFO| Crawl_Lotte.py:347] ----------------
[19:23|    INFO| Crawl_Lotte.py:350] 5관(101305), 332석
[19:23|    INFO| Crawl_Lotte.py:350] 6관(101306), 184석
[19:23|    INFO| Crawl_Lotte.py:350] 4관(101304), 132석
[19:23|    INFO| Crawl_Lotte.py:350] 1관(101301), 164석
[19:23|    INFO| Crawl_Lotte.py:350] 3관(101303), 100석
[19:23|    INFO| Crawl_Lotte.py:350] 2관(101302), 142석
[19:23|    INFO| Crawl_Lotte.py:353] -------------------------------------------------------------------------------
[19:23|    INFO| Crawl_Lotte.py:354] [가산디지털] 일자, 상영관, 회차, 영화, 시작시간~끝시간, 예약좌석수/총좌석수
[19:23|    INFO| Crawl_Lotte.py:355] -------------------------------------------------------------------------------
[19:23|    INFO| Crawl_Lotte.py:391] 03, 5관, 101, 엘리멘탈[2D](자막), 20:00 ~ 21:59, 278 / 332
[19:23|    INFO| Crawl_Lotte.py:391] 03, 5관, 102, 엘리멘탈[2D](자막), 22:15 ~ 24:14, 322 / 332
[19:23|    INFO| Crawl_Lotte.py:391] 03, 6관, 201, 인디아나 존스: 운명의 다이얼[2D](), 19:45 ~ 22:29, 167 / 184
[19:23|    INFO| Crawl_Lotte.py:391] 03, 6관, 202, 인디아나 존스: 운명의 다이얼[2D](), 22:45 ~ 25:29, 180 / 184
[19:23|    INFO| Crawl_Lotte.py:391] 03, 4관, 301, 범죄도시3[2D](), 20:20 ~ 22:15, 111 / 132
[19:23|    INFO| Crawl_Lotte.py:391] 03, 4관, 302, 범죄도시3[2D](), 22:30 ~ 24:25, 131 / 132
[19:23|    INFO| Crawl_Lotte.py:391] 03, 1관, 401, 스파이더맨: 어크로스 더 유니버스[2D](자막), 19:30 ~ 21:59, 129 / 164
[19:23|    INFO| Crawl_Lotte.py:391] 03, 1관, 402, 스파이더맨: 어크로스 더 유니버스[2D](자막), 22:20 ~ 24:49, 159 / 164
[19:23|    INFO| Crawl_Lotte.py:391] 03, 3관, 501, 귀공자[2D](), 22:50 ~ 24:57, 100 / 100
[19:23|    INFO| Crawl_Lotte.py:391] 03, 3관, 502, 라방[2D](), 20:55 ~ 22:35, 99 / 100
[19:23|    INFO| Crawl_Lotte.py:391] 03, 2관, 601, 플래시[2D](), 21:35 ~ 24:09, 139 / 142
[19:23|    INFO| Crawl_Lotte.py:275] -------------------------------------
[19:23|    INFO| Crawl_Lotte.py:276] no: 영화코드, 영화명,       더빙/자막
[19:23|    INFO| Crawl_Lotte.py:277] -------------------------------------
[19:23|    INFO| Crawl_Lotte.py:301] 15 : 19909, 엘리멘탈(2D), 더빙
[19:23|    INFO| Crawl_Lotte.py:301] 16 : 19438, 엘리멘탈(2D), 자막
[19:23|    INFO| Crawl_Lotte.py:301] 17 : 19962, 인디아나 존스: 운명의 다이얼(2D), 
[19:23|    INFO| Crawl_Lotte.py:301] 18 : 19803, 범죄도시3(2D), 
[19:23|    INFO| Crawl_Lotte.py:301] 19 : 19775, 스파이더맨: 어크로스 더 유니버스(2D), 자막
[19:23|    INFO| Crawl_Lotte.py:301] 20 : 19864, 귀공자(2D), 
[19:23|    INFO| Crawl_Lotte.py:301] 21 : 19869, 라방(2D), 
[19:23|    INFO| Crawl_Lotte.py:301] 22 : 19832, 파이어하트(2D), 더빙
[19:23|    INFO| Crawl_Lotte.py:301] 23 : 19907, 플래시(2D), 
[19:23|    INFO| Crawl_Lotte.py:345] ----------------
[19:23|    INFO| Crawl_Lotte.py:346] 관(코드), 좌석수
[19:23|    INFO| Crawl_Lotte.py:347] ----------------
[19:23|    INFO| Crawl_Lotte.py:350] 2관(101302), 142석
[19:23|    INFO| Crawl_Lotte.py:350] 5관(101305), 332석
[19:23|    INFO| Crawl_Lotte.py:350] 6관(101306), 184석
[19:23|    INFO| Crawl_Lotte.py:350] 1관(101301), 164석
[19:23|    INFO| Crawl_Lotte.py:350] 4관(101304), 132석
[19:23|    INFO| Crawl_Lotte.py:350] 3관(101303), 100석
[19:23|    INFO| Crawl_Lotte.py:353] -------------------------------------------------------------------------------
[19:23|    INFO| Crawl_Lotte.py:354] [가산디지털] 일자, 상영관, 회차, 영화, 시작시간~끝시간, 예약좌석수/총좌석수
[19:23|    INFO| Crawl_Lotte.py:355] -------------------------------------------------------------------------------
[19:23|    INFO| Crawl_Lotte.py:391] 04, 2관, 101, 엘리멘탈[2D](더빙), 13:20 ~ 15:19, 142 / 142
[19:23|    INFO| Crawl_Lotte.py:391] 04, 5관, 201, 엘리멘탈[2D](자막), 15:30 ~ 17:29, 324 / 332
[19:23|    INFO| Crawl_Lotte.py:391] 04, 5관, 202, 엘리멘탈[2D](자막), 17:45 ~ 19:44, 332 / 332
[19:23|    INFO| Crawl_Lotte.py:391] 04, 5관, 203, 엘리멘탈[2D](자막), 20:00 ~ 21:59, 322 / 332
[19:23|    INFO| Crawl_Lotte.py:391] 04, 5관, 204, 엘리멘탈[2D](자막), 22:15 ~ 24:14, 332 / 332
[19:23|    INFO| Crawl_Lotte.py:391] 04, 6관, 301, 엘리멘탈[2D](자막), 10:00 ~ 11:59, 176 / 184
[19:23|    INFO| Crawl_Lotte.py:391] 04, 6관, 302, 엘리멘탈[2D](자막), 12:15 ~ 14:14, 180 / 184
[19:23|    INFO| Crawl_Lotte.py:391] 04, 6관, 303, 엘리멘탈[2D](자막), 14:30 ~ 16:29, 178 / 184
[19:23|    INFO| Crawl_Lotte.py:391] 04, 1관, 401, 인디아나 존스: 운명의 다이얼[2D](), 13:35 ~ 16:19, 164 / 164
[19:23|    INFO| Crawl_Lotte.py:391] 04, 5관, 501, 인디아나 존스: 운명의 다이얼[2D](), 09:30 ~ 12:14, 332 / 332
[19:23|    INFO| Crawl_Lotte.py:391] 04, 5관, 502, 인디아나 존스: 운명의 다이얼[2D](), 12:30 ~ 15:14, 331 / 332
[19:23|    INFO| Crawl_Lotte.py:391] 04, 6관, 601, 인디아나 존스: 운명의 다이얼[2D](), 16:45 ~ 19:29, 184 / 184
[19:23|    INFO| Crawl_Lotte.py:391] 04, 6관, 602, 인디아나 존스: 운명의 다이얼[2D](), 19:45 ~ 22:29, 180 / 184
[19:23|    INFO| Crawl_Lotte.py:391] 04, 6관, 603, 인디아나 존스: 운명의 다이얼[2D](), 22:45 ~ 25:29, 184 / 184
[19:23|    INFO| Crawl_Lotte.py:391] 04, 4관, 701, 범죄도시3[2D](), 09:30 ~ 11:25, 128 / 132
[19:23|    INFO| Crawl_Lotte.py:391] 04, 4관, 702, 범죄도시3[2D](), 11:40 ~ 13:35, 128 / 132
[19:23|    INFO| Crawl_Lotte.py:391] 04, 4관, 703, 범죄도시3[2D](), 13:50 ~ 15:45, 128 / 132
[19:23|    INFO| Crawl_Lotte.py:391] 04, 4관, 704, 범죄도시3[2D](), 16:00 ~ 17:55, 132 / 132
[19:23|    INFO| Crawl_Lotte.py:391] 04, 4관, 705, 범죄도시3[2D](), 18:10 ~ 20:05, 132 / 132
[19:23|    INFO| Crawl_Lotte.py:391] 04, 4관, 706, 범죄도시3[2D](), 20:20 ~ 22:15, 128 / 132
[19:23|    INFO| Crawl_Lotte.py:391] 04, 4관, 707, 범죄도시3[2D](), 22:30 ~ 24:25, 132 / 132
[19:23|    INFO| Crawl_Lotte.py:391] 04, 1관, 801, 스파이더맨: 어크로스 더 유니버스[2D](자막), 16:35 ~ 19:04, 160 / 164
[19:23|    INFO| Crawl_Lotte.py:391] 04, 1관, 802, 스파이더맨: 어크로스 더 유니버스[2D](자막), 19:30 ~ 21:59, 142 / 164
[19:23|    INFO| Crawl_Lotte.py:391] 04, 1관, 803, 스파이더맨: 어크로스 더 유니버스[2D](자막), 22:20 ~ 24:49, 162 / 164
[19:23|    INFO| Crawl_Lotte.py:391] 04, 2관, 901, 스파이더맨: 어크로스 더 유니버스[2D](자막), 10:30 ~ 12:59, 137 / 142
[19:23|    INFO| Crawl_Lotte.py:391] 04, 3관, 1001, 귀공자[2D](), 09:50 ~ 11:57, 99 / 100
[19:23|    INFO| Crawl_Lotte.py:391] 04, 3관, 1002, 귀공자[2D](), 14:10 ~ 16:17, 99 / 100
[19:23|    INFO| Crawl_Lotte.py:391] 04, 3관, 1003, 귀공자[2D](), 18:30 ~ 20:37, 99 / 100
[19:23|    INFO| Crawl_Lotte.py:391] 04, 3관, 1004, 귀공자[2D](), 22:50 ~ 24:57, 100 / 100
[19:23|    INFO| Crawl_Lotte.py:391] 04, 3관, 1005, 라방[2D](), 12:15 ~ 13:55, 100 / 100
[19:23|    INFO| Crawl_Lotte.py:391] 04, 3관, 1006, 라방[2D](), 16:35 ~ 18:15, 100 / 100
[19:23|    INFO| Crawl_Lotte.py:391] 04, 3관, 1007, 라방[2D](), 20:55 ~ 22:35, 100 / 100
[19:23|    INFO| Crawl_Lotte.py:391] 04, 1관, 1101, 파이어하트[2D](더빙), 09:40 ~ 11:22, 164 / 164
[19:23|    INFO| Crawl_Lotte.py:391] 04, 1관, 1102, 파이어하트[2D](더빙), 11:40 ~ 13:22, 164 / 164
[19:23|    INFO| Crawl_Lotte.py:391] 04, 2관, 1201, 플래시[2D](), 15:45 ~ 18:19, 142 / 142
[19:23|    INFO| Crawl_Lotte.py:391] 04, 2관, 1202, 플래시[2D](), 18:40 ~ 21:14, 140 / 142
[19:23|    INFO| Crawl_Lotte.py:391] 04, 2관, 1203, 플래시[2D](), 21:35 ~ 24:09, 140 / 142
[19:23|    INFO| Crawl_Lotte.py:275] -------------------------------------
[19:23|    INFO| Crawl_Lotte.py:276] no: 영화코드, 영화명,       더빙/자막
[19:23|    INFO| Crawl_Lotte.py:277] -------------------------------------
[19:23|    INFO| Crawl_Lotte.py:301] 24 : 19909, 엘리멘탈(2D), 더빙
[19:23|    INFO| Crawl_Lotte.py:301] 25 : 19438, 엘리멘탈(2D), 자막
[19:23|    INFO| Crawl_Lotte.py:301] 26 : 19962, 인디아나 존스: 운명의 다이얼(2D), 
[19:23|    INFO| Crawl_Lotte.py:301] 27 : 19803, 범죄도시3(2D), 
[19:23|    INFO| Crawl_Lotte.py:301] 28 : 19775, 스파이더맨: 어크로스 더 유니버스(2D), 자막
[19:23|    INFO| Crawl_Lotte.py:301] 29 : 19864, 귀공자(2D), 
[19:23|    INFO| Crawl_Lotte.py:301] 30 : 19890, 악마들(2D), 
[19:23|    INFO| Crawl_Lotte.py:301] 31 : 19869, 라방(2D), 
[19:23|    INFO| Crawl_Lotte.py:301] 32 : 19887, 보 이즈 어프레이드(2D), 
[19:23|    INFO| Crawl_Lotte.py:301] 33 : 19876, 1986 그 여름, 그리고 고등어통조림(2D), 
[19:23|    INFO| Crawl_Lotte.py:301] 34 : 19203, 기적을 믿는 소녀(2D), 
[19:23|    INFO| Crawl_Lotte.py:345] ----------------
[19:23|    INFO| Crawl_Lotte.py:346] 관(코드), 좌석수
[19:23|    INFO| Crawl_Lotte.py:347] ----------------
[19:23|    INFO| Crawl_Lotte.py:350] 2관(101302), 142석
[19:23|    INFO| Crawl_Lotte.py:350] 5관(101305), 332석
[19:23|    INFO| Crawl_Lotte.py:350] 6관(101306), 184석
[19:23|    INFO| Crawl_Lotte.py:350] 4관(101304), 132석
[19:23|    INFO| Crawl_Lotte.py:350] 1관(101301), 164석
[19:23|    INFO| Crawl_Lotte.py:350] 3관(101303), 100석
[19:23|    INFO| Crawl_Lotte.py:353] -------------------------------------------------------------------------------
[19:23|    INFO| Crawl_Lotte.py:354] [가산디지털] 일자, 상영관, 회차, 영화, 시작시간~끝시간, 예약좌석수/총좌석수
[19:23|    INFO| Crawl_Lotte.py:355] -------------------------------------------------------------------------------
[19:23|    INFO| Crawl_Lotte.py:391] 05, 2관, 101, 엘리멘탈[2D](더빙), 13:00 ~ 14:59, 140 / 142
[19:23|    INFO| Crawl_Lotte.py:391] 05, 2관, 102, 엘리멘탈[2D](자막), 20:55 ~ 22:54, 142 / 142
[19:23|    INFO| Crawl_Lotte.py:391] 05, 5관, 201, 엘리멘탈[2D](자막), 15:30 ~ 17:29, 329 / 332
[19:23|    INFO| Crawl_Lotte.py:391] 05, 5관, 202, 엘리멘탈[2D](자막), 17:45 ~ 19:44, 332 / 332
[19:23|    INFO| Crawl_Lotte.py:391] 05, 5관, 203, 엘리멘탈[2D](자막), 20:00 ~ 21:59, 324 / 332
[19:23|    INFO| Crawl_Lotte.py:391] 05, 5관, 204, 엘리멘탈[2D](자막), 22:15 ~ 24:14, 332 / 332
[19:23|    INFO| Crawl_Lotte.py:391] 05, 6관, 301, 엘리멘탈[2D](자막), 10:00 ~ 11:59, 184 / 184
[19:23|    INFO| Crawl_Lotte.py:391] 05, 6관, 302, 엘리멘탈[2D](자막), 12:15 ~ 14:14, 180 / 184
[19:23|    INFO| Crawl_Lotte.py:391] 05, 6관, 303, 엘리멘탈[2D](자막), 14:30 ~ 16:29, 184 / 184
[19:23|    INFO| Crawl_Lotte.py:391] 05, 5관, 401, 인디아나 존스: 운명의 다이얼[2D](), 09:30 ~ 12:14, 332 / 332
[19:23|    INFO| Crawl_Lotte.py:391] 05, 5관, 402, 인디아나 존스: 운명의 다이얼[2D](), 12:30 ~ 15:14, 327 / 332
[19:23|    INFO| Crawl_Lotte.py:391] 05, 6관, 501, 인디아나 존스: 운명의 다이얼[2D](), 16:45 ~ 19:29, 182 / 184
[19:23|    INFO| Crawl_Lotte.py:391] 05, 6관, 502, 인디아나 존스: 운명의 다이얼[2D](), 19:45 ~ 22:29, 184 / 184
[19:23|    INFO| Crawl_Lotte.py:391] 05, 6관, 503, 인디아나 존스: 운명의 다이얼[2D](), 22:45 ~ 25:29, 180 / 184
[19:23|    INFO| Crawl_Lotte.py:391] 05, 4관, 601, 범죄도시3[2D](), 09:40 ~ 11:35, 132 / 132
[19:23|    INFO| Crawl_Lotte.py:391] 05, 4관, 602, 범죄도시3[2D](), 11:50 ~ 13:45, 131 / 132
[19:23|    INFO| Crawl_Lotte.py:391] 05, 4관, 603, 범죄도시3[2D](), 14:00 ~ 15:55, 129 / 132
[19:23|    INFO| Crawl_Lotte.py:391] 05, 4관, 604, 범죄도시3[2D](), 16:10 ~ 18:05, 130 / 132
[19:23|    INFO| Crawl_Lotte.py:391] 05, 4관, 605, 범죄도시3[2D](), 18:20 ~ 20:15, 132 / 132
[19:23|    INFO| Crawl_Lotte.py:391] 05, 4관, 606, 범죄도시3[2D](), 20:30 ~ 22:25, 131 / 132
[19:23|    INFO| Crawl_Lotte.py:391] 05, 4관, 607, 범죄도시3[2D](), 22:40 ~ 24:35, 132 / 132
[19:23|    INFO| Crawl_Lotte.py:391] 05, 1관, 701, 스파이더맨: 어크로스 더 유니버스[2D](자막), 16:45 ~ 19:14, 164 / 164
[19:23|    INFO| Crawl_Lotte.py:391] 05, 1관, 702, 스파이더맨: 어크로스 더 유니버스[2D](자막), 19:30 ~ 21:59, 160 / 164
[19:23|    INFO| Crawl_Lotte.py:391] 05, 1관, 703, 귀공자[2D](), 12:05 ~ 14:12, 161 / 164
[19:23|    INFO| Crawl_Lotte.py:391] 05, 1관, 704, 귀공자[2D](), 22:15 ~ 24:22, 164 / 164
[19:23|    INFO| Crawl_Lotte.py:391] 05, 3관, 801, 귀공자[2D](), 15:45 ~ 17:52, 100 / 100
[19:23|    INFO| Crawl_Lotte.py:391] 05, 3관, 802, 악마들[2D](), 09:30 ~ 11:26, 98 / 100
[19:23|    INFO| Crawl_Lotte.py:391] 05, 3관, 803, 악마들[2D](), 13:35 ~ 15:31, 99 / 100
[19:23|    INFO| Crawl_Lotte.py:391] 05, 3관, 804, 악마들[2D](), 20:10 ~ 22:06, 98 / 100
[19:23|    INFO| Crawl_Lotte.py:391] 05, 3관, 805, 라방[2D](), 11:40 ~ 13:20, 100 / 100
[19:23|    INFO| Crawl_Lotte.py:391] 05, 3관, 806, 라방[2D](), 18:10 ~ 19:50, 100 / 100
[19:23|    INFO| Crawl_Lotte.py:391] 05, 3관, 807, 라방[2D](), 22:20 ~ 24:00, 100 / 100
[19:23|    INFO| Crawl_Lotte.py:391] 05, 2관, 901, 보 이즈 어프레이드[2D](), 15:15 ~ 18:24, 140 / 142
[19:23|    INFO| Crawl_Lotte.py:391] 05, 1관, 1001, 1986 그 여름, 그리고 고등어통조림[2D](), 09:50 ~ 11:36, 164 / 164
[19:23|    INFO| Crawl_Lotte.py:391] 05, 1관, 1002, 1986 그 여름, 그리고 고등어통조림[2D](), 14:40 ~ 16:26, 164 / 164
[19:23|    INFO| Crawl_Lotte.py:391] 05, 2관, 1101, 1986 그 여름, 그리고 고등어통조림[2D](), 18:45 ~ 20:31, 142 / 142
[19:23|    INFO| Crawl_Lotte.py:391] 05, 2관, 1102, 기적을 믿는 소녀[2D](), 10:55 ~ 12:45, 142 / 142
[19:23|    INFO| Crawl_Lotte.py:275] -------------------------------------
[19:23|    INFO| Crawl_Lotte.py:276] no: 영화코드, 영화명,       더빙/자막
[19:23|    INFO| Crawl_Lotte.py:277] -------------------------------------
[19:23|    INFO| Crawl_Lotte.py:301] 35 : 19909, 엘리멘탈(2D), 더빙
[19:23|    INFO| Crawl_Lotte.py:301] 36 : 19438, 엘리멘탈(2D), 자막
[19:23|    INFO| Crawl_Lotte.py:301] 37 : 19962, 인디아나 존스: 운명의 다이얼(2D), 
[19:23|    INFO| Crawl_Lotte.py:301] 38 : 19803, 범죄도시3(2D), 
[19:23|    INFO| Crawl_Lotte.py:301] 39 : 19775, 스파이더맨: 어크로스 더 유니버스(2D), 자막
[19:23|    INFO| Crawl_Lotte.py:301] 40 : 19864, 귀공자(2D), 
[19:23|    INFO| Crawl_Lotte.py:301] 41 : 19890, 악마들(2D), 
[19:23|    INFO| Crawl_Lotte.py:301] 42 : 19869, 라방(2D), 
[19:23|    INFO| Crawl_Lotte.py:301] 43 : 19887, 보 이즈 어프레이드(2D), 
[19:23|    INFO| Crawl_Lotte.py:301] 44 : 19876, 1986 그 여름, 그리고 고등어통조림(2D), 
[19:23|    INFO| Crawl_Lotte.py:301] 45 : 19203, 기적을 믿는 소녀(2D), 
[19:23|    INFO| Crawl_Lotte.py:345] ----------------
[19:23|    INFO| Crawl_Lotte.py:346] 관(코드), 좌석수
[19:23|    INFO| Crawl_Lotte.py:347] ----------------
[19:23|    INFO| Crawl_Lotte.py:350] 2관(101302), 142석
[19:23|    INFO| Crawl_Lotte.py:350] 5관(101305), 332석
[19:23|    INFO| Crawl_Lotte.py:350] 6관(101306), 184석
[19:23|    INFO| Crawl_Lotte.py:350] 4관(101304), 132석
[19:23|    INFO| Crawl_Lotte.py:350] 1관(101301), 164석
[19:23|    INFO| Crawl_Lotte.py:350] 3관(101303), 100석
[19:23|    INFO| Crawl_Lotte.py:353] -------------------------------------------------------------------------------
[19:23|    INFO| Crawl_Lotte.py:354] [가산디지털] 일자, 상영관, 회차, 영화, 시작시간~끝시간, 예약좌석수/총좌석수
[19:23|    INFO| Crawl_Lotte.py:355] -------------------------------------------------------------------------------
[19:23|    INFO| Crawl_Lotte.py:391] 06, 2관, 101, 엘리멘탈[2D](더빙), 13:00 ~ 14:59, 142 / 142
[19:23|    INFO| Crawl_Lotte.py:391] 06, 2관, 102, 엘리멘탈[2D](자막), 20:55 ~ 22:54, 142 / 142
[19:23|    INFO| Crawl_Lotte.py:391] 06, 5관, 201, 엘리멘탈[2D](자막), 15:30 ~ 17:29, 330 / 332
[19:23|    INFO| Crawl_Lotte.py:391] 06, 5관, 202, 엘리멘탈[2D](자막), 17:45 ~ 19:44, 329 / 332
[19:23|    INFO| Crawl_Lotte.py:391] 06, 5관, 203, 엘리멘탈[2D](자막), 20:00 ~ 21:59, 331 / 332
[19:23|    INFO| Crawl_Lotte.py:391] 06, 5관, 204, 엘리멘탈[2D](자막), 22:15 ~ 24:14, 332 / 332
[19:23|    INFO| Crawl_Lotte.py:391] 06, 6관, 301, 엘리멘탈[2D](자막), 10:00 ~ 11:59, 181 / 184
[19:23|    INFO| Crawl_Lotte.py:391] 06, 6관, 302, 엘리멘탈[2D](자막), 12:15 ~ 14:14, 184 / 184
[19:23|    INFO| Crawl_Lotte.py:391] 06, 6관, 303, 엘리멘탈[2D](자막), 14:30 ~ 16:29, 175 / 184
[19:23|    INFO| Crawl_Lotte.py:391] 06, 5관, 401, 인디아나 존스: 운명의 다이얼[2D](), 09:30 ~ 12:14, 332 / 332
[19:23|    INFO| Crawl_Lotte.py:391] 06, 5관, 402, 인디아나 존스: 운명의 다이얼[2D](), 12:30 ~ 15:14, 332 / 332
[19:23|    INFO| Crawl_Lotte.py:391] 06, 6관, 501, 인디아나 존스: 운명의 다이얼[2D](), 16:45 ~ 19:29, 184 / 184
[19:23|    INFO| Crawl_Lotte.py:391] 06, 6관, 502, 인디아나 존스: 운명의 다이얼[2D](), 19:45 ~ 22:29, 184 / 184
[19:23|    INFO| Crawl_Lotte.py:391] 06, 6관, 503, 인디아나 존스: 운명의 다이얼[2D](), 22:45 ~ 25:29, 184 / 184
[19:23|    INFO| Crawl_Lotte.py:391] 06, 4관, 601, 범죄도시3[2D](), 09:40 ~ 11:35, 130 / 132
[19:23|    INFO| Crawl_Lotte.py:391] 06, 4관, 602, 범죄도시3[2D](), 11:50 ~ 13:45, 132 / 132
[19:23|    INFO| Crawl_Lotte.py:391] 06, 4관, 603, 범죄도시3[2D](), 14:00 ~ 15:55, 127 / 132
[19:23|    INFO| Crawl_Lotte.py:391] 06, 4관, 604, 범죄도시3[2D](), 16:10 ~ 18:05, 132 / 132
[19:23|    INFO| Crawl_Lotte.py:391] 06, 4관, 605, 범죄도시3[2D](), 18:20 ~ 20:15, 132 / 132
[19:23|    INFO| Crawl_Lotte.py:391] 06, 4관, 606, 범죄도시3[2D](), 20:30 ~ 22:25, 132 / 132
[19:23|    INFO| Crawl_Lotte.py:391] 06, 4관, 607, 범죄도시3[2D](), 22:40 ~ 24:35, 132 / 132
[19:23|    INFO| Crawl_Lotte.py:391] 06, 1관, 701, 스파이더맨: 어크로스 더 유니버스[2D](자막), 16:45 ~ 19:14, 157 / 164
[19:23|    INFO| Crawl_Lotte.py:391] 06, 1관, 702, 귀공자[2D](), 12:05 ~ 14:12, 163 / 164
[19:23|    INFO| Crawl_Lotte.py:391] 06, 1관, 703, 귀공자[2D](), 19:30 ~ 21:37, 162 / 164
[19:23|    INFO| Crawl_Lotte.py:391] 06, 3관, 801, 귀공자[2D](), 15:45 ~ 17:52, 100 / 100
[19:23|    INFO| Crawl_Lotte.py:391] 06, 3관, 802, 악마들[2D](), 09:30 ~ 11:26, 100 / 100
[19:23|    INFO| Crawl_Lotte.py:391] 06, 3관, 803, 악마들[2D](), 13:35 ~ 15:31, 99 / 100
[19:23|    INFO| Crawl_Lotte.py:391] 06, 3관, 804, 악마들[2D](), 20:10 ~ 22:06, 99 / 100
[19:23|    INFO| Crawl_Lotte.py:391] 06, 3관, 805, 라방[2D](), 11:40 ~ 13:20, 100 / 100
[19:23|    INFO| Crawl_Lotte.py:391] 06, 3관, 806, 라방[2D](), 18:10 ~ 19:50, 100 / 100
[19:23|    INFO| Crawl_Lotte.py:391] 06, 3관, 807, 라방[2D](), 22:20 ~ 24:00, 100 / 100
[19:23|    INFO| Crawl_Lotte.py:391] 06, 2관, 901, 보 이즈 어프레이드[2D](), 15:15 ~ 18:24, 141 / 142
[19:23|    INFO| Crawl_Lotte.py:391] 06, 1관, 1001, 1986 그 여름, 그리고 고등어통조림[2D](), 09:50 ~ 11:36, 164 / 164
[19:23|    INFO| Crawl_Lotte.py:391] 06, 1관, 1002, 1986 그 여름, 그리고 고등어통조림[2D](), 14:40 ~ 16:26, 164 / 164
[19:23|    INFO| Crawl_Lotte.py:391] 06, 2관, 1101, 1986 그 여름, 그리고 고등어통조림[2D](), 18:45 ~ 20:31, 142 / 142
[19:23|    INFO| Crawl_Lotte.py:391] 06, 2관, 1102, 기적을 믿는 소녀[2D](), 10:55 ~ 12:45, 142 / 142
[19:23|    INFO| Crawl_Lotte.py:275] -------------------------------------
[19:23|    INFO| Crawl_Lotte.py:276] no: 영화코드, 영화명,       더빙/자막
[19:23|    INFO| Crawl_Lotte.py:277] -------------------------------------
[19:23|    INFO| Crawl_Lotte.py:301] 46 : 19438, 엘리멘탈(2D), 자막
[19:23|    INFO| Crawl_Lotte.py:301] 47 : 19909, 엘리멘탈(2D), 더빙
[19:23|    INFO| Crawl_Lotte.py:301] 48 : 19438, 엘리멘탈(2D), 자막
[19:23|    INFO| Crawl_Lotte.py:301] 49 : 19962, 인디아나 존스: 운명의 다이얼(2D), 
[19:23|    INFO| Crawl_Lotte.py:301] 50 : 19803, 범죄도시3(2D), 
[19:23|    INFO| Crawl_Lotte.py:301] 51 : 19775, 스파이더맨: 어크로스 더 유니버스(2D), 자막
[19:23|    INFO| Crawl_Lotte.py:301] 52 : 19864, 귀공자(2D), 
[19:23|    INFO| Crawl_Lotte.py:301] 53 : 19890, 악마들(2D), 
[19:23|    INFO| Crawl_Lotte.py:301] 54 : 19869, 라방(2D), 
[19:23|    INFO| Crawl_Lotte.py:301] 55 : 19887, 보 이즈 어프레이드(2D), 
[19:23|    INFO| Crawl_Lotte.py:301] 56 : 19876, 1986 그 여름, 그리고 고등어통조림(2D), 
[19:23|    INFO| Crawl_Lotte.py:301] 57 : 19203, 기적을 믿는 소녀(2D), 
[19:23|    INFO| Crawl_Lotte.py:345] ----------------
[19:23|    INFO| Crawl_Lotte.py:346] 관(코드), 좌석수
[19:23|    INFO| Crawl_Lotte.py:347] ----------------
[19:23|    INFO| Crawl_Lotte.py:350] 1관(101301), 164석
[19:23|    INFO| Crawl_Lotte.py:350] 2관(101302), 142석
[19:23|    INFO| Crawl_Lotte.py:350] 5관(101305), 332석
[19:23|    INFO| Crawl_Lotte.py:350] 6관(101306), 184석
[19:23|    INFO| Crawl_Lotte.py:350] 4관(101304), 132석
[19:23|    INFO| Crawl_Lotte.py:350] 3관(101303), 100석
[19:23|    INFO| Crawl_Lotte.py:353] -------------------------------------------------------------------------------
[19:23|    INFO| Crawl_Lotte.py:354] [가산디지털] 일자, 상영관, 회차, 영화, 시작시간~끝시간, 예약좌석수/총좌석수
[19:23|    INFO| Crawl_Lotte.py:355] -------------------------------------------------------------------------------
[19:23|    INFO| Crawl_Lotte.py:391] 07, 1관, 101, 엘리멘탈[2D](자막), 19:35 ~ 21:34, 154 / 164
[19:23|    INFO| Crawl_Lotte.py:391] 07, 2관, 201, 엘리멘탈[2D](더빙), 13:00 ~ 14:59, 142 / 142
[19:23|    INFO| Crawl_Lotte.py:391] 07, 2관, 202, 엘리멘탈[2D](자막), 21:05 ~ 23:04, 142 / 142
[19:23|    INFO| Crawl_Lotte.py:391] 07, 5관, 301, 엘리멘탈[2D](자막), 10:00 ~ 11:59, 330 / 332
[19:23|    INFO| Crawl_Lotte.py:391] 07, 5관, 302, 엘리멘탈[2D](자막), 12:15 ~ 14:14, 332 / 332
[19:23|    INFO| Crawl_Lotte.py:391] 07, 5관, 303, 엘리멘탈[2D](자막), 14:30 ~ 16:29, 330 / 332
[19:23|    INFO| Crawl_Lotte.py:391] 07, 6관, 401, 엘리멘탈[2D](자막), 15:25 ~ 17:24, 179 / 184
[19:23|    INFO| Crawl_Lotte.py:391] 07, 6관, 402, 엘리멘탈[2D](자막), 17:40 ~ 19:39, 182 / 184
[19:23|    INFO| Crawl_Lotte.py:391] 07, 6관, 403, 엘리멘탈[2D](자막), 22:15 ~ 24:14, 184 / 184
[19:23|    INFO| Crawl_Lotte.py:391] 07, 5관, 501, 인디아나 존스: 운명의 다이얼[2D](), 16:45 ~ 19:29, 331 / 332
[19:23|    INFO| Crawl_Lotte.py:391] 07, 5관, 502, 인디아나 존스: 운명의 다이얼[2D](), 19:45 ~ 22:29, 332 / 332
[19:23|    INFO| Crawl_Lotte.py:391] 07, 5관, 503, 인디아나 존스: 운명의 다이얼[2D](), 22:45 ~ 25:29, 332 / 332
[19:23|    INFO| Crawl_Lotte.py:391] 07, 6관, 601, 인디아나 존스: 운명의 다이얼[2D](), 09:25 ~ 12:09, 184 / 184
[19:23|    INFO| Crawl_Lotte.py:391] 07, 6관, 602, 인디아나 존스: 운명의 다이얼[2D](), 12:25 ~ 15:09, 184 / 184
[19:23|    INFO| Crawl_Lotte.py:391] 07, 4관, 701, 범죄도시3[2D](), 09:40 ~ 11:35, 132 / 132
[19:23|    INFO| Crawl_Lotte.py:391] 07, 4관, 702, 범죄도시3[2D](), 11:50 ~ 13:45, 132 / 132
[19:23|    INFO| Crawl_Lotte.py:391] 07, 4관, 703, 범죄도시3[2D](), 14:00 ~ 15:55, 132 / 132
[19:23|    INFO| Crawl_Lotte.py:391] 07, 4관, 704, 범죄도시3[2D](), 16:10 ~ 18:05, 132 / 132
[19:23|    INFO| Crawl_Lotte.py:391] 07, 4관, 705, 범죄도시3[2D](), 18:20 ~ 20:15, 130 / 132
[19:23|    INFO| Crawl_Lotte.py:391] 07, 4관, 706, 범죄도시3[2D](), 20:30 ~ 22:25, 132 / 132
[19:23|    INFO| Crawl_Lotte.py:391] 07, 4관, 707, 범죄도시3[2D](), 22:40 ~ 24:35, 132 / 132
[19:23|    INFO| Crawl_Lotte.py:391] 07, 1관, 801, 스파이더맨: 어크로스 더 유니버스[2D](자막), 16:45 ~ 19:14, 164 / 164
[19:23|    INFO| Crawl_Lotte.py:391] 07, 1관, 802, 스파이더맨: 어크로스 더 유니버스[2D](자막), 21:50 ~ 24:19, 156 / 164
[19:23|    INFO| Crawl_Lotte.py:391] 07, 1관, 803, 귀공자[2D](), 12:05 ~ 14:12, 164 / 164
[19:23|    INFO| Crawl_Lotte.py:391] 07, 2관, 901, 귀공자[2D](), 18:40 ~ 20:47, 142 / 142
[19:23|    INFO| Crawl_Lotte.py:391] 07, 3관, 1001, 귀공자[2D](), 15:45 ~ 17:52, 100 / 100
[19:23|    INFO| Crawl_Lotte.py:391] 07, 3관, 1002, 악마들[2D](), 09:30 ~ 11:26, 100 / 100
[19:23|    INFO| Crawl_Lotte.py:391] 07, 3관, 1003, 악마들[2D](), 13:35 ~ 15:31, 100 / 100
[19:23|    INFO| Crawl_Lotte.py:391] 07, 3관, 1004, 악마들[2D](), 20:10 ~ 22:06, 95 / 100
[19:23|    INFO| Crawl_Lotte.py:391] 07, 3관, 1005, 라방[2D](), 11:40 ~ 13:20, 100 / 100
[19:23|    INFO| Crawl_Lotte.py:391] 07, 3관, 1006, 라방[2D](), 18:10 ~ 19:50, 100 / 100
[19:23|    INFO| Crawl_Lotte.py:391] 07, 3관, 1007, 라방[2D](), 22:20 ~ 24:00, 100 / 100
[19:23|    INFO| Crawl_Lotte.py:391] 07, 2관, 1101, 보 이즈 어프레이드[2D](), 15:15 ~ 18:24, 140 / 142
[19:23|    INFO| Crawl_Lotte.py:391] 07, 1관, 1201, 1986 그 여름, 그리고 고등어통조림[2D](), 09:50 ~ 11:36, 164 / 164
[19:23|    INFO| Crawl_Lotte.py:391] 07, 1관, 1202, 1986 그 여름, 그리고 고등어통조림[2D](), 14:40 ~ 16:26, 164 / 164
[19:23|    INFO| Crawl_Lotte.py:391] 07, 2관, 1301, 기적을 믿는 소녀[2D](), 10:55 ~ 12:45, 142 / 142
[19:23|    INFO| Crawl_Lotte.py:275] -------------------------------------
[19:23|    INFO| Crawl_Lotte.py:276] no: 영화코드, 영화명,       더빙/자막
[19:23|    INFO| Crawl_Lotte.py:277] -------------------------------------
[19:23|    INFO| Crawl_Lotte.py:301] 58 : 19438, 엘리멘탈(2D), 자막
[19:23|    INFO| Crawl_Lotte.py:301] 59 : 20002, 미션 임파서블: 데드 레코닝 PART ONE(2D), 
[19:23|    INFO| Crawl_Lotte.py:301] 60 : 19803, 범죄도시3(2D), 
[19:23|    INFO| Crawl_Lotte.py:345] ----------------
[19:23|    INFO| Crawl_Lotte.py:346] 관(코드), 좌석수
[19:23|    INFO| Crawl_Lotte.py:347] ----------------
[19:23|    INFO| Crawl_Lotte.py:350] 6관(101306), 184석
[19:23|    INFO| Crawl_Lotte.py:350] 5관(101305), 332석
[19:23|    INFO| Crawl_Lotte.py:350] 4관(101304), 132석
[19:23|    INFO| Crawl_Lotte.py:353] -------------------------------------------------------------------------------
[19:23|    INFO| Crawl_Lotte.py:354] [가산디지털] 일자, 상영관, 회차, 영화, 시작시간~끝시간, 예약좌석수/총좌석수
[19:23|    INFO| Crawl_Lotte.py:355] -------------------------------------------------------------------------------
[19:23|    INFO| Crawl_Lotte.py:391] 08, 6관, 101, 엘리멘탈[2D](자막), 10:00 ~ 11:59, 174 / 184
[19:23|    INFO| Crawl_Lotte.py:391] 08, 6관, 102, 엘리멘탈[2D](자막), 12:20 ~ 14:19, 184 / 184
[19:23|    INFO| Crawl_Lotte.py:391] 08, 6관, 103, 엘리멘탈[2D](자막), 14:40 ~ 16:39, 172 / 184
[19:23|    INFO| Crawl_Lotte.py:391] 08, 6관, 104, 엘리멘탈[2D](자막), 17:00 ~ 18:59, 179 / 184
[19:23|    INFO| Crawl_Lotte.py:391] 08, 6관, 105, 엘리멘탈[2D](자막), 19:20 ~ 21:19, 182 / 184
[19:23|    INFO| Crawl_Lotte.py:391] 08, 6관, 106, 엘리멘탈[2D](자막), 21:40 ~ 23:39, 184 / 184
[19:23|    INFO| Crawl_Lotte.py:391] 08, 5관, 201, 미션 임파서블: 데드 레코닝 PART ONE[2D](), 13:30 ~ 16:23, 301 / 332
[19:23|    INFO| Crawl_Lotte.py:391] 08, 5관, 202, 미션 임파서블: 데드 레코닝 PART ONE[2D](), 16:40 ~ 19:33, 325 / 332
[19:23|    INFO| Crawl_Lotte.py:391] 08, 4관, 301, 범죄도시3[2D](), 10:00 ~ 11:55, 130 / 132
[19:23|    INFO| Crawl_Lotte.py:391] 08, 4관, 302, 범죄도시3[2D](), 12:10 ~ 14:05, 132 / 132
[19:23|    INFO| Crawl_Lotte.py:391] 08, 4관, 303, 범죄도시3[2D](), 14:20 ~ 16:15, 129 / 132
[19:23|    INFO| Crawl_Lotte.py:391] 08, 4관, 304, 범죄도시3[2D](), 16:30 ~ 18:25, 129 / 132
[19:23|    INFO| Crawl_Lotte.py:391] 08, 4관, 305, 범죄도시3[2D](), 18:40 ~ 20:35, 131 / 132
[19:23|    INFO| Crawl_Lotte.py:391] 08, 4관, 306, 범죄도시3[2D](), 20:50 ~ 22:45, 132 / 132
[19:23|    INFO| Crawl_Lotte.py:391] 08, 4관, 307, 범죄도시3[2D](), 23:00 ~ 24:55, 132 / 132
[19:23|    INFO| Crawl_Lotte.py:275] -------------------------------------
[19:23|    INFO| Crawl_Lotte.py:276] no: 영화코드, 영화명,       더빙/자막
[19:23|    INFO| Crawl_Lotte.py:277] -------------------------------------
[19:23|    INFO| Crawl_Lotte.py:301] 61 : 19438, 엘리멘탈(2D), 자막
[19:23|    INFO| Crawl_Lotte.py:301] 62 : 20002, 미션 임파서블: 데드 레코닝 PART ONE(2D), 
[19:23|    INFO| Crawl_Lotte.py:301] 63 : 19803, 범죄도시3(2D), 
[19:23|    INFO| Crawl_Lotte.py:345] ----------------
[19:23|    INFO| Crawl_Lotte.py:346] 관(코드), 좌석수
[19:23|    INFO| Crawl_Lotte.py:347] ----------------
[19:23|    INFO| Crawl_Lotte.py:350] 6관(101306), 184석
[19:23|    INFO| Crawl_Lotte.py:350] 5관(101305), 332석
[19:23|    INFO| Crawl_Lotte.py:350] 4관(101304), 132석
[19:23|    INFO| Crawl_Lotte.py:353] -------------------------------------------------------------------------------
[19:23|    INFO| Crawl_Lotte.py:354] [가산디지털] 일자, 상영관, 회차, 영화, 시작시간~끝시간, 예약좌석수/총좌석수
[19:23|    INFO| Crawl_Lotte.py:355] -------------------------------------------------------------------------------
[19:23|    INFO| Crawl_Lotte.py:391] 09, 6관, 101, 엘리멘탈[2D](자막), 10:00 ~ 11:59, 182 / 184
[19:23|    INFO| Crawl_Lotte.py:391] 09, 6관, 102, 엘리멘탈[2D](자막), 12:20 ~ 14:19, 173 / 184
[19:23|    INFO| Crawl_Lotte.py:391] 09, 6관, 103, 엘리멘탈[2D](자막), 14:40 ~ 16:39, 176 / 184
[19:23|    INFO| Crawl_Lotte.py:391] 09, 6관, 104, 엘리멘탈[2D](자막), 17:00 ~ 18:59, 182 / 184
[19:23|    INFO| Crawl_Lotte.py:391] 09, 6관, 105, 엘리멘탈[2D](자막), 19:20 ~ 21:19, 184 / 184
[19:23|    INFO| Crawl_Lotte.py:391] 09, 6관, 106, 엘리멘탈[2D](자막), 21:40 ~ 23:39, 182 / 184
[19:23|    INFO| Crawl_Lotte.py:391] 09, 5관, 201, 미션 임파서블: 데드 레코닝 PART ONE[2D](), 13:30 ~ 16:23, 317 / 332
[19:23|    INFO| Crawl_Lotte.py:391] 09, 5관, 202, 미션 임파서블: 데드 레코닝 PART ONE[2D](), 16:40 ~ 19:33, 324 / 332
[19:23|    INFO| Crawl_Lotte.py:391] 09, 4관, 301, 범죄도시3[2D](), 10:00 ~ 11:55, 132 / 132
[19:23|    INFO| Crawl_Lotte.py:391] 09, 4관, 302, 범죄도시3[2D](), 12:10 ~ 14:05, 132 / 132
[19:23|    INFO| Crawl_Lotte.py:391] 09, 4관, 303, 범죄도시3[2D](), 14:20 ~ 16:15, 132 / 132
[19:23|    INFO| Crawl_Lotte.py:391] 09, 4관, 304, 범죄도시3[2D](), 16:30 ~ 18:25, 132 / 132
[19:23|    INFO| Crawl_Lotte.py:391] 09, 4관, 305, 범죄도시3[2D](), 18:40 ~ 20:35, 132 / 132
[19:23|    INFO| Crawl_Lotte.py:391] 09, 4관, 306, 범죄도시3[2D](), 20:50 ~ 22:45, 132 / 132
[19:23|    INFO| Crawl_Lotte.py:391] 09, 4관, 307, 범죄도시3[2D](), 23:00 ~ 24:55, 132 / 132
[19:23|    INFO| Crawl_Lotte.py:275] -------------------------------------
[19:23|    INFO| Crawl_Lotte.py:276] no: 영화코드, 영화명,       더빙/자막
[19:23|    INFO| Crawl_Lotte.py:277] -------------------------------------
[19:23|    INFO| Crawl_Lotte.py:301] 64 : 20033, 미션 임파서블: 데드 레코닝 PART ONE(4D2D), 
[19:23|    INFO| Crawl_Lotte.py:301] 65 : 20002, 미션 임파서블: 데드 레코닝 PART ONE(2D), 
[19:23|    INFO| Crawl_Lotte.py:345] ----------------
[19:23|    INFO| Crawl_Lotte.py:346] 관(코드), 좌석수
[19:23|    INFO| Crawl_Lotte.py:347] ----------------
[19:23|    INFO| Crawl_Lotte.py:350] 3관(101303), 100석
[19:23|    INFO| Crawl_Lotte.py:350] 5관(101305), 332석
[19:23|    INFO| Crawl_Lotte.py:350] 6관(101306), 184석
[19:23|    INFO| Crawl_Lotte.py:350] 1관(101301), 164석
[19:23|    INFO| Crawl_Lotte.py:353] -------------------------------------------------------------------------------
[19:23|    INFO| Crawl_Lotte.py:354] [가산디지털] 일자, 상영관, 회차, 영화, 시작시간~끝시간, 예약좌석수/총좌석수
[19:23|    INFO| Crawl_Lotte.py:355] -------------------------------------------------------------------------------
[19:23|    INFO| Crawl_Lotte.py:391] 12, 3관, 101, 미션 임파서블: 데드 레코닝 PART ONE[4D2D](), 11:30 ~ 14:23, 80 / 100
[19:23|    INFO| Crawl_Lotte.py:391] 12, 3관, 102, 미션 임파서블: 데드 레코닝 PART ONE[4D2D](), 14:40 ~ 17:33, 80 / 100
[19:23|    INFO| Crawl_Lotte.py:391] 12, 3관, 103, 미션 임파서블: 데드 레코닝 PART ONE[4D2D](), 17:50 ~ 20:43, 80 / 100
[19:23|    INFO| Crawl_Lotte.py:391] 12, 3관, 104, 미션 임파서블: 데드 레코닝 PART ONE[4D2D](), 21:00 ~ 23:53, 80 / 100
[19:23|    INFO| Crawl_Lotte.py:391] 12, 5관, 201, 미션 임파서블: 데드 레코닝 PART ONE[2D](), 10:00 ~ 12:53, 329 / 332
[19:23|    INFO| Crawl_Lotte.py:391] 12, 6관, 301, 미션 임파서블: 데드 레코닝 PART ONE[2D](), 17:10 ~ 20:03, 184 / 184
[19:23|    INFO| Crawl_Lotte.py:391] 12, 6관, 302, 미션 임파서블: 데드 레코닝 PART ONE[2D](), 20:20 ~ 23:13, 184 / 184
[19:23|    INFO| Crawl_Lotte.py:391] 12, 6관, 303, 미션 임파서블: 데드 레코닝 PART ONE[2D](), 23:30 ~ 26:23, 184 / 184
[19:23|    INFO| Crawl_Lotte.py:391] 12, 5관, 401, 미션 임파서블: 데드 레코닝 PART ONE[2D](), 13:10 ~ 16:03, 330 / 332
[19:23|    INFO| Crawl_Lotte.py:391] 12, 5관, 402, 미션 임파서블: 데드 레코닝 PART ONE[2D](), 16:20 ~ 19:13, 332 / 332
[19:23|    INFO| Crawl_Lotte.py:391] 12, 5관, 403, 미션 임파서블: 데드 레코닝 PART ONE[2D](), 19:30 ~ 22:23, 314 / 332
[19:23|    INFO| Crawl_Lotte.py:391] 12, 5관, 404, 미션 임파서블: 데드 레코닝 PART ONE[2D](), 22:40 ~ 25:33, 332 / 332
[19:23|    INFO| Crawl_Lotte.py:391] 12, 6관, 501, 미션 임파서블: 데드 레코닝 PART ONE[2D](), 10:50 ~ 13:43, 184 / 184
[19:23|    INFO| Crawl_Lotte.py:391] 12, 6관, 502, 미션 임파서블: 데드 레코닝 PART ONE[2D](), 14:00 ~ 16:53, 184 / 184
[19:23|    INFO| Crawl_Lotte.py:391] 12, 1관, 601, 미션 임파서블: 데드 레코닝 PART ONE[2D](), 09:10 ~ 12:03, 164 / 164
[19:23|    INFO| Crawl_Lotte.py:275] -------------------------------------
[19:23|    INFO| Crawl_Lotte.py:276] no: 영화코드, 영화명,       더빙/자막
[19:23|    INFO| Crawl_Lotte.py:277] -------------------------------------
[19:23|    INFO| Crawl_Lotte.py:301] 66 : 20033, 미션 임파서블: 데드 레코닝 PART ONE(4D2D), 
[19:23|    INFO| Crawl_Lotte.py:301] 67 : 20002, 미션 임파서블: 데드 레코닝 PART ONE(2D), 
[19:23|    INFO| Crawl_Lotte.py:345] ----------------
[19:23|    INFO| Crawl_Lotte.py:346] 관(코드), 좌석수
[19:23|    INFO| Crawl_Lotte.py:347] ----------------
[19:23|    INFO| Crawl_Lotte.py:350] 3관(101303), 100석
[19:23|    INFO| Crawl_Lotte.py:350] 5관(101305), 332석
[19:23|    INFO| Crawl_Lotte.py:350] 6관(101306), 184석
[19:23|    INFO| Crawl_Lotte.py:350] 1관(101301), 164석
[19:23|    INFO| Crawl_Lotte.py:353] -------------------------------------------------------------------------------
[19:23|    INFO| Crawl_Lotte.py:354] [가산디지털] 일자, 상영관, 회차, 영화, 시작시간~끝시간, 예약좌석수/총좌석수
[19:23|    INFO| Crawl_Lotte.py:355] -------------------------------------------------------------------------------
[19:23|    INFO| Crawl_Lotte.py:391] 13, 3관, 101, 미션 임파서블: 데드 레코닝 PART ONE[4D2D](), 11:30 ~ 14:23, 80 / 100
[19:23|    INFO| Crawl_Lotte.py:391] 13, 3관, 102, 미션 임파서블: 데드 레코닝 PART ONE[4D2D](), 14:40 ~ 17:33, 80 / 100
[19:23|    INFO| Crawl_Lotte.py:391] 13, 3관, 103, 미션 임파서블: 데드 레코닝 PART ONE[4D2D](), 17:50 ~ 20:43, 80 / 100
[19:23|    INFO| Crawl_Lotte.py:391] 13, 3관, 104, 미션 임파서블: 데드 레코닝 PART ONE[4D2D](), 21:00 ~ 23:53, 80 / 100
[19:23|    INFO| Crawl_Lotte.py:391] 13, 5관, 201, 미션 임파서블: 데드 레코닝 PART ONE[2D](), 10:00 ~ 12:53, 332 / 332
[19:23|    INFO| Crawl_Lotte.py:391] 13, 6관, 301, 미션 임파서블: 데드 레코닝 PART ONE[2D](), 17:10 ~ 20:03, 184 / 184
[19:23|    INFO| Crawl_Lotte.py:391] 13, 6관, 302, 미션 임파서블: 데드 레코닝 PART ONE[2D](), 20:20 ~ 23:13, 184 / 184
[19:23|    INFO| Crawl_Lotte.py:391] 13, 6관, 303, 미션 임파서블: 데드 레코닝 PART ONE[2D](), 23:30 ~ 26:23, 184 / 184
[19:23|    INFO| Crawl_Lotte.py:391] 13, 5관, 401, 미션 임파서블: 데드 레코닝 PART ONE[2D](), 13:10 ~ 16:03, 332 / 332
[19:23|    INFO| Crawl_Lotte.py:391] 13, 5관, 402, 미션 임파서블: 데드 레코닝 PART ONE[2D](), 16:20 ~ 19:13, 332 / 332
[19:23|    INFO| Crawl_Lotte.py:391] 13, 5관, 403, 미션 임파서블: 데드 레코닝 PART ONE[2D](), 19:30 ~ 22:23, 332 / 332
[19:23|    INFO| Crawl_Lotte.py:391] 13, 5관, 404, 미션 임파서블: 데드 레코닝 PART ONE[2D](), 22:40 ~ 25:33, 332 / 332
[19:23|    INFO| Crawl_Lotte.py:391] 13, 6관, 501, 미션 임파서블: 데드 레코닝 PART ONE[2D](), 10:50 ~ 13:43, 184 / 184
[19:23|    INFO| Crawl_Lotte.py:391] 13, 6관, 502, 미션 임파서블: 데드 레코닝 PART ONE[2D](), 14:00 ~ 16:53, 184 / 184
[19:23|    INFO| Crawl_Lotte.py:391] 13, 1관, 601, 미션 임파서블: 데드 레코닝 PART ONE[2D](), 09:10 ~ 12:03, 164 / 164
