[    INFO| CrawllingBatch.py:266 ] 안녕하세요!
극장체인점 & 영진위 상영정보 크로링서비스 (leehs) 입니다.
[    INFO| CrawllingBatch.py:322 ] MEGA크롤링실행(~7일 후 까지)을 시작 합니다!
(최근 완료일시 : 2020-03-02 21:55)
[    INFO| CrawllingBatch.py:156 ] MEGA 크롤링 중 오류발생!
[    INFO| CrawllingBatch.py:427 ] 2
[    INFO| CrawllingBatch.py:427 ] 2
[    INFO| CrawllingBatch.py:354 ] LOTTE크롤링실행(~7일 후 까지)을 시작 합니다!
(최근 완료일시 : 2020-03-02 21:55)
[    INFO| CrawllingBatch.py:188 ] LOTTE 크롤링 중 오류발생!
[    INFO| CrawllingBatch.py:386 ] CGV크롤링실행(~7일 후 까지)을 시작 합니다!
(최근 완료일시 : 2020-03-02 21:55)
[    INFO| CrawllingBatch.py:220 ] CGV 크롤링 중 오류발생!
[    INFO| CrawllingBatch.py:418 ] KOBIS크롤링실행(~3일 후 까지)을 시작 합니다!
(최근 완료일시 : 2020-03-02 21:55)
[    INFO| CrawllingBatch.py:252 ] KOBIS 크롤링 중 오류발생!
[    INFO| CrawllingBatch.py:427 ] /all
[    INFO| CrawllingBatch.py:322 ] MEGA크롤링실행(~7일 후 까지)을 시작 합니다!
(최근 완료일시 : 2020-03-02 21:55)
[    INFO| CrawllingBatch.py:354 ] LOTTE크롤링실행(~7일 후 까지)을 시작 합니다!
(최근 완료일시 : 2020-03-02 21:55)
[    INFO| CrawllingBatch.py:332 ] 지금 LOTTE크롤링이 실행 중 입니다!
[    INFO| CrawllingBatch.py:386 ] CGV크롤링실행(~7일 후 까지)을 시작 합니다!
(최근 완료일시 : 2020-03-02 21:55)
[    INFO| CrawllingBatch.py:418 ] KOBIS크롤링실행(~3일 후 까지)을 시작 합니다!
(최근 완료일시 : 2020-03-02 21:55)
