[16:52|    INFO|  Cc_Mn_Mega.py: 41] 
[16:52|    INFO|  Cc_Mn_Mega.py: 42] ===============================================================================================================================
[16:52|    INFO|  Cc_Mn_Mega.py: 43]  1. ### 영화(https://www.megabox.co.kr/on/oh/oha/Movie/selectMovieList.do) 에서 영화데이터를 가지고 온다. ###                  
[16:52|    INFO|  Cc_Mn_Mega.py: 44] -------------------------------------------------------------------------------------------------------------------------------
[16:52|    INFO|  Cc_Mn_Mega.py: 68] -------------------------------------------------------------------------------------------------------------------------------
[16:52|    INFO|  Cc_Mn_Mega.py: 69] 영화코드 : 개봉일자, 구분, 영화명    
[16:52|    INFO|  Cc_Mn_Mega.py: 70] -------------------------------------------------------------------------------------------------------------------------------
[16:52|    INFO|  Cc_Mn_Mega.py: 80] 23048900 : 20230712, 15세이상관람가, 미션 임파서블: 데드 레코닝 PART ONE
[16:52|    INFO|  Cc_Mn_Mega.py: 80] 23034900 : 20230614, 전체관람가, 엘리멘탈
[16:52|    INFO|  Cc_Mn_Mega.py: 80] 23049400 : 20230719, 12세이상관람가, 바비
[16:52|    INFO|  Cc_Mn_Mega.py: 80] 23048800 : 20230802, 12세이상관람가, 비공식작전
[16:52|    INFO|  Cc_Mn_Mega.py: 80] 23028800 : 20230621, 전체관람가, 스파이더맨: 어크로스 더 유니버스
[16:52|    INFO|  Cc_Mn_Mega.py: 80] 23035100 : 20230628, 12세이상관람가, 여름날 우리
[16:52|    INFO|  Cc_Mn_Mega.py: 80] 23043800 : 20230712, 15세이상관람가, [워너필소] 조디악
[16:52|    INFO|  Cc_Mn_Mega.py: 80] 23043900 : 20230712, 15세이상관람가, 좋.댓.구
[16:52|    INFO|  Cc_Mn_Mega.py: 80] 23015400 : 20230628, 12세이상관람가, 인디아나 존스: 운명의 다이얼
[16:52|    INFO|  Cc_Mn_Mega.py: 80] 23035600 : 20230531, 15세이상관람가, 범죄도시3
[16:52|    INFO|  Cc_Mn_Mega.py: 80] 23040000 : 20230705, 청소년관람불가, 보 이즈 어프레이드
[16:52|    INFO|  Cc_Mn_Mega.py: 80] 23047900 : 20230720, 12세이상관람가, 명탐정코난: 흑철의 어영
[16:52|    INFO|  Cc_Mn_Mega.py: 80] 22103500 : 20230104, 12세이상관람가, 더 퍼스트 슬램덩크
[16:52|    INFO|  Cc_Mn_Mega.py: 80] 23029300 : 20230726, 15세이상관람가, 밀수
[16:52|    INFO|  Cc_Mn_Mega.py: 80] 23049200 : 20230720, 전체관람가, 극장판 슈퍼윙스: 맥시멈 스피드
[16:52|    INFO|  Cc_Mn_Mega.py: 80] 23030000 : 20230621, 청소년관람불가, 귀공자
[16:52|    INFO|  Cc_Mn_Mega.py: 80] 23042200 : 20230720, 전체관람가, 아버지의 마음
[16:52|    INFO|  Cc_Mn_Mega.py: 80] 23041700 : 20230705, 12세이상관람가, 엔니오: 더 마에스트로
[16:52|    INFO|  Cc_Mn_Mega.py: 80] 23038600 : 20230628, 12세이상관람가, 애스터로이드 시티
[16:52|    INFO|  Cc_Mn_Mega.py: 80] 23036300 : 20230703, 전체관람가, [로열 발레] 잠자는 숲속의 미녀
[16:52|    INFO|  Cc_Mn_Mega.py: 80] 23044200 : 20230716, 청소년관람불가, [사건 읽는 영화관] 대한민국 강력사건 : 마약사건
[16:52|    INFO|  Cc_Mn_Mega.py: 80] 23043300 : 20230712, 전체관람가, 비밀의 언덕
[16:52|    INFO|  Cc_Mn_Mega.py: 80] 23044500 : 20230708, 12세이상관람가, [HE 로맨스] 해피메리엔딩
[16:52|    INFO|  Cc_Mn_Mega.py: 80] 23048200 : 20230727, 전체관람가, [내 생애 첫 미술관] 루브르 박물관
[16:52|    INFO|  Cc_Mn_Mega.py: 80] 23042400 : 20230713, 전체관람가, 극장판 피노키오 위대한 모험
[16:52|    INFO|  Cc_Mn_Mega.py: 80] 21068600 : 20211118, 전체관람가, 뱅드림! 필름 라이브 세컨드 스테이지
[16:52|    INFO|  Cc_Mn_Mega.py: 80] 23038300 : 20230705, 15세이상관람가, 빈틈없는 사이
[16:52|    INFO|  Cc_Mn_Mega.py: 80] 23034600 : 20230712, 12세이상관람가, 슬기로운 아내 수업
[16:52|    INFO|  Cc_Mn_Mega.py: 80] 23044400 : 20230719, 12세이상관람가, 러브 라이프
[16:52|    INFO|  Cc_Mn_Mega.py: 80] 23043100 : 20230712, 전체관람가, 디어 마이 러브
[16:52|    INFO|  Cc_Mn_Mega.py: 80] 23043700 : 20230705, 15세이상관람가, [워너필소] 디파티드
[16:52|    INFO|  Cc_Mn_Mega.py: 80] 23039900 : 20230705, 청소년관람불가, 악마들
[16:52|    INFO|  Cc_Mn_Mega.py: 80] 23050100 : 20230712, 15세이상관람가, 극장판 아름다운 그: 이터널
[16:52|    INFO|  Cc_Mn_Mega.py: 80] 23042500 : 20230705, 15세이상관람가, 풍재기시
[16:52|    INFO|  Cc_Mn_Mega.py: 80] 23043600 : 20230628, 청소년관람불가, [워너필소] 샤이닝
[16:52|    INFO|  Cc_Mn_Mega.py: 80] 23039800 : 20230628, 12세이상관람가, 하나님의 마음
[16:52|    INFO|  Cc_Mn_Mega.py: 80] 22075200 : 20230426, 전체관람가, 슈퍼 마리오 브라더스
[16:52|    INFO|  Cc_Mn_Mega.py: 80] 23046100 : 20230712, 15세이상관람가, 블레이즈
[16:52|    INFO|  Cc_Mn_Mega.py: 80] 23018400 : 20230503, 12세이상관람가, 가디언즈 오브 갤럭시: Volume 3
[16:52|    INFO|  Cc_Mn_Mega.py: 80] 23024100 : 20230412, 12세이상관람가, 거울 속 외딴 성
[16:52|    INFO|  Cc_Mn_Mega.py: 80] 23023400 : 20230412, 청소년관람불가, 존 윅 4
[16:52|    INFO|  Cc_Mn_Mega.py: 80] 23041800 : 20230614, 전체관람가, 위대한 작은 농장
[16:52|    INFO|  Cc_Mn_Mega.py: 80] 23050400 : 20230731, 전체관람가, [로열 오페라] 일 트로바토레
[16:52|    INFO|  Cc_Mn_Mega.py: 80] 23037400 : 20230705, 12세이상관람가, 어디로 가고 싶으신가요
[16:52|    INFO|  Cc_Mn_Mega.py: 80] 23042900 : 20230712, 전체관람가, 작은 정원
[16:52|    INFO|  Cc_Mn_Mega.py: 80] 23049900 : 20230701, 12세이상관람가, 이삭줍는 사람들과 나
[16:52|    INFO|  Cc_Mn_Mega.py: 80] 23037300 : 20230606, 12세이상관람가, 트랜스포머: 비스트의 서막
[16:52|    INFO|  Cc_Mn_Mega.py: 80] 23048100 : 20230705, 청소년관람불가, 몸값part.2
[16:52|    INFO|  Cc_Mn_Mega.py: 80] 23035900 : 20230614, 전체관람가, 너의 눈을 들여다보면
[16:52|    INFO|  Cc_Mn_Mega.py: 80] 23041900 : 20230614, 12세이상관람가, 플래시
[16:52|    INFO|  Cc_Mn_Mega.py: 80] 23048000 : 20230705, 청소년관람불가, 몸값part.1
[16:52|    INFO|  Cc_Mn_Mega.py: 80] 23035400 : 20230621, 전체관람가, 수라
[16:52|    INFO|  Cc_Mn_Mega.py: 80] 23040100 : 20230607, 전체관람가, 자우림, 더 원더랜드
[16:52|    INFO|  Cc_Mn_Mega.py: 80] 23028100 : 20230517, 15세이상관람가, 슬픔의 삼각형
[16:52|    INFO|  Cc_Mn_Mega.py: 80] 23050900 : 20230719, 15세이상관람가, 인시디어스: 빨간 문
[16:52|    INFO|  Cc_Mn_Mega.py: 80] 23030200 : 20230531, 전체관람가, 극장판 포켓몬스터DP : 아르세우스 초극의 시공으로
[16:52|    INFO|  Cc_Mn_Mega.py: 80] 23044600 : 20230708, 15세이상관람가, [HE 로맨스] 오! 나의 어시님
[16:52|    INFO|  Cc_Mn_Mega.py: 80] 23044700 : 20230708, 12세이상관람가, [HE 로맨스] 하숙집오!번지
[16:52|    INFO|  Cc_Mn_Mega.py: 80] 23040700 : 20230705, 12세이상관람가, 플래닛
[16:52|    INFO|  Cc_Mn_Mega.py: 80] 23036800 : 20230525, 12세이상관람가, 사슴의 왕
[16:52|    INFO|  Cc_Mn_Mega.py: 80] 23042700 : 20230701, 15세이상관람가, [아웃도어미션게임 극장판] 그놈을 잡아라!
[16:52|    INFO|  Cc_Mn_Mega.py: 80] 23035000 : 20230516, 12세이상관람가, 바깥 나라의 소녀
[16:52|    INFO|  Cc_Mn_Mega.py: 80] 23032600 : 20230518, 전체관람가, 극장판 리틀 슈퍼맨 샘샘
[16:52|    INFO|  Cc_Mn_Mega.py: 80] 23010500 : 20230524, 전체관람가, 아기공룡 둘리 : 얼음별 대모험 리마스터링
[16:52|    INFO|  Cc_Mn_Mega.py: 80] 23039000 : 20230614, 12세이상관람가, 실버맨
[16:52|    INFO|  Cc_Mn_Mega.py: 80] 23042800 : 20230628, 청소년관람불가, 라방
[16:52|    INFO|  Cc_Mn_Mega.py: 80] 22095400 : 20230705, 전체관람가, 기적을 믿는 소녀
[16:52|    INFO|  Cc_Mn_Mega.py: 80] 23044000 : 20230719, 15세이상관람가, 더 썬
[16:52|    INFO|  Cc_Mn_Mega.py: 80] 23043000 : 20230719, 12세이상관람가, 보통의 카스미
[16:52|    INFO|  Cc_Mn_Mega.py: 80] 23047800 : 20230720, 전체관람가, 슈퍼 키드 헤일리
[16:52|    INFO|  Cc_Mn_Mega.py: 80] 23046500 : 20230726, 15세이상관람가, 비닐하우스
[16:52|    INFO|  Cc_Mn_Mega.py: 80] 23050500 : 20230730, 전체관람가, [2023 잘츠부르크 페스티벌] 틸레만 & 빈 필 콘서트
[16:52|    INFO|  Cc_Mn_Mega.py: 80] 23046300 : None, 청소년관람불가, 에고이스트
[16:52|    INFO|  Cc_Mn_Mega.py: 80] 23035200 : 20230802, 등급미정, 더 문
[16:52|    INFO|  Cc_Mn_Mega.py: 80] 23046400 : 20230802, 등급미정, 몬스터 패밀리2
[16:52|    INFO|  Cc_Mn_Mega.py: 80] 23048300 : 20230803, 전체관람가, [내 생애 첫 미술관] 오르세 미술관
[16:52|    INFO|  Cc_Mn_Mega.py: 80] 23051100 : 20230803, 12세이상관람가, [시네도슨트 in 대전] 메트로폴리탄 미술관
[16:52|    INFO|  Cc_Mn_Mega.py: 80] 23050600 : 20230806, 전체관람가, [2023 오데온스 광장 콘서트] 랑랑 & 안드레스 오로스코-에스트라다
[16:52|    INFO|  Cc_Mn_Mega.py: 80] 23049100 : 20230809, 12세이상관람가, 마에스트로
[16:52|    INFO|  Cc_Mn_Mega.py: 80] 23047600 : 20230809, 등급미정, 콘크리트 유토피아
[16:52|    INFO|  Cc_Mn_Mega.py: 80] 23048400 : 20230810, 전체관람가, [내 생애 첫 미술관] 내셔널 갤러리
[16:52|    INFO|  Cc_Mn_Mega.py: 80] 23050300 : 20230815, 15세이상관람가, 보호자
[16:52|    INFO|  Cc_Mn_Mega.py: 80] 23049000 : 20230815, 등급미정, 오펜하이머
[16:52|    INFO|  Cc_Mn_Mega.py: 80] 23048500 : 20230817, 전체관람가, [내 생애 첫 미술관] 뉴욕 현대미술관
[16:52|    INFO|  Cc_Mn_Mega.py: 80] 23051200 : 20230817, 12세이상관람가, [시네도슨트 in 대전] 바티칸 미술관
[16:52|    INFO|  Cc_Mn_Mega.py: 80] 23050700 : 20230820, 12세이상관람가, [2023 잘츠부르크 페스티벌] 맥베스
[16:52|    INFO|  Cc_Mn_Mega.py: 80] 23050800 : 20230827, 12세이상관람가, [2023 베로나 오페라 페스티벌] 토스카
[16:52|    INFO|  Cc_Mn_Mega.py: 80] 23037900 : 20230828, 전체관람가, [존 크랑코’s 발레 3부작] 로미오와 줄리엣
[16:52|    INFO|  Cc_Mn_Mega.py: 80] 23052000 : 20230829, 12세이상관람가, [오페라] 챔피언 @The Met2023
[16:52|    INFO|  Cc_Mn_Mega.py: 80] 23050200 : 20230830, 15세이상관람가, 스파이 코드명 포춘
[16:52|    INFO|  Cc_Mn_Mega.py: 80] 23051900 : 20230830, 12세이상관람가, 한 남자
[16:52|    INFO|  Cc_Mn_Mega.py: 80] 23048700 : None, 15세이상관람가, 다섯 번째 흉추
[16:52|    INFO|  Cc_Mn_Mega.py: 80] 23051000 : None, 등급미정, 지옥만세
[16:52|    INFO|  Cc_Mn_Mega.py: 80] 23048600 : None, 등급미정, 퀴어 마이 프렌즈
[16:52|    INFO|  Cc_Mn_Mega.py: 80] 23051300 : 20230907, 12세이상관람가, [시네도슨트 in 대전] 트레치야코프 미술관&푸시킨 미술관
[16:52|    INFO|  Cc_Mn_Mega.py: 80] 23038000 : 20230911, 전체관람가, [존 크랑코’s 발레 3부작] 말괄량이 길들이기
[16:52|    INFO|  Cc_Mn_Mega.py: 80] 23052100 : 20230912, 전체관람가, [오페라] 돈 조반니 @The Met2023
[16:52|    INFO|  Cc_Mn_Mega.py: 80] 23051400 : 20230921, 12세이상관람가, [시네도슨트 in 대전] 비엔나 미술사 박물관
[16:52|    INFO|  Cc_Mn_Mega.py: 80] 23036200 : None, 등급미정, 베니스 유령 살인사건
[16:52|    INFO|  Cc_Mn_Mega.py: 80] 23026400 : None, 12세이상관람가, 프리 철수 리
[16:52|    INFO|  Cc_Mn_Mega.py: 80] 23051500 : 20231005, 12세이상관람가, [시네도슨트 in 대전] 벨베데레 궁전 박물관 & 레오폴트 미술관
[16:52|    INFO|  Cc_Mn_Mega.py: 80] 23051600 : 20231019, 12세이상관람가, [시네도슨트 in 대전] 프라도 미술관
[16:52|    INFO|  Cc_Mn_Mega.py: 80] 23052200 : 20231024, 전체관람가, [오페라] 마술피리 @The Met2023
[16:52|    INFO|  Cc_Mn_Mega.py: 80] 23051700 : 20231102, 12세이상관람가, [시네도슨트 in 대전] 브뤼셀 왕립 미술관&르네 마그리트 미술관
[16:52|    INFO|  Cc_Mn_Mega.py: 80] 23051800 : 20231116, 12세이상관람가, [시네도슨트 in 대전] 내셔널 갤러리 오브 아트
[16:52|    INFO|  Cc_Mn_Mega.py: 95] 
[16:52|    INFO|  Cc_Mn_Mega.py: 96] ===============================================================================================================================
[16:52|    INFO|  Cc_Mn_Mega.py: 97]  2. ### 영화관(https://www.megabox.co.kr/theater/list)에서 영화관데이터를 가지고 온다. ###                                     
[16:52|    INFO|  Cc_Mn_Mega.py: 98] -------------------------------------------------------------------------------------------------------------------------------
[16:52|    INFO|  Cc_Mn_Mega.py:105] -------------------------------------------------------------------------------------------------------------------------------
[16:52|    INFO|  Cc_Mn_Mega.py:106] 코드 : 지역명                        
[16:52|    INFO|  Cc_Mn_Mega.py:107] +-   코드 : 극장명                   
[16:52|    INFO|  Cc_Mn_Mega.py:108] -------------------------------------------------------------------------------------------------------------------------------
[16:52|    INFO|  Cc_Mn_Mega.py:127]  : 서울
[16:52|    INFO|  Cc_Mn_Mega.py:146] +-   1372 : 강남
[16:52|    INFO|  Cc_Mn_Mega.py:146] +-   0023 : 강남대로(씨티)
[16:52|    INFO|  Cc_Mn_Mega.py:146] +-   1341 : 강동
[16:52|    INFO|  Cc_Mn_Mega.py:146] +-   1431 : 군자
[16:52|    INFO|  Cc_Mn_Mega.py:146] +-   0041 : 더 부티크 목동현대백화점
[16:52|    INFO|  Cc_Mn_Mega.py:146] +-   1003 : 동대문
[16:52|    INFO|  Cc_Mn_Mega.py:146] +-   1572 : 마곡
[16:52|    INFO|  Cc_Mn_Mega.py:146] +-   1581 : 목동
[16:52|    INFO|  Cc_Mn_Mega.py:146] +-   1311 : 상봉
[16:52|    INFO|  Cc_Mn_Mega.py:146] +-   1211 : 상암월드컵경기장
[16:52|    INFO|  Cc_Mn_Mega.py:146] +-   1331 : 성수
[16:52|    INFO|  Cc_Mn_Mega.py:146] +-   1371 : 센트럴
[16:52|    INFO|  Cc_Mn_Mega.py:146] +-   1381 : 송파파크하비오
[16:52|    INFO|  Cc_Mn_Mega.py:146] +-   1202 : 신촌
[16:52|    INFO|  Cc_Mn_Mega.py:146] +-   1561 : 이수
[16:52|    INFO|  Cc_Mn_Mega.py:146] +-   1321 : 창동
[16:52|    INFO|  Cc_Mn_Mega.py:146] +-   1351 : 코엑스
[16:52|    INFO|  Cc_Mn_Mega.py:146] +-   1212 : 홍대
[16:52|    INFO|  Cc_Mn_Mega.py:146] +-   1571 : 화곡
[16:52|    INFO|  Cc_Mn_Mega.py:146] +-   1562 : ARTNINE
[16:52|    INFO|  Cc_Mn_Mega.py:127]  : 경기
[16:52|    INFO|  Cc_Mn_Mega.py:146] +-   4121 : 고양스타필드
[16:52|    INFO|  Cc_Mn_Mega.py:146] +-   0029 : 광명AK플라자
[16:52|    INFO|  Cc_Mn_Mega.py:146] +-   0053 : 광명소하
[16:52|    INFO|  Cc_Mn_Mega.py:146] +-   0035 : 금정AK플라자
[16:52|    INFO|  Cc_Mn_Mega.py:146] +-   4152 : 김포한강신도시
[16:52|    INFO|  Cc_Mn_Mega.py:146] +-   0039 : 남양주
[16:52|    INFO|  Cc_Mn_Mega.py:146] +-   0019 : 남양주현대아울렛 스페이스원
[16:52|    INFO|  Cc_Mn_Mega.py:146] +-   4451 : 동탄
[16:52|    INFO|  Cc_Mn_Mega.py:146] +-   4652 : 미사강변
[16:52|    INFO|  Cc_Mn_Mega.py:146] +-   4104 : 백석벨라시타
[16:52|    INFO|  Cc_Mn_Mega.py:146] +-   4722 : 별내
[16:52|    INFO|  Cc_Mn_Mega.py:146] +-   4221 : 부천스타필드시티
[16:52|    INFO|  Cc_Mn_Mega.py:146] +-   4631 : 분당
[16:52|    INFO|  Cc_Mn_Mega.py:146] +-   0030 : 수원
[16:52|    INFO|  Cc_Mn_Mega.py:146] +-   0052 : 수원AK플라자(수원역)
[16:52|    INFO|  Cc_Mn_Mega.py:146] +-   0042 : 수원남문
[16:52|    INFO|  Cc_Mn_Mega.py:146] +-   0036 : 수원호매실
[16:52|    INFO|  Cc_Mn_Mega.py:146] +-   4291 : 시흥배곧
[16:52|    INFO|  Cc_Mn_Mega.py:146] +-   4253 : 안산중앙
[16:52|    INFO|  Cc_Mn_Mega.py:146] +-   0020 : 안성스타필드
[16:52|    INFO|  Cc_Mn_Mega.py:146] +-   4821 : 양주
[16:52|    INFO|  Cc_Mn_Mega.py:146] +-   4431 : 영통
[16:52|    INFO|  Cc_Mn_Mega.py:146] +-   0012 : 용인기흥
[16:52|    INFO|  Cc_Mn_Mega.py:146] +-   4462 : 용인테크노밸리
[16:52|    INFO|  Cc_Mn_Mega.py:146] +-   4804 : 의정부민락
[16:52|    INFO|  Cc_Mn_Mega.py:146] +-   4111 : 일산
[16:52|    INFO|  Cc_Mn_Mega.py:146] +-   4112 : 킨텍스
[16:52|    INFO|  Cc_Mn_Mega.py:146] +-   4132 : 파주금촌
[16:52|    INFO|  Cc_Mn_Mega.py:146] +-   4115 : 파주운정
[16:52|    INFO|  Cc_Mn_Mega.py:146] +-   4131 : 파주출판도시
[16:52|    INFO|  Cc_Mn_Mega.py:146] +-   4651 : 하남스타필드
[16:52|    INFO|  Cc_Mn_Mega.py:127]  : 인천
[16:52|    INFO|  Cc_Mn_Mega.py:146] +-   4041 : 검단
[16:52|    INFO|  Cc_Mn_Mega.py:146] +-   4062 : 송도
[16:52|    INFO|  Cc_Mn_Mega.py:146] +-   4001 : 영종
[16:52|    INFO|  Cc_Mn_Mega.py:146] +-   4051 : 인천논현
[16:52|    INFO|  Cc_Mn_Mega.py:146] +-   0027 : 청라지젤
[16:52|    INFO|  Cc_Mn_Mega.py:127]  : 대전/충청/세종
[16:52|    INFO|  Cc_Mn_Mega.py:146] +-   3141 : 공주
[16:52|    INFO|  Cc_Mn_Mega.py:146] +-   0018 : 논산
[16:52|    INFO|  Cc_Mn_Mega.py:146] +-   3021 : 대전
[16:52|    INFO|  Cc_Mn_Mega.py:146] +-   0028 : 대전신세계 아트앤사이언스
[16:52|    INFO|  Cc_Mn_Mega.py:146] +-   0009 : 대전유성
[16:52|    INFO|  Cc_Mn_Mega.py:146] +-   3011 : 대전중앙로
[16:52|    INFO|  Cc_Mn_Mega.py:146] +-   0017 : 대전현대아울렛
[16:52|    INFO|  Cc_Mn_Mega.py:146] +-   3391 : 세종(조치원)
[16:52|    INFO|  Cc_Mn_Mega.py:146] +-   3392 : 세종나성
[16:52|    INFO|  Cc_Mn_Mega.py:146] +-   0008 : 세종청사
[16:52|    INFO|  Cc_Mn_Mega.py:146] +-   3631 : 오창
[16:52|    INFO|  Cc_Mn_Mega.py:146] +-   3651 : 진천
[16:52|    INFO|  Cc_Mn_Mega.py:146] +-   3301 : 천안
[16:52|    INFO|  Cc_Mn_Mega.py:146] +-   0049 : 청주사창
[16:52|    INFO|  Cc_Mn_Mega.py:146] +-   3501 : 홍성내포
[16:52|    INFO|  Cc_Mn_Mega.py:127]  : 부산/대구/경상
[16:52|    INFO|  Cc_Mn_Mega.py:146] +-   0040 : 경북도청
[16:52|    INFO|  Cc_Mn_Mega.py:146] +-   7122 : 경산하양
[16:52|    INFO|  Cc_Mn_Mega.py:146] +-   0043 : 경주
[16:52|    INFO|  Cc_Mn_Mega.py:146] +-   7303 : 구미강동
[16:52|    INFO|  Cc_Mn_Mega.py:146] +-   7401 : 김천
[16:52|    INFO|  Cc_Mn_Mega.py:146] +-   7901 : 남포항
[16:52|    INFO|  Cc_Mn_Mega.py:146] +-   7011 : 대구신세계(동대구)
[16:52|    INFO|  Cc_Mn_Mega.py:146] +-   0022 : 대구이시아
[16:52|    INFO|  Cc_Mn_Mega.py:146] +-   6161 : 덕천
[16:52|    INFO|  Cc_Mn_Mega.py:146] +-   6312 : 마산
[16:52|    INFO|  Cc_Mn_Mega.py:146] +-   7451 : 문경
[16:52|    INFO|  Cc_Mn_Mega.py:146] +-   6001 : 부산극장
[16:52|    INFO|  Cc_Mn_Mega.py:146] +-   6906 : 부산대
[16:52|    INFO|  Cc_Mn_Mega.py:146] +-   0025 : 북대구(칠곡)
[16:52|    INFO|  Cc_Mn_Mega.py:146] +-   0032 : 사상
[16:52|    INFO|  Cc_Mn_Mega.py:146] +-   6642 : 삼천포
[16:52|    INFO|  Cc_Mn_Mega.py:146] +-   6261 : 양산
[16:52|    INFO|  Cc_Mn_Mega.py:146] +-   6262 : 양산증산
[16:52|    INFO|  Cc_Mn_Mega.py:146] +-   6811 : 울산
[16:52|    INFO|  Cc_Mn_Mega.py:146] +-   6191 : 정관
[16:52|    INFO|  Cc_Mn_Mega.py:146] +-   0045 : 진주(중안)
[16:52|    INFO|  Cc_Mn_Mega.py:146] +-   0048 : 창원
[16:52|    INFO|  Cc_Mn_Mega.py:146] +-   0014 : 창원내서
[16:52|    INFO|  Cc_Mn_Mega.py:146] +-   0038 : 포항
[16:52|    INFO|  Cc_Mn_Mega.py:146] +-   0046 : 해운대(장산)
[16:52|    INFO|  Cc_Mn_Mega.py:127]  : 광주/전라
[16:52|    INFO|  Cc_Mn_Mega.py:146] +-   5021 : 광주상무
[16:52|    INFO|  Cc_Mn_Mega.py:146] +-   5061 : 광주하남
[16:52|    INFO|  Cc_Mn_Mega.py:146] +-   5302 : 목포하당(포르모)
[16:52|    INFO|  Cc_Mn_Mega.py:146] +-   5401 : 순천
[16:52|    INFO|  Cc_Mn_Mega.py:146] +-   5552 : 여수웅천
[16:52|    INFO|  Cc_Mn_Mega.py:146] +-   0010 : 전대(광주)
[16:52|    INFO|  Cc_Mn_Mega.py:146] +-   0050 : 전주객사
[16:52|    INFO|  Cc_Mn_Mega.py:146] +-   5612 : 전주송천
[16:52|    INFO|  Cc_Mn_Mega.py:146] +-   0021 : 전주혁신
[16:52|    INFO|  Cc_Mn_Mega.py:146] +-   5064 : 첨단
[16:52|    INFO|  Cc_Mn_Mega.py:127]  : 강원
[16:52|    INFO|  Cc_Mn_Mega.py:146] +-   2001 : 남춘천
[16:52|    INFO|  Cc_Mn_Mega.py:146] +-   2171 : 속초
[16:52|    INFO|  Cc_Mn_Mega.py:146] +-   2201 : 원주
[16:52|    INFO|  Cc_Mn_Mega.py:146] +-   2202 : 원주센트럴
[16:52|    INFO|  Cc_Mn_Mega.py:146] +-   0037 : 춘천석사
[16:52|    INFO|  Cc_Mn_Mega.py:163] 
[16:52|    INFO|  Cc_Mn_Mega.py:164] ===============================================================================================================================
[16:52|    INFO|  Cc_Mn_Mega.py:165]  3. ### 상영시간표 > 극장별 (https://www.megabox.co.kr/booking/timetable)에서 영화관에 스케줄데이터를 가지고 온다. ###         
[16:52|    INFO|  Cc_Mn_Mega.py:166] -------------------------------------------------------------------------------------------------------------------------------
[16:52|    INFO|  Cc_Mn_Mega.py:232] 1 : /20230712/ 1372, 23048901, 미션 임파서블: 데드 레코닝 PART ONE, 2D(자막), 15세이상관람가, 1, 1관, 195 / 232, 18:50, 21:43
[16:52|    INFO|  Cc_Mn_Mega.py:232] 2 : /20230712/ 1372, 23048901, 미션 임파서블: 데드 레코닝 PART ONE, 2D(자막), 15세이상관람가, 2, 1관, 224 / 232, 22:05, 24:58
[16:52|    INFO|  Cc_Mn_Mega.py:232] 3 : /20230712/ 1372, 23048901, 미션 임파서블: 데드 레코닝 PART ONE, 2D(자막), 15세이상관람가, 3, 2관, 85 / 103, 18:20, 21:13
[16:52|    INFO|  Cc_Mn_Mega.py:232] 4 : /20230712/ 1372, 23048901, 미션 임파서블: 데드 레코닝 PART ONE, 2D(자막), 15세이상관람가, 4, 2관, 95 / 103, 21:35, 24:28
[16:52|    INFO|  Cc_Mn_Mega.py:232] 5 : /20230712/ 1372, 23048901, 미션 임파서블: 데드 레코닝 PART ONE, 2D(자막), 15세이상관람가, 5, 3관, 144 / 232, 19:35, 22:28
[16:52|    INFO|  Cc_Mn_Mega.py:232] 6 : /20230712/ 1372, 23048901, 미션 임파서블: 데드 레코닝 PART ONE, 2D(자막), 15세이상관람가, 6, 4관, 90 / 103, 17:00, 19:53
[16:52|    INFO|  Cc_Mn_Mega.py:232] 7 : /20230712/ 1372, 23048901, 미션 임파서블: 데드 레코닝 PART ONE, 2D(자막), 15세이상관람가, 7, 4관, 88 / 103, 20:15, 23:08
[16:52|    INFO|  Cc_Mn_Mega.py:232] 8 : /20230712/ 1372, 23048901, 미션 임파서블: 데드 레코닝 PART ONE, 2D(자막), 15세이상관람가, 8, 5관, 79 / 96, 17:40, 20:33
[16:52|    INFO|  Cc_Mn_Mega.py:232] 9 : /20230712/ 1372, 23048901, 미션 임파서블: 데드 레코닝 PART ONE, 2D(자막), 15세이상관람가, 9, 5관, 96 / 96, 20:55, 23:48
[16:52|    INFO|  Cc_Mn_Mega.py:232] 10 : /20230712/ 1372, 23034901, (자막) 엘리멘탈, 2D(자막), 전체관람가, 10, 7관, 56 / 104, 18:10, 20:09
[16:52|    INFO|  Cc_Mn_Mega.py:232] 11 : /20230712/ 1372, 23034901, (자막) 엘리멘탈, 2D(자막), 전체관람가, 11, 7관, 45 / 104, 20:30, 22:29
[16:52|    INFO|  Cc_Mn_Mega.py:232] 12 : /20230712/ 1372, 23034901, (자막) 엘리멘탈, 2D(자막), 전체관람가, 12, 7관, 96 / 104, 22:50, 24:49
[16:52|    INFO|  Cc_Mn_Mega.py:232] 13 : /20230712/ 1372, 23028801, (자막) 스파이더맨: 어크로스 더 유니버스, 2D(자막), 전체관람가, 13, 6관, 64 / 103, 17:55, 20:25
[16:52|    INFO|  Cc_Mn_Mega.py:232] 14 : /20230712/ 1372, 23043901, 좋.댓.구, 2D, 15세이상관람가, 14, 4관, 86 / 103, 23:30, 25:00
[16:52|    INFO|  Cc_Mn_Mega.py:232] 15 : /20230712/ 1372, 23015401, 인디아나 존스: 운명의 다이얼, 2D(자막), 12세이상관람가, 15, 6관, 96 / 103, 20:45, 23:29
[16:52|    INFO|  Cc_Mn_Mega.py:232] 16 : /20230712/ 1372, 23035601, 범죄도시3, 2D, 15세이상관람가, 16, 3관, 232 / 232, 22:50, 24:45
[16:52|    INFO|  Cc_Mn_Mega.py:232] 17 : /20230712/ 0023, 23048901, 미션 임파서블: 데드 레코닝 PART ONE, 2D(자막), 15세이상관람가, 1, 1관, 224 / 230, 20:35, 23:28
[16:52|    INFO|  Cc_Mn_Mega.py:232] 18 : /20230712/ 0023, 23048901, 미션 임파서블: 데드 레코닝 PART ONE, 2D(자막), 15세이상관람가, 2, 2관, 209 / 240, 18:20, 21:13
[16:52|    INFO|  Cc_Mn_Mega.py:232] 19 : /20230712/ 0023, 23048901, 미션 임파서블: 데드 레코닝 PART ONE, 2D(자막), 15세이상관람가, 3, 2관, 240 / 240, 21:30, 24:23
[16:52|    INFO|  Cc_Mn_Mega.py:232] 20 : /20230712/ 0023, 23034901, (자막) 엘리멘탈, 2D(자막), 전체관람가, 4, 1관, 188 / 230, 18:20, 20:19
[16:52|    INFO|  Cc_Mn_Mega.py:232] 21 : /20230712/ 1341, 23048901, 미션 임파서블: 데드 레코닝 PART ONE, 2D(자막), 15세이상관람가, 1, 1관, 235 / 249, 18:15, 21:08
[16:52|    INFO|  Cc_Mn_Mega.py:232] 22 : /20230712/ 1341, 23048901, 미션 임파서블: 데드 레코닝 PART ONE, 2D(자막), 15세이상관람가, 2, 2관, 244 / 249, 21:00, 23:53
[16:52|    INFO|  Cc_Mn_Mega.py:232] 23 : /20230712/ 1341, 23048901, 미션 임파서블: 데드 레코닝 PART ONE, 2D(자막), 15세이상관람가, 3, 3관, 233 / 249, 19:40, 22:33
[16:52|    INFO|  Cc_Mn_Mega.py:232] 24 : /20230712/ 1341, 23048901, 미션 임파서블: 데드 레코닝 PART ONE, 2D(자막), 15세이상관람가, 4, 4관, 241 / 249, 17:10, 20:03
[16:52|    INFO|  Cc_Mn_Mega.py:232] 25 : /20230712/ 1341, 23048901, 미션 임파서블: 데드 레코닝 PART ONE, 2D(자막), 15세이상관람가, 5, 4관, 235 / 249, 20:20, 23:13
[16:52|    INFO|  Cc_Mn_Mega.py:232] 26 : /20230712/ 1341, 23034901, (자막) 엘리멘탈, 2D(자막), 전체관람가, 6, 1관, 245 / 249, 21:30, 23:29
[16:52|    INFO|  Cc_Mn_Mega.py:232] 27 : /20230712/ 1341, 23034901, (자막) 엘리멘탈, 2D(자막), 전체관람가, 7, 2관, 241 / 249, 18:45, 20:44
[16:52|    INFO|  Cc_Mn_Mega.py:232] 28 : /20230712/ 1341, 23028801, (자막) 스파이더맨: 어크로스 더 유니버스, 2D(자막), 전체관람가, 8, 6관, 43 / 54, 21:10, 23:40
[16:52|    INFO|  Cc_Mn_Mega.py:232] 29 : /20230712/ 1341, 23035101, 여름날 우리, 2D(자막), 12세이상관람가, 9, 5관, 64 / 74, 18:25, 20:29
[16:52|    INFO|  Cc_Mn_Mega.py:232] 30 : /20230712/ 1341, 23043801, [워너필소] 조디악, 2D(자막), 15세이상관람가, 10, 8관, 51 / 55, 17:55, 20:42
[16:52|    INFO|  Cc_Mn_Mega.py:232] 31 : /20230712/ 1341, 23015401, 인디아나 존스: 운명의 다이얼, 2D(자막), 12세이상관람가, 11, 5관, 72 / 74, 20:50, 23:34
[16:52|    INFO|  Cc_Mn_Mega.py:232] 32 : /20230712/ 1341, 23035601, 범죄도시3, 2D, 15세이상관람가, 12, 7관, 72 / 74, 19:05, 21:00
[16:52|    INFO|  Cc_Mn_Mega.py:232] 33 : /20230712/ 1341, 23035601, 범죄도시3, 2D, 15세이상관람가, 13, 7관, 74 / 74, 21:20, 23:15
[16:52|    INFO|  Cc_Mn_Mega.py:232] 34 : /20230712/ 1341, 23040001, 보 이즈 어프레이드, 2D(자막), 청소년관람불가, 14, 6관, 38 / 54, 17:45, 20:54
[16:52|    INFO|  Cc_Mn_Mega.py:232] 35 : /20230712/ 1341, 22103501, 더 퍼스트 슬램덩크, 2D(자막), 12세이상관람가, 15, 10관, 33 / 35, 18:35, 20:50
[16:52|    INFO|  Cc_Mn_Mega.py:232] 36 : /20230712/ 1341, 22103503, 더 퍼스트 슬램덩크, 2D(더빙), 12세이상관람가, 16, 10관, 32 / 35, 21:10, 23:25
[16:52|    INFO|  Cc_Mn_Mega.py:232] 37 : /20230712/ 1341, 23030001, 귀공자, 2D, 청소년관람불가, 17, 9관, 59 / 64, 21:20, 23:28
[16:52|    INFO|  Cc_Mn_Mega.py:232] 38 : /20230712/ 1341, 23038301, 빈틈없는 사이, 2D, 15세이상관람가, 18, 9관, 64 / 64, 19:00, 21:02
[16:52|    INFO|  Cc_Mn_Mega.py:232] 39 : /20230712/ 1341, 23018401, 가디언즈 오브 갤럭시: Volume 3, 2D(자막), 12세이상관람가, 19, 8관, 47 / 55, 21:00, 23:39
[16:52|    INFO|  Cc_Mn_Mega.py:232] 40 : /20230712/ 1431, 23048901, 미션 임파서블: 데드 레코닝 PART ONE, 2D(자막), 15세이상관람가, 1, 1관, 121 / 155, 18:25, 21:18
[16:52|    INFO|  Cc_Mn_Mega.py:232] 41 : /20230712/ 1431, 23048901, 미션 임파서블: 데드 레코닝 PART ONE, 2D(자막), 15세이상관람가, 2, 1관, 141 / 155, 21:35, 24:28
[16:52|    INFO|  Cc_Mn_Mega.py:232] 42 : /20230712/ 1431, 23048901, 미션 임파서블: 데드 레코닝 PART ONE, 2D(자막), 15세이상관람가, 3, 5관, 134 / 155, 17:40, 20:33
[16:52|    INFO|  Cc_Mn_Mega.py:232] 43 : /20230712/ 1431, 23048901, 미션 임파서블: 데드 레코닝 PART ONE, 2D(자막), 15세이상관람가, 4, 5관, 141 / 155, 20:50, 23:43
[16:52|    INFO|  Cc_Mn_Mega.py:232] 44 : /20230712/ 1431, 23048901, 미션 임파서블: 데드 레코닝 PART ONE, 2D(자막), 15세이상관람가, 5, 7관, 121 / 155, 20:00, 22:53
[16:52|    INFO|  Cc_Mn_Mega.py:232] 45 : /20230712/ 1431, 23048901, 미션 임파서블: 데드 레코닝 PART ONE, 2D(자막), 15세이상관람가, 6, 9관, 124 / 155, 19:15, 22:08
[16:52|    INFO|  Cc_Mn_Mega.py:232] 46 : /20230712/ 1431, 23034901, (자막) 엘리멘탈, 2D(자막), 전체관람가, 7, 3관, 126 / 155, 18:15, 20:14
[16:52|    INFO|  Cc_Mn_Mega.py:232] 47 : /20230712/ 1431, 23034901, (자막) 엘리멘탈, 2D(자막), 전체관람가, 8, 9관, 138 / 155, 22:25, 24:24
[16:52|    INFO|  Cc_Mn_Mega.py:232] 48 : /20230712/ 1431, 23028801, (자막) 스파이더맨: 어크로스 더 유니버스, 2D(자막), 전체관람가, 9, 4관, 67 / 88, 18:40, 21:10
[16:52|    INFO|  Cc_Mn_Mega.py:232] 49 : /20230712/ 1431, 23035101, 여름날 우리, 2D(자막), 12세이상관람가, 10, 8관, 75 / 88, 19:50, 21:54
[16:52|    INFO|  Cc_Mn_Mega.py:232] 50 : /20230712/ 1431, 23043801, [워너필소] 조디악, 2D(자막), 15세이상관람가, 11, 3관, 132 / 155, 20:30, 23:17
[16:52|    INFO|  Cc_Mn_Mega.py:232] 51 : /20230712/ 1431, 23043901, 좋.댓.구, 2D, 15세이상관람가, 12, 8관, 81 / 88, 18:05, 19:35
[16:52|    INFO|  Cc_Mn_Mega.py:232] 52 : /20230712/ 1431, 23015401, 인디아나 존스: 운명의 다이얼, 2D(자막), 12세이상관람가, 13, 6관, 79 / 88, 21:15, 23:59
[16:52|    INFO|  Cc_Mn_Mega.py:232] 53 : /20230712/ 1431, 23035601, 범죄도시3, 2D, 15세이상관람가, 14, 10관, 88 / 88, 22:00, 23:55
[16:52|    INFO|  Cc_Mn_Mega.py:232] 54 : /20230712/ 1431, 23040001, 보 이즈 어프레이드, 2D(자막), 청소년관람불가, 15, 6관, 64 / 88, 17:50, 20:59
[16:52|    INFO|  Cc_Mn_Mega.py:232] 55 : /20230712/ 1431, 23038601, 애스터로이드 시티, 2D(자막), 12세이상관람가, 16, 8관, 81 / 88, 22:10, 24:05
[16:52|    INFO|  Cc_Mn_Mega.py:232] 56 : /20230712/ 1431, 23043303, [F] 비밀의 언덕, 2D, 전체관람가, 17, 10관, 82 / 88, 19:30, 21:42
[16:52|    INFO|  Cc_Mn_Mega.py:232] 57 : /20230712/ 1431, 23043102, [F] 디어 마이 러브, 2D(자막), 전체관람가, 18, 4관, 87 / 88, 21:25, 23:18
[16:52|    INFO|  Cc_Mn_Mega.py:232] 58 : /20230712/ 1431, 23037401, 어디로 가고 싶으신가요, 2D, 12세이상관람가, 19, 10관, 85 / 88, 17:20, 19:13
[16:52|    INFO|  Cc_Mn_Mega.py:232] 59 : /20230712/ 0041, 23048901, 미션 임파서블: 데드 레코닝 PART ONE, 2D(자막), 15세이상관람가, 1, 더부티크 101호, 103 / 154, 19:45, 22:38
[16:52|    INFO|  Cc_Mn_Mega.py:232] 60 : /20230712/ 0041, 23048901, 미션 임파서블: 데드 레코닝 PART ONE, 2D(자막), 15세이상관람가, 2, 더부티크 101호, 150 / 154, 23:00, 25:53
[16:52|    INFO|  Cc_Mn_Mega.py:232] 61 : /20230712/ 0041, 23048901, 미션 임파서블: 데드 레코닝 PART ONE, 2D(자막), 15세이상관람가, 3, 더부티크 102호, 110 / 135, 17:20, 20:13
[16:52|    INFO|  Cc_Mn_Mega.py:232] 62 : /20230712/ 0041, 23048901, 미션 임파서블: 데드 레코닝 PART ONE, 2D(자막), 15세이상관람가, 4, 더부티크 102호, 115 / 135, 20:35, 23:28
[16:52|    INFO|  Cc_Mn_Mega.py:232] 63 : /20230712/ 0041, 23048901, 미션 임파서블: 데드 레코닝 PART ONE, 2D(자막), 15세이상관람가, 5, 더부티크 103호, 121 / 138, 20:05, 22:58
[16:52|    INFO|  Cc_Mn_Mega.py:232] 64 : /20230712/ 0041, 23048901, 미션 임파서블: 데드 레코닝 PART ONE, 2D(자막), 15세이상관람가, 6, 더부티크 103호, 138 / 138, 23:20, 26:13
[16:52|    INFO|  Cc_Mn_Mega.py:232] 65 : /20230712/ 0041, 23048901, 미션 임파서블: 데드 레코닝 PART ONE, 2D(자막), 15세이상관람가, 7, 더부티크 105호, 96 / 96, 23:55, 26:48
[16:52|    INFO|  Cc_Mn_Mega.py:232] 66 : /20230712/ 0041, 23048901, 미션 임파서블: 데드 레코닝 PART ONE, 2D(자막), 15세이상관람가, 8, [특가할인] 스위트 107호, 22 / 44, 18:15, 21:08
[16:52|    INFO|  Cc_Mn_Mega.py:232] 67 : /20230712/ 0041, 23048901, 미션 임파서블: 데드 레코닝 PART ONE, 2D(자막), 15세이상관람가, 9, [특가할인] 스위트 107호, 18 / 44, 21:35, 24:28
[16:52|    INFO|  Cc_Mn_Mega.py:232] 68 : /20230712/ 0041, 23048901, 미션 임파서블: 데드 레코닝 PART ONE, 2D(자막), 15세이상관람가, 10, [특가할인] 스위트 108호, 24 / 86, 19:15, 22:08
[16:52|    INFO|  Cc_Mn_Mega.py:232] 69 : /20230712/ 0041, 23048901, 미션 임파서블: 데드 레코닝 PART ONE, 2D(자막), 15세이상관람가, 11, [특가할인] 스위트 108호, 74 / 86, 22:35, 25:28
[16:52|    INFO|  Cc_Mn_Mega.py:232] 70 : /20230712/ 0041, 23034901, (자막) 엘리멘탈, 2D(자막), 전체관람가, 12, 더부티크 104호, 97 / 115, 20:25, 22:24
[16:52|    INFO|  Cc_Mn_Mega.py:232] 71 : /20230712/ 0041, 23034901, (자막) 엘리멘탈, 2D(자막), 전체관람가, 13, 더부티크 104호, 115 / 115, 22:45, 24:44
[16:52|    INFO|  Cc_Mn_Mega.py:232] 72 : /20230712/ 0041, 23034901, (자막) 엘리멘탈, 2D(자막), 전체관람가, 14, 더부티크 105호, 88 / 96, 18:30, 20:29
[16:52|    INFO|  Cc_Mn_Mega.py:232] 73 : /20230712/ 0041, 23034901, (자막) 엘리멘탈, 2D(자막), 전체관람가, 15, 더부티크 106호, 84 / 115, 16:55, 18:54
[16:52|    INFO|  Cc_Mn_Mega.py:232] 74 : /20230712/ 0041, 23043801, [워너필소] 조디악, 2D(자막), 15세이상관람가, 16, 더부티크 104호, 110 / 115, 17:20, 20:07
[16:52|    INFO|  Cc_Mn_Mega.py:232] 75 : /20230712/ 0041, 23015401, 인디아나 존스: 운명의 다이얼, 2D(자막), 12세이상관람가, 17, 더부티크 102호, 135 / 135, 23:50, 26:34
[16:52|    INFO|  Cc_Mn_Mega.py:232] 76 : /20230712/ 0041, 23015401, 인디아나 존스: 운명의 다이얼, 2D(자막), 12세이상관람가, 18, 더부티크 105호, 92 / 96, 20:50, 23:34
[16:52|    INFO|  Cc_Mn_Mega.py:232] 77 : /20230712/ 0041, 23035601, 범죄도시3, 2D, 15세이상관람가, 19, 더부티크 106호, 115 / 115, 21:55, 23:50
[16:52|    INFO|  Cc_Mn_Mega.py:232] 78 : /20230712/ 0041, 23035601, 범죄도시3, 2D, 15세이상관람가, 20, 더부티크 106호, 115 / 115, 24:10, 26:05
[16:52|    INFO|  Cc_Mn_Mega.py:232] 79 : /20230712/ 0041, 22103501, 더 퍼스트 슬램덩크, 2D(자막), 12세이상관람가, 21, 더부티크 106호, 90 / 115, 19:20, 21:35
[16:52|    INFO|  Cc_Mn_Mega.py:232] 80 : /20230712/ 1003, 23048901, 미션 임파서블: 데드 레코닝 PART ONE, 2D(자막), 15세이상관람가, 1, COMFORT 1관, 204 / 284, 19:30, 22:23
[16:52|    INFO|  Cc_Mn_Mega.py:232] 81 : /20230712/ 1003, 23048901, 미션 임파서블: 데드 레코닝 PART ONE, 2D(자막), 15세이상관람가, 2, COMFORT 1관, 273 / 284, 22:40, 25:33
[16:52|    INFO|  Cc_Mn_Mega.py:232] 82 : /20230712/ 1003, 23048901, 미션 임파서블: 데드 레코닝 PART ONE, 2D(자막), 15세이상관람가, 3, 2관, 182 / 186, 20:50, 23:43
[16:52|    INFO|  Cc_Mn_Mega.py:232] 83 : /20230712/ 1003, 23048901, 미션 임파서블: 데드 레코닝 PART ONE, 2D(자막), 15세이상관람가, 4, 4관, 189 / 203, 17:10, 20:03
[16:52|    INFO|  Cc_Mn_Mega.py:232] 84 : /20230712/ 1003, 23048901, 미션 임파서블: 데드 레코닝 PART ONE, 2D(자막), 15세이상관람가, 5, 4관, 195 / 203, 20:20, 23:13
[16:52|    INFO|  Cc_Mn_Mega.py:232] 85 : /20230712/ 1003, 23048901, 미션 임파서블: 데드 레코닝 PART ONE, 2D(자막), 15세이상관람가, 6, 6관, 156 / 190, 18:45, 21:38
[16:52|    INFO|  Cc_Mn_Mega.py:232] 86 : /20230712/ 1003, 23048901, 미션 임파서블: 데드 레코닝 PART ONE, 2D(자막), 15세이상관람가, 7, 6관, 188 / 190, 21:55, 24:48
[16:52|    INFO|  Cc_Mn_Mega.py:232] 87 : /20230712/ 1003, 23048901, 미션 임파서블: 데드 레코닝 PART ONE, 2D(자막), 15세이상관람가, 8, 7관, 247 / 258, 17:55, 20:48
[16:52|    INFO|  Cc_Mn_Mega.py:232] 88 : /20230712/ 1003, 23048901, 미션 임파서블: 데드 레코닝 PART ONE, 2D(자막), 15세이상관람가, 9, 7관, 255 / 258, 21:20, 24:13
[16:52|    INFO|  Cc_Mn_Mega.py:232] 89 : /20230712/ 1003, 23034901, (자막) 엘리멘탈, 2D(자막), 전체관람가, 10, 3관, 195 / 240, 19:20, 21:19
[16:52|    INFO|  Cc_Mn_Mega.py:232] 90 : /20230712/ 1003, 23028801, (자막) 스파이더맨: 어크로스 더 유니버스, 2D(자막), 전체관람가, 11, 8관, 141 / 180, 20:10, 22:40
[16:52|    INFO|  Cc_Mn_Mega.py:232] 91 : /20230712/ 1003, 23043801, [워너필소] 조디악, 2D(자막), 15세이상관람가, 12, 8관, 165 / 180, 17:00, 19:47
[16:52|    INFO|  Cc_Mn_Mega.py:232] 92 : /20230712/ 1003, 23035601, 범죄도시3, 2D, 15세이상관람가, 13, 5관, 203 / 203, 22:55, 24:50
[16:52|    INFO|  Cc_Mn_Mega.py:232] 93 : /20230712/ 1003, 23030001, 귀공자, 2D, 청소년관람불가, 14, 5관, 180 / 203, 20:30, 22:38
[16:52|    INFO|  Cc_Mn_Mega.py:232] 94 : /20230712/ 1003, 23000613, [시네마캐슬] (더빙)스즈메의 문단속, 2D(더빙), 12세이상관람가, 15, 2관, 173 / 186, 18:20, 20:32
[16:52|    INFO|  Cc_Mn_Mega.py:232] 95 : /20230712/ 1003, 23000612, [시네마캐슬] (자막)스즈메의 문단속, 2D(자막), 12세이상관람가, 16, 3관, 234 / 240, 21:35, 23:47
[16:52|    INFO|  Cc_Mn_Mega.py:232] 96 : /20230712/ 1003, 23039901, 악마들, 2D, 청소년관람불가, 17, 5관, 203 / 203, 18:20, 20:15
[16:52|    INFO|  Cc_Mn_Mega.py:232] 97 : /20230712/ 1003, 23044601, [HE 로맨스] 오! 나의 어시님, 2D(자막), 15세이상관람가, 18, 8관, 180 / 180, 22:55, 25:00
[16:52|    INFO|  Cc_Mn_Mega.py:232] 98 : /20230712/ 1572, 23048901, 미션 임파서블: 데드 레코닝 PART ONE, 2D(자막), 15세이상관람가, 1, 2관, 112 / 153, 19:00, 21:53
[16:52|    INFO|  Cc_Mn_Mega.py:232] 99 : /20230712/ 1572, 23048901, 미션 임파서블: 데드 레코닝 PART ONE, 2D(자막), 15세이상관람가, 2, 2관, 139 / 153, 22:10, 25:03
[16:52|    INFO|  Cc_Mn_Mega.py:232] 100 : /20230712/ 1572, 23048901, 미션 임파서블: 데드 레코닝 PART ONE, 2D(자막), 15세이상관람가, 3, 3관, 94 / 132, 19:40, 22:33
[16:52|    INFO|  Cc_Mn_Mega.py:232] 101 : /20230712/ 1572, 23048901, 미션 임파서블: 데드 레코닝 PART ONE, 2D(자막), 15세이상관람가, 4, 4관, 106 / 122, 18:10, 21:03
[16:52|    INFO|  Cc_Mn_Mega.py:232] 102 : /20230712/ 1572, 23048901, 미션 임파서블: 데드 레코닝 PART ONE, 2D(자막), 15세이상관람가, 5, 4관, 108 / 122, 21:20, 24:13
[16:52|    INFO|  Cc_Mn_Mega.py:232] 103 : /20230712/ 1572, 23048901, 미션 임파서블: 데드 레코닝 PART ONE, 2D(자막), 15세이상관람가, 6, 5관, 128 / 153, 17:20, 20:13
[16:52|    INFO|  Cc_Mn_Mega.py:232] 104 : /20230712/ 1572, 23048901, 미션 임파서블: 데드 레코닝 PART ONE, 2D(자막), 15세이상관람가, 7, 5관, 138 / 153, 20:30, 23:23
[16:52|    INFO|  Cc_Mn_Mega.py:232] 105 : /20230712/ 1572, 23034901, (자막) 엘리멘탈, 2D(자막), 전체관람가, 8, 6관, 74 / 132, 17:10, 19:09
[16:52|    INFO|  Cc_Mn_Mega.py:232] 106 : /20230712/ 1572, 23034901, (자막) 엘리멘탈, 2D(자막), 전체관람가, 9, 6관, 75 / 132, 19:30, 21:29
[16:52|    INFO|  Cc_Mn_Mega.py:232] 107 : /20230712/ 1572, 23034901, (자막) 엘리멘탈, 2D(자막), 전체관람가, 10, 6관, 124 / 132, 21:50, 23:49
[16:52|    INFO|  Cc_Mn_Mega.py:232] 108 : /20230712/ 1572, 23035101, 여름날 우리, 2D(자막), 12세이상관람가, 11, 1관, 69 / 123, 18:15, 20:19
[16:52|    INFO|  Cc_Mn_Mega.py:232] 109 : /20230712/ 1572, 23035101, 여름날 우리, 2D(자막), 12세이상관람가, 12, 1관, 99 / 123, 20:40, 22:44
[16:52|    INFO|  Cc_Mn_Mega.py:232] 110 : /20230712/ 1572, 23035101, 여름날 우리, 2D(자막), 12세이상관람가, 13, 1관, 115 / 123, 23:00, 25:04
[16:52|    INFO|  Cc_Mn_Mega.py:232] 111 : /20230712/ 1572, 23043901, 좋.댓.구, 2D, 15세이상관람가, 14, 3관, 126 / 132, 22:50, 24:20
[16:52|    INFO|  Cc_Mn_Mega.py:232] 112 : /20230712/ 1581, 23048902, 미션 임파서블: 데드 레코닝 PART ONE, 2D ATMOS(자막), 15세이상관람가, 1, MX관, 231 / 332, 19:45, 22:38
[16:52|    INFO|  Cc_Mn_Mega.py:232] 113 : /20230712/ 1581, 23048902, 미션 임파서블: 데드 레코닝 PART ONE, 2D ATMOS(자막), 15세이상관람가, 2, MX관, 316 / 332, 23:00, 25:53
[16:52|    INFO|  Cc_Mn_Mega.py:232] 114 : /20230712/ 1581, 23048901, 미션 임파서블: 데드 레코닝 PART ONE, 2D(자막), 15세이상관람가, 3, 컴포트2관(소파석), 117 / 210, 19:15, 22:08
[16:52|    INFO|  Cc_Mn_Mega.py:232] 115 : /20230712/ 1581, 23048901, 미션 임파서블: 데드 레코닝 PART ONE, 2D(자막), 15세이상관람가, 4, 컴포트2관(소파석), 191 / 210, 22:30, 25:23
[16:52|    INFO|  Cc_Mn_Mega.py:232] 116 : /20230712/ 1581, 23048901, 미션 임파서블: 데드 레코닝 PART ONE, 2D(자막), 15세이상관람가, 5, 3관, 87 / 114, 18:20, 21:13
[16:52|    INFO|  Cc_Mn_Mega.py:232] 117 : /20230712/ 1581, 23048901, 미션 임파서블: 데드 레코닝 PART ONE, 2D(자막), 15세이상관람가, 6, 3관, 105 / 114, 21:35, 24:28
[16:52|    INFO|  Cc_Mn_Mega.py:232] 118 : /20230712/ 1581, 23048901, 미션 임파서블: 데드 레코닝 PART ONE, 2D(자막), 15세이상관람가, 7, 4관, 154 / 190, 17:10, 20:03
[16:52|    INFO|  Cc_Mn_Mega.py:232] 119 : /20230712/ 1581, 23048901, 미션 임파서블: 데드 레코닝 PART ONE, 2D(자막), 15세이상관람가, 8, 4관, 139 / 190, 20:25, 23:18
[16:52|    INFO|  Cc_Mn_Mega.py:232] 120 : /20230712/ 1581, 23048901, 미션 임파서블: 데드 레코닝 PART ONE, 2D(자막), 15세이상관람가, 9, 8관, 170 / 190, 17:50, 20:43
[16:52|    INFO|  Cc_Mn_Mega.py:232] 121 : /20230712/ 1581, 23048901, 미션 임파서블: 데드 레코닝 PART ONE, 2D(자막), 15세이상관람가, 10, 8관, 162 / 190, 21:05, 23:58
[16:52|    INFO|  Cc_Mn_Mega.py:232] 122 : /20230712/ 1581, 23034901, (자막) 엘리멘탈, 2D(자막), 전체관람가, 11, 컴포트 6관(소파석), 167 / 210, 19:05, 21:04
[16:52|    INFO|  Cc_Mn_Mega.py:232] 123 : /20230712/ 1581, 23034901, (자막) 엘리멘탈, 2D(자막), 전체관람가, 12, 컴포트 6관(소파석), 187 / 210, 21:25, 23:24
[16:52|    INFO|  Cc_Mn_Mega.py:232] 124 : /20230712/ 1581, 23034901, (자막) 엘리멘탈, 2D(자막), 전체관람가, 13, 9관, 87 / 114, 17:35, 19:34
[16:52|    INFO|  Cc_Mn_Mega.py:232] 125 : /20230712/ 1581, 23034901, (자막) 엘리멘탈, 2D(자막), 전체관람가, 14, 9관, 96 / 114, 19:55, 21:54
[16:52|    INFO|  Cc_Mn_Mega.py:232] 126 : /20230712/ 1581, 23028801, (자막) 스파이더맨: 어크로스 더 유니버스, 2D(자막), 전체관람가, 15, 컴포트5관(SideWall), 65 / 66, 22:40, 25:10
[16:52|    INFO|  Cc_Mn_Mega.py:232] 127 : /20230712/ 1581, 23043801, [워너필소] 조디악, 2D(자막), 15세이상관람가, 16, 컴포트5관(SideWall), 33 / 66, 19:35, 22:22
[16:52|    INFO|  Cc_Mn_Mega.py:232] 128 : /20230712/ 1581, 23015401, 인디아나 존스: 운명의 다이얼, 2D(자막), 12세이상관람가, 17, 9관, 112 / 114, 22:15, 24:59
[16:52|    INFO|  Cc_Mn_Mega.py:232] 129 : /20230712/ 1581, 23044601, [HE 로맨스] 오! 나의 어시님, 2D(자막), 15세이상관람가, 18, 컴포트5관(SideWall), 65 / 66, 17:10, 19:15
[16:52|    INFO|  Cc_Mn_Mega.py:232] 130 : /20230712/ 1311, 23048901, 미션 임파서블: 데드 레코닝 PART ONE, 2D(자막), 15세이상관람가, 1, 4층 1관, 132 / 155, 19:30, 22:23
[16:52|    INFO|  Cc_Mn_Mega.py:232] 131 : /20230712/ 1311, 23048901, 미션 임파서블: 데드 레코닝 PART ONE, 2D(자막), 15세이상관람가, 2, 6층 컴포트2관, 107 / 121, 17:05, 19:58
[16:52|    INFO|  Cc_Mn_Mega.py:232] 132 : /20230712/ 1311, 23048901, 미션 임파서블: 데드 레코닝 PART ONE, 2D(자막), 15세이상관람가, 3, 6층 컴포트2관, 108 / 121, 20:15, 23:08
[16:52|    INFO|  Cc_Mn_Mega.py:232] 133 : /20230712/ 1311, 23048901, 미션 임파서블: 데드 레코닝 PART ONE, 2D(자막), 15세이상관람가, 4, 8층 5관, 120 / 148, 18:40, 21:33
[16:52|    INFO|  Cc_Mn_Mega.py:232] 134 : /20230712/ 1311, 23048901, 미션 임파서블: 데드 레코닝 PART ONE, 2D(자막), 15세이상관람가, 5, 8층 5관, 141 / 148, 21:50, 24:43
[16:52|    INFO|  Cc_Mn_Mega.py:232] 135 : /20230712/ 1311, 23048901, 미션 임파서블: 데드 레코닝 PART ONE, 2D(자막), 15세이상관람가, 6, 8층 7관, 140 / 154, 17:50, 20:43
[16:52|    INFO|  Cc_Mn_Mega.py:232] 136 : /20230712/ 1311, 23048901, 미션 임파서블: 데드 레코닝 PART ONE, 2D(자막), 15세이상관람가, 7, 8층 7관, 143 / 154, 21:00, 23:53
[16:52|    INFO|  Cc_Mn_Mega.py:232] 137 : /20230712/ 1311, 23034901, (자막) 엘리멘탈, 2D(자막), 전체관람가, 8, 6층 4관, 128 / 154, 17:20, 19:19
[16:52|    INFO|  Cc_Mn_Mega.py:232] 138 : /20230712/ 1311, 23034901, (자막) 엘리멘탈, 2D(자막), 전체관람가, 9, 6층 4관, 125 / 154, 19:35, 21:34
[16:52|    INFO|  Cc_Mn_Mega.py:232] 139 : /20230712/ 1311, 23034901, (자막) 엘리멘탈, 2D(자막), 전체관람가, 10, 6층 4관, 149 / 154, 21:50, 23:49
[16:52|    INFO|  Cc_Mn_Mega.py:232] 140 : /20230712/ 1311, 23028801, (자막) 스파이더맨: 어크로스 더 유니버스, 2D(자막), 전체관람가, 11, 8층 6관, 89 / 96, 21:25, 23:55
[16:52|    INFO|  Cc_Mn_Mega.py:232] 141 : /20230712/ 1311, 23035601, 범죄도시3, 2D, 15세이상관람가, 12, 6층 3관, 86 / 96, 20:00, 21:55
[16:52|    INFO|  Cc_Mn_Mega.py:232] 142 : /20230712/ 1311, 23035601, 범죄도시3, 2D, 15세이상관람가, 13, 6층 3관, 96 / 96, 22:10, 24:05
[16:52|    INFO|  Cc_Mn_Mega.py:232] 143 : /20230712/ 1311, 23000612, [시네마캐슬] (자막)스즈메의 문단속, 2D(자막), 12세이상관람가, 14, 6층 3관, 79 / 96, 17:30, 19:42
[16:52|    INFO|  Cc_Mn_Mega.py:232] 144 : /20230712/ 1311, 23039901, 악마들, 2D, 청소년관람불가, 15, 8층 6관, 96 / 96, 19:15, 21:10
[16:52|    INFO|  Cc_Mn_Mega.py:232] 145 : /20230712/ 1211, 23048901, 미션 임파서블: 데드 레코닝 PART ONE, 2D(자막), 15세이상관람가, 1, 컴포트1관, 171 / 202, 17:30, 20:23
[16:52|    INFO|  Cc_Mn_Mega.py:232] 146 : /20230712/ 1211, 23048901, 미션 임파서블: 데드 레코닝 PART ONE, 2D(자막), 15세이상관람가, 2, 컴포트1관, 175 / 202, 20:50, 23:43
[16:52|    INFO|  Cc_Mn_Mega.py:232] 147 : /20230712/ 1211, 23048902, 미션 임파서블: 데드 레코닝 PART ONE, 2D ATMOS(자막), 15세이상관람가, 3, MX관, 260 / 342, 19:45, 22:38
[16:52|    INFO|  Cc_Mn_Mega.py:232] 148 : /20230712/ 1211, 23048902, 미션 임파서블: 데드 레코닝 PART ONE, 2D ATMOS(자막), 15세이상관람가, 4, MX관, 328 / 342, 23:00, 25:53
[16:52|    INFO|  Cc_Mn_Mega.py:232] 149 : /20230712/ 1211, 23048901, 미션 임파서블: 데드 레코닝 PART ONE, 2D(자막), 15세이상관람가, 5, 3관, 266 / 305, 18:40, 21:33
[16:52|    INFO|  Cc_Mn_Mega.py:232] 150 : /20230712/ 1211, 23048901, 미션 임파서블: 데드 레코닝 PART ONE, 2D(자막), 15세이상관람가, 6, 3관, 289 / 305, 21:55, 24:48
[16:52|    INFO|  Cc_Mn_Mega.py:232] 151 : /20230712/ 1211, 23048901, 미션 임파서블: 데드 레코닝 PART ONE, 2D(자막), 15세이상관람가, 7, 4관, 181 / 217, 19:15, 22:08
[16:52|    INFO|  Cc_Mn_Mega.py:232] 152 : /20230712/ 1211, 23048901, 미션 임파서블: 데드 레코닝 PART ONE, 2D(자막), 15세이상관람가, 8, 4관, 205 / 217, 22:30, 25:23
[16:52|    INFO|  Cc_Mn_Mega.py:232] 153 : /20230712/ 1211, 23048901, 미션 임파서블: 데드 레코닝 PART ONE, 2D(자막), 15세이상관람가, 9, 6관, 82 / 97, 17:00, 19:53
[16:52|    INFO|  Cc_Mn_Mega.py:232] 154 : /20230712/ 1211, 23048901, 미션 임파서블: 데드 레코닝 PART ONE, 2D(자막), 15세이상관람가, 10, 6관, 73 / 97, 20:15, 23:08
[16:52|    INFO|  Cc_Mn_Mega.py:232] 155 : /20230712/ 1211, 23048901, 미션 임파서블: 데드 레코닝 PART ONE, 2D(자막), 15세이상관람가, 11, 7관, 95 / 97, 18:10, 21:03
[16:52|    INFO|  Cc_Mn_Mega.py:232] 156 : /20230712/ 1211, 23048901, 미션 임파서블: 데드 레코닝 PART ONE, 2D(자막), 15세이상관람가, 12, 7관, 90 / 97, 21:25, 24:18
[16:52|    INFO|  Cc_Mn_Mega.py:232] 157 : /20230712/ 1211, 23048901, 미션 임파서블: 데드 레코닝 PART ONE, 2D(자막), 15세이상관람가, 13, 9관, 96 / 97, 17:50, 20:43
[16:52|    INFO|  Cc_Mn_Mega.py:232] 158 : /20230712/ 1211, 23034901, (자막) 엘리멘탈, 2D(자막), 전체관람가, 14, 5관, 65 / 86, 19:55, 21:54
[16:52|    INFO|  Cc_Mn_Mega.py:232] 159 : /20230712/ 1211, 23034901, (자막) 엘리멘탈, 2D(자막), 전체관람가, 15, 5관, 86 / 86, 22:15, 24:14
[16:52|    INFO|  Cc_Mn_Mega.py:232] 160 : /20230712/ 1211, 23034901, (자막) 엘리멘탈, 2D(자막), 전체관람가, 16, 6관, 94 / 97, 23:30, 25:29
[16:52|    INFO|  Cc_Mn_Mega.py:232] 161 : /20230712/ 1211, 23034901, (자막) 엘리멘탈, 2D(자막), 전체관람가, 17, 8관, 81 / 97, 18:40, 20:39
[16:52|    INFO|  Cc_Mn_Mega.py:232] 162 : /20230712/ 1211, 23034901, (자막) 엘리멘탈, 2D(자막), 전체관람가, 18, 8관, 92 / 97, 21:00, 22:59
[16:52|    INFO|  Cc_Mn_Mega.py:232] 163 : /20230712/ 1211, 23028801, (자막) 스파이더맨: 어크로스 더 유니버스, 2D(자막), 전체관람가, 19, 8관, 96 / 97, 23:20, 25:50
[16:52|    INFO|  Cc_Mn_Mega.py:232] 164 : /20230712/ 1211, 23035601, 범죄도시3, 2D, 15세이상관람가, 20, 5관, 63 / 86, 17:40, 19:35
[16:52|    INFO|  Cc_Mn_Mega.py:232] 165 : /20230712/ 1211, 23040001, 보 이즈 어프레이드, 2D(자막), 청소년관람불가, 21, 9관, 66 / 97, 21:10, 24:19
[16:52|    INFO|  Cc_Mn_Mega.py:232] 166 : /20230712/ 1331, 23048901, 미션 임파서블: 데드 레코닝 PART ONE, 2D(자막), 15세이상관람가, 1, 2관, 103 / 170, 19:15, 22:08
[16:52|    INFO|  Cc_Mn_Mega.py:232] 167 : /20230712/ 1331, 23048901, 미션 임파서블: 데드 레코닝 PART ONE, 2D(자막), 15세이상관람가, 2, 2관, 168 / 170, 22:30, 25:23
[16:52|    INFO|  Cc_Mn_Mega.py:232] 168 : /20230712/ 1331, 23048902, 미션 임파서블: 데드 레코닝 PART ONE, 2D ATMOS(자막), 15세이상관람가, 3, MX관, 218 / 279, 19:45, 22:38
[16:52|    INFO|  Cc_Mn_Mega.py:232] 169 : /20230712/ 1331, 23048902, 미션 임파서블: 데드 레코닝 PART ONE, 2D ATMOS(자막), 15세이상관람가, 4, MX관, 272 / 279, 23:00, 25:53
[16:52|    INFO|  Cc_Mn_Mega.py:232] 170 : /20230712/ 1331, 23048901, 미션 임파서블: 데드 레코닝 PART ONE, 2D(자막), 15세이상관람가, 5, 4관, 121 / 154, 17:50, 20:43
[16:52|    INFO|  Cc_Mn_Mega.py:232] 171 : /20230712/ 1331, 23048901, 미션 임파서블: 데드 레코닝 PART ONE, 2D(자막), 15세이상관람가, 6, 4관, 124 / 154, 21:05, 23:58
[16:52|    INFO|  Cc_Mn_Mega.py:232] 172 : /20230712/ 1331, 23048901, 미션 임파서블: 데드 레코닝 PART ONE, 2D(자막), 15세이상관람가, 7, 더부티크 101호 스위트, 19 / 46, 20:30, 23:23
[16:52|    INFO|  Cc_Mn_Mega.py:232] 173 : /20230712/ 1331, 23034901, (자막) 엘리멘탈, 2D(자막), 전체관람가, 8, 1관, 122 / 154, 17:15, 19:14
[16:52|    INFO|  Cc_Mn_Mega.py:232] 174 : /20230712/ 1331, 23034901, (자막) 엘리멘탈, 2D(자막), 전체관람가, 9, 1관, 151 / 154, 23:05, 25:04
[16:52|    INFO|  Cc_Mn_Mega.py:232] 175 : /20230712/ 1331, 23040001, 보 이즈 어프레이드, 2D(자막), 청소년관람불가, 10, 1관, 42 / 154, 19:35, 22:44
[16:52|    INFO|  Cc_Mn_Mega.py:232] 176 : /20230712/ 1371, 23048901, 미션 임파서블: 데드 레코닝 PART ONE, 2D(자막), 15세이상관람가, 1, 더부티크 103호, 115 / 175, 17:30, 20:23
[16:52|    INFO|  Cc_Mn_Mega.py:232] 177 : /20230712/ 1371, 23048901, 미션 임파서블: 데드 레코닝 PART ONE, 2D(자막), 15세이상관람가, 2, 더부티크 103호, 108 / 175, 20:45, 23:38
[16:52|    INFO|  Cc_Mn_Mega.py:232] 178 : /20230712/ 1371, 23048901, 미션 임파서블: 데드 레코닝 PART ONE, 2D(자막), 15세이상관람가, 3, 더부티크 104호, 38 / 136, 19:35, 22:28
[16:52|    INFO|  Cc_Mn_Mega.py:232] 179 : /20230712/ 1371, 23048901, 미션 임파서블: 데드 레코닝 PART ONE, 2D(자막), 15세이상관람가, 4, 더부티크 105호, 69 / 118, 18:20, 21:13
[16:52|    INFO|  Cc_Mn_Mega.py:232] 180 : /20230712/ 1371, 23048901, 미션 임파서블: 데드 레코닝 PART ONE, 2D(자막), 15세이상관람가, 5, 더부티크 105호, 95 / 118, 21:35, 24:28
[16:52|    INFO|  Cc_Mn_Mega.py:232] 181 : /20230712/ 1371, 23034901, (자막) 엘리멘탈, 2D(자막), 전체관람가, 6, 더부티크 102호, 108 / 159, 19:05, 21:04
[16:52|    INFO|  Cc_Mn_Mega.py:232] 182 : /20230712/ 1371, 23034901, (자막) 엘리멘탈, 2D(자막), 전체관람가, 7, 더부티크 102호, 83 / 159, 21:25, 23:24
[16:52|    INFO|  Cc_Mn_Mega.py:232] 183 : /20230712/ 1371, 23034901, (자막) 엘리멘탈, 2D(자막), 전체관람가, 8, 더부티크 104호, 136 / 136, 22:50, 24:49
[16:52|    INFO|  Cc_Mn_Mega.py:232] 184 : /20230712/ 1371, 23028801, (자막) 스파이더맨: 어크로스 더 유니버스, 2D(자막), 전체관람가, 9, 더부티크 101호, 62 / 92, 17:05, 19:35
[16:52|    INFO|  Cc_Mn_Mega.py:232] 185 : /20230712/ 1371, 23015401, 인디아나 존스: 운명의 다이얼, 2D(자막), 12세이상관람가, 10, 더부티크 101호, 75 / 92, 19:55, 22:39
[16:52|    INFO|  Cc_Mn_Mega.py:232] 186 : /20230712/ 1371, 23035601, 범죄도시3, 2D, 15세이상관람가, 11, 더부티크 101호, 92 / 92, 23:00, 24:55
[16:52|    INFO|  Cc_Mn_Mega.py:232] 187 : /20230712/ 1381, 23048901, 미션 임파서블: 데드 레코닝 PART ONE, 2D(자막), 15세이상관람가, 1, 1관, 197 / 246, 18:55, 21:48
[16:52|    INFO|  Cc_Mn_Mega.py:232] 188 : /20230712/ 1381, 23048901, 미션 임파서블: 데드 레코닝 PART ONE, 2D(자막), 15세이상관람가, 2, 1관, 231 / 246, 22:10, 25:03
[16:52|    INFO|  Cc_Mn_Mega.py:232] 189 : /20230712/ 1381, 23048901, 미션 임파서블: 데드 레코닝 PART ONE, 2D(자막), 15세이상관람가, 3, 2관, 49 / 67, 17:40, 20:33
[16:52|    INFO|  Cc_Mn_Mega.py:232] 190 : /20230712/ 1381, 23048901, 미션 임파서블: 데드 레코닝 PART ONE, 2D(자막), 15세이상관람가, 4, 2관, 46 / 67, 20:55, 23:48
[16:52|    INFO|  Cc_Mn_Mega.py:232] 191 : /20230712/ 1381, 23048901, 미션 임파서블: 데드 레코닝 PART ONE, 2D(자막), 15세이상관람가, 5, 4관, 99 / 110, 18:20, 21:13
[16:52|    INFO|  Cc_Mn_Mega.py:232] 192 : /20230712/ 1381, 23048901, 미션 임파서블: 데드 레코닝 PART ONE, 2D(자막), 15세이상관람가, 6, 4관, 103 / 110, 21:35, 24:28
[16:52|    INFO|  Cc_Mn_Mega.py:232] 193 : /20230712/ 1381, 23048901, 미션 임파서블: 데드 레코닝 PART ONE, 2D(자막), 15세이상관람가, 7, 8관, 110 / 126, 19:35, 22:28
[16:52|    INFO|  Cc_Mn_Mega.py:232] 194 : /20230712/ 1381, 23048901, 미션 임파서블: 데드 레코닝 PART ONE, 2D(자막), 15세이상관람가, 8, 9관, 121 / 124, 17:00, 19:53
[16:52|    INFO|  Cc_Mn_Mega.py:232] 195 : /20230712/ 1381, 23048901, 미션 임파서블: 데드 레코닝 PART ONE, 2D(자막), 15세이상관람가, 9, 9관, 102 / 124, 20:15, 23:08
[16:52|    INFO|  Cc_Mn_Mega.py:232] 196 : /20230712/ 1381, 23034901, (자막) 엘리멘탈, 2D(자막), 전체관람가, 10, 5관, 85 / 105, 17:05, 19:04
[16:52|    INFO|  Cc_Mn_Mega.py:232] 197 : /20230712/ 1381, 23034901, (자막) 엘리멘탈, 2D(자막), 전체관람가, 11, 5관, 76 / 105, 19:20, 21:19
[16:52|    INFO|  Cc_Mn_Mega.py:232] 198 : /20230712/ 1381, 23034901, (자막) 엘리멘탈, 2D(자막), 전체관람가, 12, 5관, 93 / 105, 21:35, 23:34
[16:52|    INFO|  Cc_Mn_Mega.py:232] 199 : /20230712/ 1381, 23028801, (자막) 스파이더맨: 어크로스 더 유니버스, 2D(자막), 전체관람가, 13, 3관, 61 / 67, 21:45, 24:15
[16:52|    INFO|  Cc_Mn_Mega.py:232] 200 : /20230712/ 1381, 23035101, 여름날 우리, 2D(자막), 12세이상관람가, 14, 6관, 90 / 116, 18:35, 20:39
[16:52|    INFO|  Cc_Mn_Mega.py:232] 201 : /20230712/ 1381, 23035101, 여름날 우리, 2D(자막), 12세이상관람가, 15, 6관, 108 / 116, 21:00, 23:04
[16:52|    INFO|  Cc_Mn_Mega.py:232] 202 : /20230712/ 1381, 23035601, 범죄도시3, 2D, 15세이상관람가, 16, 7관, 37 / 46, 17:15, 19:10
[16:52|    INFO|  Cc_Mn_Mega.py:232] 203 : /20230712/ 1381, 23035601, 범죄도시3, 2D, 15세이상관람가, 17, 7관, 40 / 46, 22:00, 23:55
[16:52|    INFO|  Cc_Mn_Mega.py:232] 204 : /20230712/ 1381, 22103501, 더 퍼스트 슬램덩크, 2D(자막), 12세이상관람가, 18, 3관, 46 / 67, 19:10, 21:25
[16:52|    INFO|  Cc_Mn_Mega.py:232] 205 : /20230712/ 1381, 23030001, 귀공자, 2D, 청소년관람불가, 19, 7관, 37 / 46, 19:30, 21:38
[16:52|    INFO|  Cc_Mn_Mega.py:232] 206 : /20230712/ 1202, 23048901, 미션 임파서블: 데드 레코닝 PART ONE, 2D(자막), 15세이상관람가, 1, 컴포트 1관, 334 / 400, 19:00, 21:53
[16:52|    INFO|  Cc_Mn_Mega.py:232] 207 : /20230712/ 1202, 23048901, 미션 임파서블: 데드 레코닝 PART ONE, 2D(자막), 15세이상관람가, 2, 컴포트 1관, 381 / 400, 22:10, 25:03
[16:52|    INFO|  Cc_Mn_Mega.py:232] 208 : /20230712/ 1202, 23048901, 미션 임파서블: 데드 레코닝 PART ONE, 2D(자막), 15세이상관람가, 3, 2관, 188 / 218, 17:05, 19:58
[16:52|    INFO|  Cc_Mn_Mega.py:232] 209 : /20230712/ 1202, 23048901, 미션 임파서블: 데드 레코닝 PART ONE, 2D(자막), 15세이상관람가, 4, 2관, 204 / 218, 20:20, 23:13
[16:52|    INFO|  Cc_Mn_Mega.py:232] 210 : /20230712/ 1202, 23048901, 미션 임파서블: 데드 레코닝 PART ONE, 2D(자막), 15세이상관람가, 5, 3관, 294 / 319, 19:40, 22:33
[16:52|    INFO|  Cc_Mn_Mega.py:232] 211 : /20230712/ 1202, 23048901, 미션 임파서블: 데드 레코닝 PART ONE, 2D(자막), 15세이상관람가, 6, 컴포트 4관, 102 / 102, 17:45, 20:38
[16:52|    INFO|  Cc_Mn_Mega.py:232] 212 : /20230712/ 1202, 23048901, 미션 임파서블: 데드 레코닝 PART ONE, 2D(자막), 15세이상관람가, 7, 컴포트 4관, 98 / 102, 21:00, 23:53
[16:52|    INFO|  Cc_Mn_Mega.py:232] 213 : /20230712/ 1202, 23048901, 미션 임파서블: 데드 레코닝 PART ONE, 2D(자막), 15세이상관람가, 8, 7관, 177 / 188, 18:15, 21:08
[16:52|    INFO|  Cc_Mn_Mega.py:232] 214 : /20230712/ 1202, 23048901, 미션 임파서블: 데드 레코닝 PART ONE, 2D(자막), 15세이상관람가, 9, 7관, 179 / 188, 21:30, 24:23
[16:52|    INFO|  Cc_Mn_Mega.py:232] 215 : /20230712/ 1202, 23034901, (자막) 엘리멘탈, 2D(자막), 전체관람가, 10, 5관, 145 / 190, 18:05, 20:04
[16:52|    INFO|  Cc_Mn_Mega.py:232] 216 : /20230712/ 1202, 23034901, (자막) 엘리멘탈, 2D(자막), 전체관람가, 11, 5관, 148 / 190, 20:25, 22:24
[16:52|    INFO|  Cc_Mn_Mega.py:232] 217 : /20230712/ 1202, 23034901, (자막) 엘리멘탈, 2D(자막), 전체관람가, 12, 5관, 187 / 190, 22:40, 24:39
[16:52|    INFO|  Cc_Mn_Mega.py:232] 218 : /20230712/ 1202, 23028801, (자막) 스파이더맨: 어크로스 더 유니버스, 2D(자막), 전체관람가, 13, 6관, 140 / 190, 19:20, 21:50
[16:52|    INFO|  Cc_Mn_Mega.py:232] 219 : /20230712/ 1202, 23028801, (자막) 스파이더맨: 어크로스 더 유니버스, 2D(자막), 전체관람가, 14, 6관, 185 / 190, 22:10, 24:40
[16:52|    INFO|  Cc_Mn_Mega.py:232] 220 : /20230712/ 1202, 23035101, 여름날 우리, 2D(자막), 12세이상관람가, 15, 8관, 46 / 87, 22:20, 24:24
[16:52|    INFO|  Cc_Mn_Mega.py:232] 221 : /20230712/ 1202, 23043801, [워너필소] 조디악, 2D(자막), 15세이상관람가, 16, 8관, 44 / 87, 19:10, 21:57
[16:52|    INFO|  Cc_Mn_Mega.py:232] 222 : /20230712/ 1202, 23043901, 좋.댓.구, 2D, 15세이상관람가, 17, 3관, 310 / 319, 22:50, 24:20
[16:52|    INFO|  Cc_Mn_Mega.py:232] 223 : /20230712/ 1202, 23035601, 범죄도시3, 2D, 15세이상관람가, 18, 8관, 73 / 87, 17:00, 18:55
[16:52|    INFO|  Cc_Mn_Mega.py:232] 224 : /20230712/ 1561, 23048901, 미션 임파서블: 데드 레코닝 PART ONE, 2D(자막), 15세이상관람가, 1, 2관, 141 / 198, 18:35, 21:28
[16:52|    INFO|  Cc_Mn_Mega.py:232] 225 : /20230712/ 1561, 23048901, 미션 임파서블: 데드 레코닝 PART ONE, 2D(자막), 15세이상관람가, 2, 2관, 186 / 198, 21:50, 24:43
[16:52|    INFO|  Cc_Mn_Mega.py:232] 226 : /20230712/ 1561, 23048901, 미션 임파서블: 데드 레코닝 PART ONE, 2D(자막), 15세이상관람가, 3, 3관, 108 / 123, 17:50, 20:43
[16:52|    INFO|  Cc_Mn_Mega.py:232] 227 : /20230712/ 1561, 23048901, 미션 임파서블: 데드 레코닝 PART ONE, 2D(자막), 15세이상관람가, 4, 3관, 107 / 123, 21:05, 23:58
[16:52|    INFO|  Cc_Mn_Mega.py:232] 228 : /20230712/ 1561, 23048901, 미션 임파서블: 데드 레코닝 PART ONE, 2D(자막), 15세이상관람가, 5, 4관, 76 / 123, 19:25, 22:18
[16:52|    INFO|  Cc_Mn_Mega.py:232] 229 : /20230712/ 1561, 23048901, 미션 임파서블: 데드 레코닝 PART ONE, 2D(자막), 15세이상관람가, 6, 4관, 120 / 123, 22:35, 25:28
[16:52|    INFO|  Cc_Mn_Mega.py:232] 230 : /20230712/ 1561, 23048901, 미션 임파서블: 데드 레코닝 PART ONE, 2D(자막), 15세이상관람가, 7, 5관, 176 / 198, 17:00, 19:53
[16:52|    INFO|  Cc_Mn_Mega.py:232] 231 : /20230712/ 1561, 23048901, 미션 임파서블: 데드 레코닝 PART ONE, 2D(자막), 15세이상관람가, 8, 5관, 124 / 198, 20:15, 23:08
[16:52|    INFO|  Cc_Mn_Mega.py:232] 232 : /20230712/ 1561, 23034901, (자막) 엘리멘탈, 2D(자막), 전체관람가, 9, 1관, 70 / 123, 18:50, 20:49
[16:52|    INFO|  Cc_Mn_Mega.py:232] 233 : /20230712/ 1561, 23034901, (자막) 엘리멘탈, 2D(자막), 전체관람가, 10, 1관, 92 / 123, 21:10, 23:09
[16:52|    INFO|  Cc_Mn_Mega.py:232] 234 : /20230712/ 1561, 23034901, (자막) 엘리멘탈, 2D(자막), 전체관람가, 11, 1관, 121 / 123, 23:30, 25:29
[16:52|    INFO|  Cc_Mn_Mega.py:232] 235 : /20230712/ 1561, 23028801, (자막) 스파이더맨: 어크로스 더 유니버스, 2D(자막), 전체관람가, 12, 6관, 98 / 123, 17:10, 19:40
[16:52|    INFO|  Cc_Mn_Mega.py:232] 236 : /20230712/ 1561, 23028801, (자막) 스파이더맨: 어크로스 더 유니버스, 2D(자막), 전체관람가, 13, 6관, 85 / 123, 19:55, 22:25
[16:52|    INFO|  Cc_Mn_Mega.py:232] 237 : /20230712/ 1561, 23015401, 인디아나 존스: 운명의 다이얼, 2D(자막), 12세이상관람가, 14, 6관, 121 / 123, 22:45, 25:29
[16:52|    INFO|  Cc_Mn_Mega.py:232] 238 : /20230712/ 1561, 23035601, 범죄도시3, 2D, 15세이상관람가, 15, 5관, 198 / 198, 23:30, 25:25
[16:52|    INFO|  Cc_Mn_Mega.py:232] 239 : /20230712/ 1321, 23048901, 미션 임파서블: 데드 레코닝 PART ONE, 2D(자막), 15세이상관람가, 1, 1관, 124 / 136, 17:45, 20:38
[16:52|    INFO|  Cc_Mn_Mega.py:232] 240 : /20230712/ 1321, 23048901, 미션 임파서블: 데드 레코닝 PART ONE, 2D(자막), 15세이상관람가, 2, 1관, 125 / 136, 21:00, 23:53
[16:52|    INFO|  Cc_Mn_Mega.py:232] 241 : /20230712/ 1321, 23048901, 미션 임파서블: 데드 레코닝 PART ONE, 2D(자막), 15세이상관람가, 3, 2관, 123 / 136, 18:45, 21:38
[16:52|    INFO|  Cc_Mn_Mega.py:232] 242 : /20230712/ 1321, 23048901, 미션 임파서블: 데드 레코닝 PART ONE, 2D(자막), 15세이상관람가, 4, 3관, 117 / 136, 20:00, 22:53
[16:52|    INFO|  Cc_Mn_Mega.py:232] 243 : /20230712/ 1321, 23048901, 미션 임파서블: 데드 레코닝 PART ONE, 2D(자막), 15세이상관람가, 5, 5관, 123 / 136, 20:30, 23:23
[16:52|    INFO|  Cc_Mn_Mega.py:232] 244 : /20230712/ 1321, 23034901, (자막) 엘리멘탈, 2D(자막), 전체관람가, 6, 4관, 128 / 136, 21:55, 23:54
[16:52|    INFO|  Cc_Mn_Mega.py:232] 245 : /20230712/ 1321, 23034901, (자막) 엘리멘탈, 2D(자막), 전체관람가, 7, 5관, 125 / 136, 18:10, 20:09
[16:52|    INFO|  Cc_Mn_Mega.py:232] 246 : /20230712/ 1321, 23028801, (자막) 스파이더맨: 어크로스 더 유니버스, 2D(자막), 전체관람가, 8, 4관, 118 / 136, 19:05, 21:35
[16:52|    INFO|  Cc_Mn_Mega.py:232] 247 : /20230712/ 1321, 23035601, 범죄도시3, 2D, 15세이상관람가, 9, 2관, 132 / 136, 22:00, 23:55
[16:52|    INFO|  Cc_Mn_Mega.py:232] 248 : /20230712/ 1351, 23048903, 미션 임파서블: 데드 레코닝 PART ONE, 2D Dolby(자막), 15세이상관람가, 1, Dolby Cinema, 126 / 378, 18:00, 20:53
[16:52|    INFO|  Cc_Mn_Mega.py:232] 249 : /20230712/ 1351, 23048903, 미션 임파서블: 데드 레코닝 PART ONE, 2D Dolby(자막), 15세이상관람가, 2, Dolby Cinema, 162 / 378, 21:20, 24:13
[16:52|    INFO|  Cc_Mn_Mega.py:232] 250 : /20230712/ 1351, 23048903, 미션 임파서블: 데드 레코닝 PART ONE, 2D Dolby(자막), 15세이상관람가, 3, Dolby Cinema, 305 / 378, 24:40, 27:33
[16:52|    INFO|  Cc_Mn_Mega.py:232] 251 : /20230712/ 1351, 23048901, 미션 임파서블: 데드 레코닝 PART ONE, 2D(자막), 15세이상관람가, 4, 2관, 256 / 432, 18:25, 21:18
[16:52|    INFO|  Cc_Mn_Mega.py:232] 252 : /20230712/ 1351, 23048901, 미션 임파서블: 데드 레코닝 PART ONE, 2D(자막), 15세이상관람가, 5, 2관, 363 / 432, 21:40, 24:33
[16:52|    INFO|  Cc_Mn_Mega.py:232] 253 : /20230712/ 1351, 23048901, 미션 임파서블: 데드 레코닝 PART ONE, 2D(자막), 15세이상관람가, 6, 2관, 422 / 432, 25:00, 27:53
[16:52|    INFO|  Cc_Mn_Mega.py:232] 254 : /20230712/ 1351, 23048901, 미션 임파서블: 데드 레코닝 PART ONE, 2D(자막), 15세이상관람가, 7, 컴포트 3관, 173 / 348, 17:20, 20:13
[16:52|    INFO|  Cc_Mn_Mega.py:232] 255 : /20230712/ 1351, 23048901, 미션 임파서블: 데드 레코닝 PART ONE, 2D(자막), 15세이상관람가, 8, 컴포트 3관, 156 / 348, 20:35, 23:28
[16:52|    INFO|  Cc_Mn_Mega.py:232] 256 : /20230712/ 1351, 23048901, 미션 임파서블: 데드 레코닝 PART ONE, 2D(자막), 15세이상관람가, 9, 컴포트 3관, 336 / 348, 23:50, 26:43
[16:52|    INFO|  Cc_Mn_Mega.py:232] 257 : /20230712/ 1351, 23048901, 미션 임파서블: 데드 레코닝 PART ONE, 2D(자막), 15세이상관람가, 10, 4관, 202 / 332, 19:45, 22:38
[16:52|    INFO|  Cc_Mn_Mega.py:232] 258 : /20230712/ 1351, 23048901, 미션 임파서블: 데드 레코닝 PART ONE, 2D(자막), 15세이상관람가, 11, BMW 코오롱 모터스관(컴포트 5관), 127 / 281, 19:15, 22:08
[16:52|    INFO|  Cc_Mn_Mega.py:232] 259 : /20230712/ 1351, 23048901, 미션 임파서블: 데드 레코닝 PART ONE, 2D(자막), 15세이상관람가, 12, 컴포트 7관, 170 / 285, 18:45, 21:38
[16:52|    INFO|  Cc_Mn_Mega.py:232] 260 : /20230712/ 1351, 23048901, 미션 임파서블: 데드 레코닝 PART ONE, 2D(자막), 15세이상관람가, 13, 컴포트 7관, 265 / 285, 22:10, 25:03
[16:52|    INFO|  Cc_Mn_Mega.py:232] 261 : /20230712/ 1351, 23048901, 미션 임파서블: 데드 레코닝 PART ONE, 2D(자막), 15세이상관람가, 14, 컴포트 9관, 248 / 255, 22:40, 25:33
[16:52|    INFO|  Cc_Mn_Mega.py:232] 262 : /20230712/ 1351, 23048901, 미션 임파서블: 데드 레코닝 PART ONE, 2D(자막), 15세이상관람가, 15, 컴포트 11관, 121 / 166, 16:55, 19:48
[16:52|    INFO|  Cc_Mn_Mega.py:232] 263 : /20230712/ 1351, 23048901, 미션 임파서블: 데드 레코닝 PART ONE, 2D(자막), 15세이상관람가, 16, 컴포트 11관, 110 / 166, 20:10, 23:03
[16:52|    INFO|  Cc_Mn_Mega.py:232] 264 : /20230712/ 1351, 23048901, 미션 임파서블: 데드 레코닝 PART ONE, 2D(자막), 15세이상관람가, 17, 컴포트 11관, 158 / 166, 23:25, 26:18
[16:52|    INFO|  Cc_Mn_Mega.py:232] 265 : /20230712/ 1351, 23048901, 미션 임파서블: 데드 레코닝 PART ONE, 2D(자막), 15세이상관람가, 18, 더부티크 102호 스위트, 2 / 36, 17:30, 20:23
[16:52|    INFO|  Cc_Mn_Mega.py:232] 266 : /20230712/ 1351, 23048901, 미션 임파서블: 데드 레코닝 PART ONE, 2D(자막), 15세이상관람가, 19, 더부티크 103호 스위트, 4 / 36, 19:40, 22:33
[16:52|    INFO|  Cc_Mn_Mega.py:232] 267 : /20230712/ 1351, 23048901, 미션 임파서블: 데드 레코닝 PART ONE, 2D(자막), 15세이상관람가, 20, 더부티크 103호 스위트, 28 / 36, 23:05, 25:58
[16:52|    INFO|  Cc_Mn_Mega.py:232] 268 : /20230712/ 1351, 23048901, 미션 임파서블: 데드 레코닝 PART ONE, 2D(자막), 15세이상관람가, 21, 자코모관(더부티크 스위트 101호), 8 / 36, 18:40, 21:33
[16:52|    INFO|  Cc_Mn_Mega.py:232] 269 : /20230712/ 1351, 23048901, 미션 임파서블: 데드 레코닝 PART ONE, 2D(자막), 15세이상관람가, 22, 자코모관(더부티크 스위트 101호), 8 / 36, 22:05, 24:58
[16:52|    INFO|  Cc_Mn_Mega.py:232] 270 : /20230712/ 1351, 23034901, (자막) 엘리멘탈, 2D(자막), 전체관람가, 23, BMW 코오롱 모터스관(컴포트 5관), 274 / 281, 22:30, 24:29
[16:52|    INFO|  Cc_Mn_Mega.py:232] 271 : /20230712/ 1351, 23034901, (자막) 엘리멘탈, 2D(자막), 전체관람가, 24, 컴포트 6관, 222 / 285, 18:05, 20:04
[16:52|    INFO|  Cc_Mn_Mega.py:232] 272 : /20230712/ 1351, 23034901, (자막) 엘리멘탈, 2D(자막), 전체관람가, 25, 컴포트 6관, 194 / 285, 20:25, 22:24
[16:52|    INFO|  Cc_Mn_Mega.py:232] 273 : /20230712/ 1351, 23034901, (자막) 엘리멘탈, 2D(자막), 전체관람가, 26, 컴포트 6관, 283 / 285, 24:35, 26:34
[16:52|    INFO|  Cc_Mn_Mega.py:232] 274 : /20230712/ 1351, 23034901, (자막) 엘리멘탈, 2D(자막), 전체관람가, 27, 컴포트 8관, 142 / 255, 19:10, 21:09
[16:52|    INFO|  Cc_Mn_Mega.py:232] 275 : /20230712/ 1351, 23034901, (자막) 엘리멘탈, 2D(자막), 전체관람가, 28, 컴포트 8관, 245 / 255, 21:30, 23:29
[16:52|    INFO|  Cc_Mn_Mega.py:232] 276 : /20230712/ 1351, 23034901, (자막) 엘리멘탈, 2D(자막), 전체관람가, 29, 더부티크 102호 스위트, 13 / 36, 20:55, 22:54
[16:52|    INFO|  Cc_Mn_Mega.py:232] 277 : /20230712/ 1351, 23034901, (자막) 엘리멘탈, 2D(자막), 전체관람가, 30, 더부티크 102호 스위트, 32 / 36, 23:25, 25:24
[16:52|    INFO|  Cc_Mn_Mega.py:232] 278 : /20230712/ 1351, 23028801, (자막) 스파이더맨: 어크로스 더 유니버스, 2D(자막), 전체관람가, 31, 4관, 319 / 332, 23:00, 25:30
[16:52|    INFO|  Cc_Mn_Mega.py:232] 279 : /20230712/ 1351, 23028801, (자막) 스파이더맨: 어크로스 더 유니버스, 2D(자막), 전체관람가, 32, BMW 코오롱 모터스관(컴포트 5관), 278 / 281, 24:50, 27:20
[16:52|    INFO|  Cc_Mn_Mega.py:232] 280 : /20230712/ 1351, 23035101, 여름날 우리, 2D(자막), 12세이상관람가, 33, 더부티크 105호, 26 / 82, 21:30, 23:34
[16:52|    INFO|  Cc_Mn_Mega.py:232] 281 : /20230712/ 1351, 23043801, [워너필소] 조디악, 2D(자막), 15세이상관람가, 34, 컴포트 9관, 82 / 255, 19:30, 22:17
[16:52|    INFO|  Cc_Mn_Mega.py:232] 282 : /20230712/ 1351, 23043901, 좋.댓.구, 2D, 15세이상관람가, 35, 컴포트 6관, 277 / 285, 22:45, 24:15
[16:52|    INFO|  Cc_Mn_Mega.py:232] 283 : /20230712/ 1351, 23043901, 좋.댓.구, 2D, 15세이상관람가, 36, 컴포트 10관, 128 / 166, 18:15, 19:45
[16:52|    INFO|  Cc_Mn_Mega.py:232] 284 : /20230712/ 1351, 23043901, 좋.댓.구, 2D, 15세이상관람가, 37, 컴포트 10관, 114 / 166, 20:05, 21:35
[16:52|    INFO|  Cc_Mn_Mega.py:232] 285 : /20230712/ 1351, 23015401, 인디아나 존스: 운명의 다이얼, 2D(자막), 12세이상관람가, 38, 컴포트 8관, 252 / 255, 23:50, 26:34
[16:52|    INFO|  Cc_Mn_Mega.py:232] 286 : /20230712/ 1351, 23035601, 범죄도시3, 2D, 15세이상관람가, 39, 컴포트 10관, 160 / 166, 21:55, 23:50
[16:52|    INFO|  Cc_Mn_Mega.py:232] 287 : /20230712/ 1351, 23040001, 보 이즈 어프레이드, 2D(자막), 청소년관람불가, 40, 더부티크 104호, 66 / 82, 22:25, 25:34
[16:52|    INFO|  Cc_Mn_Mega.py:232] 288 : /20230712/ 1351, 23040001, 보 이즈 어프레이드, 2D(자막), 청소년관람불가, 41, 더부티크 105호, 14 / 82, 18:00, 21:09
[16:52|    INFO|  Cc_Mn_Mega.py:232] 289 : /20230712/ 1351, 23030001, 귀공자, 2D, 청소년관람불가, 42, 컴포트 10관, 158 / 166, 24:10, 26:18
[16:52|    INFO|  Cc_Mn_Mega.py:232] 290 : /20230712/ 1351, 23041703, [F] 엔니오: 더 마에스트로, 2D(자막), 12세이상관람가, 43, 스크린B, 10 / 30, 23:40, 26:26
[16:52|    INFO|  Cc_Mn_Mega.py:232] 291 : /20230712/ 1351, 23043303, [F] 비밀의 언덕, 2D, 전체관람가, 44, 스크린A, 29 / 36, 18:30, 20:42
[16:52|    INFO|  Cc_Mn_Mega.py:232] 292 : /20230712/ 1351, 23043303, [F] 비밀의 언덕, 2D, 전체관람가, 45, 스크린A, 36 / 36, 23:05, 25:17
[16:52|    INFO|  Cc_Mn_Mega.py:232] 293 : /20230712/ 1351, 23034602, [F] 슬기로운 아내 수업, 2D(자막), 12세이상관람가, 46, 스크린B, 19 / 30, 21:20, 23:19
[16:52|    INFO|  Cc_Mn_Mega.py:232] 294 : /20230712/ 1351, 23043102, [F] 디어 마이 러브, 2D(자막), 전체관람가, 47, 스크린B, 16 / 30, 19:00, 20:53
[16:52|    INFO|  Cc_Mn_Mega.py:232] 295 : /20230712/ 1351, 23039901, 악마들, 2D, 청소년관람불가, 48, 더부티크 105호, 80 / 82, 23:55, 25:50
[16:52|    INFO|  Cc_Mn_Mega.py:232] 296 : /20230712/ 1351, 23042902, [F] 작은 정원, 2D, 전체관람가, 49, 스크린A, 36 / 36, 21:05, 22:41
[16:52|    INFO|  Cc_Mn_Mega.py:232] 297 : /20230712/ 1212, 23048901, 미션 임파서블: 데드 레코닝 PART ONE, 2D(자막), 15세이상관람가, 1, 왕즈하오관 (7층 1관), 129 / 160, 20:00, 22:53
[16:52|    INFO|  Cc_Mn_Mega.py:232] 298 : /20230712/ 1212, 23048901, 미션 임파서블: 데드 레코닝 PART ONE, 2D(자막), 15세이상관람가, 2, 오늘밤관(9층 2관), 141 / 170, 17:50, 20:43
[16:52|    INFO|  Cc_Mn_Mega.py:232] 299 : /20230712/ 1212, 23048901, 미션 임파서블: 데드 레코닝 PART ONE, 2D(자막), 15세이상관람가, 3, 오늘밤관(9층 2관), 152 / 170, 21:00, 23:53
[16:52|    INFO|  Cc_Mn_Mega.py:232] 300 : /20230712/ 1212, 23048901, 미션 임파서블: 데드 레코닝 PART ONE, 2D(자막), 15세이상관람가, 4, 하늘관(9층 3관), 96 / 113, 19:20, 22:13
[16:52|    INFO|  Cc_Mn_Mega.py:232] 301 : /20230712/ 1212, 23048901, 미션 임파서블: 데드 레코닝 PART ONE, 2D(자막), 15세이상관람가, 5, 11층 5관, 91 / 113, 18:50, 21:43
[16:52|    INFO|  Cc_Mn_Mega.py:232] 302 : /20230712/ 1212, 23048901, 미션 임파서블: 데드 레코닝 PART ONE, 2D(자막), 15세이상관람가, 6, 11층 5관, 108 / 113, 22:00, 24:53
[16:52|    INFO|  Cc_Mn_Mega.py:232] 303 : /20230712/ 1212, 23034901, (자막) 엘리멘탈, 2D(자막), 전체관람가, 7, 11층 4관, 103 / 170, 17:30, 19:29
[16:52|    INFO|  Cc_Mn_Mega.py:232] 304 : /20230712/ 1212, 23034901, (자막) 엘리멘탈, 2D(자막), 전체관람가, 8, 11층 4관, 124 / 170, 19:50, 21:49
[16:52|    INFO|  Cc_Mn_Mega.py:232] 305 : /20230712/ 1212, 23034901, (자막) 엘리멘탈, 2D(자막), 전체관람가, 9, 11층 4관, 157 / 170, 22:10, 24:09
[16:52|    INFO|  Cc_Mn_Mega.py:232] 306 : /20230712/ 1212, 23028801, (자막) 스파이더맨: 어크로스 더 유니버스, 2D(자막), 전체관람가, 10, 하늘관(9층 3관), 112 / 113, 22:30, 25:00
[16:52|    INFO|  Cc_Mn_Mega.py:232] 307 : /20230712/ 1571, 23048901, 미션 임파서블: 데드 레코닝 PART ONE, 2D(자막), 15세이상관람가, 1, 1관, 174 / 198, 18:00, 20:53
[16:52|    INFO|  Cc_Mn_Mega.py:232] 308 : /20230712/ 1571, 23048901, 미션 임파서블: 데드 레코닝 PART ONE, 2D(자막), 15세이상관람가, 2, 1관, 172 / 198, 21:15, 24:08
[16:52|    INFO|  Cc_Mn_Mega.py:232] 309 : /20230712/ 1571, 23048901, 미션 임파서블: 데드 레코닝 PART ONE, 2D(자막), 15세이상관람가, 3, 2관, 140 / 174, 17:00, 19:53
[16:52|    INFO|  Cc_Mn_Mega.py:232] 310 : /20230712/ 1571, 23048901, 미션 임파서블: 데드 레코닝 PART ONE, 2D(자막), 15세이상관람가, 4, 2관, 136 / 174, 20:15, 23:08
[16:52|    INFO|  Cc_Mn_Mega.py:232] 311 : /20230712/ 1571, 23048901, 미션 임파서블: 데드 레코닝 PART ONE, 2D(자막), 15세이상관람가, 5, 3관, 171 / 210, 19:15, 22:08
[16:52|    INFO|  Cc_Mn_Mega.py:232] 312 : /20230712/ 1571, 23048901, 미션 임파서블: 데드 레코닝 PART ONE, 2D(자막), 15세이상관람가, 6, 3관, 202 / 210, 22:30, 25:23
[16:52|    INFO|  Cc_Mn_Mega.py:232] 313 : /20230712/ 1571, 23048901, 미션 임파서블: 데드 레코닝 PART ONE, 2D(자막), 15세이상관람가, 7, 5관, 145 / 174, 18:35, 21:28
[16:52|    INFO|  Cc_Mn_Mega.py:232] 314 : /20230712/ 1571, 23048901, 미션 임파서블: 데드 레코닝 PART ONE, 2D(자막), 15세이상관람가, 8, 5관, 156 / 174, 21:50, 24:43
[16:52|    INFO|  Cc_Mn_Mega.py:232] 315 : /20230712/ 1571, 23034901, (자막) 엘리멘탈, 2D(자막), 전체관람가, 9, 4관, 69 / 95, 18:45, 20:44
[16:52|    INFO|  Cc_Mn_Mega.py:232] 316 : /20230712/ 1571, 23034901, (자막) 엘리멘탈, 2D(자막), 전체관람가, 10, 4관, 85 / 95, 21:05, 23:04
[16:52|    INFO|  Cc_Mn_Mega.py:232] 317 : /20230712/ 1562, 23041701, 엔니오: 더 마에스트로, 2D(자막), 12세이상관람가, 1, 9관, 36 / 58, 17:20, 19:56
[16:52|    INFO|  Cc_Mn_Mega.py:232] 318 : /20230712/ 1562, 23043301, 비밀의 언덕, 2D, 전체관람가, 2, 0관, 91 / 92, 17:40, 19:42
[16:52|    INFO|  Cc_Mn_Mega.py:232] 319 : /20230712/ 1562, 23043301, 비밀의 언덕, 2D, 전체관람가, 3, 0관, 87 / 92, 20:00, 22:02
[16:52|    INFO|  Cc_Mn_Mega.py:232] 320 : /20230712/ 1562, 23050101, 극장판 아름다운 그: 이터널, 2D(자막), 15세이상관람가, 4, 9관, 33 / 58, 20:20, 22:03
[16:52|    INFO|  Cc_Mn_Mega.py:232] 321 : /20230712/ 4121, 23048901, 미션 임파서블: 데드 레코닝 PART ONE, 2D(자막), 15세이상관람가, 1, 1관, 117 / 178, 18:45, 21:38
[16:52|    INFO|  Cc_Mn_Mega.py:232] 322 : /20230712/ 4121, 23048901, 미션 임파서블: 데드 레코닝 PART ONE, 2D(자막), 15세이상관람가, 2, 1관, 167 / 178, 22:00, 24:53
[16:52|    INFO|  Cc_Mn_Mega.py:232] 323 : /20230712/ 4121, 23048901, 미션 임파서블: 데드 레코닝 PART ONE, 2D(자막), 15세이상관람가, 3, 4관, 163 / 190, 17:30, 20:23
[16:52|    INFO|  Cc_Mn_Mega.py:232] 324 : /20230712/ 4121, 23048901, 미션 임파서블: 데드 레코닝 PART ONE, 2D(자막), 15세이상관람가, 4, 4관, 145 / 190, 20:45, 23:38
[16:52|    INFO|  Cc_Mn_Mega.py:232] 325 : /20230712/ 4121, 23048901, 미션 임파서블: 데드 레코닝 PART ONE, 2D(자막), 15세이상관람가, 5, 5관, 100 / 168, 20:05, 22:58
[16:52|    INFO|  Cc_Mn_Mega.py:232] 326 : /20230712/ 4121, 23048901, 미션 임파서블: 데드 레코닝 PART ONE, 2D(자막), 15세이상관람가, 6, 5관, 163 / 168, 23:20, 26:13
[16:52|    INFO|  Cc_Mn_Mega.py:232] 327 : /20230712/ 4121, 23048902, 미션 임파서블: 데드 레코닝 PART ONE, 2D ATMOS(자막), 15세이상관람가, 7, MX관, 115 / 218, 19:25, 22:18
[16:52|    INFO|  Cc_Mn_Mega.py:232] 328 : /20230712/ 4121, 23048902, 미션 임파서블: 데드 레코닝 PART ONE, 2D ATMOS(자막), 15세이상관람가, 8, MX관, 197 / 218, 22:40, 25:33
[16:52|    INFO|  Cc_Mn_Mega.py:232] 329 : /20230712/ 4121, 23048901, 미션 임파서블: 데드 레코닝 PART ONE, 2D(자막), 15세이상관람가, 9, 7관, 131 / 152, 18:10, 21:03
[16:52|    INFO|  Cc_Mn_Mega.py:232] 330 : /20230712/ 4121, 23048901, 미션 임파서블: 데드 레코닝 PART ONE, 2D(자막), 15세이상관람가, 10, 7관, 146 / 152, 21:25, 24:18
[16:52|    INFO|  Cc_Mn_Mega.py:232] 331 : /20230712/ 4121, 23034902, (더빙) 엘리멘탈, 2D(더빙), 전체관람가, 11, 8관, 7 / 25, 17:10, 19:09
[16:52|    INFO|  Cc_Mn_Mega.py:232] 332 : /20230712/ 4121, 23034901, (자막) 엘리멘탈, 2D(자막), 전체관람가, 12, 2관, 106 / 118, 19:15, 21:14
[16:52|    INFO|  Cc_Mn_Mega.py:232] 333 : /20230712/ 4121, 23034901, (자막) 엘리멘탈, 2D(자막), 전체관람가, 13, 3관, 97 / 136, 17:40, 19:39
[16:52|    INFO|  Cc_Mn_Mega.py:232] 334 : /20230712/ 4121, 23034901, (자막) 엘리멘탈, 2D(자막), 전체관람가, 14, 3관, 117 / 136, 20:00, 21:59
[16:52|    INFO|  Cc_Mn_Mega.py:232] 335 : /20230712/ 4121, 23034901, (자막) 엘리멘탈, 2D(자막), 전체관람가, 15, 3관, 133 / 136, 22:20, 24:19
[16:52|    INFO|  Cc_Mn_Mega.py:232] 336 : /20230712/ 4121, 23034901, (자막) 엘리멘탈, 2D(자막), 전체관람가, 16, 9관, 29 / 29, 21:10, 23:09
[16:52|    INFO|  Cc_Mn_Mega.py:232] 337 : /20230712/ 4121, 23034901, (자막) 엘리멘탈, 2D(자막), 전체관람가, 17, 9관, 28 / 29, 23:30, 25:29
[16:52|    INFO|  Cc_Mn_Mega.py:232] 338 : /20230712/ 4121, 23035101, 여름날 우리, 2D(자막), 12세이상관람가, 18, 8관, 10 / 25, 22:35, 24:39
[16:52|    INFO|  Cc_Mn_Mega.py:232] 339 : /20230712/ 4121, 23035101, 여름날 우리, 2D(자막), 12세이상관람가, 19, 9관, 14 / 29, 18:45, 20:49
[16:52|    INFO|  Cc_Mn_Mega.py:232] 340 : /20230712/ 4121, 23043801, [워너필소] 조디악, 2D(자막), 15세이상관람가, 20, 8관, 16 / 25, 19:30, 22:17
[16:52|    INFO|  Cc_Mn_Mega.py:232] 341 : /20230712/ 4121, 23015401, 인디아나 존스: 운명의 다이얼, 2D(자막), 12세이상관람가, 21, 2관, 112 / 118, 21:35, 24:19
[16:52|    INFO|  Cc_Mn_Mega.py:232] 342 : /20230712/ 0029, 23048901, 미션 임파서블: 데드 레코닝 PART ONE, 2D(자막), 15세이상관람가, 1, 컴포트 1관 , 157 / 164, 17:45, 20:38
[16:52|    INFO|  Cc_Mn_Mega.py:232] 343 : /20230712/ 0029, 23048901, 미션 임파서블: 데드 레코닝 PART ONE, 2D(자막), 15세이상관람가, 2, 컴포트 1관 , 155 / 164, 20:55, 23:48
[16:52|    INFO|  Cc_Mn_Mega.py:232] 344 : /20230712/ 0029, 23048901, 미션 임파서블: 데드 레코닝 PART ONE, 2D(자막), 15세이상관람가, 3, 컴포트 2관, 107 / 115, 17:00, 19:53
[16:52|    INFO|  Cc_Mn_Mega.py:232] 345 : /20230712/ 0029, 23048901, 미션 임파서블: 데드 레코닝 PART ONE, 2D(자막), 15세이상관람가, 4, 컴포트 2관, 107 / 115, 20:10, 23:03
[16:52|    INFO|  Cc_Mn_Mega.py:232] 346 : /20230712/ 0029, 23048901, 미션 임파서블: 데드 레코닝 PART ONE, 2D(자막), 15세이상관람가, 5, 컴포트 5관 , 120 / 127, 18:30, 21:23
[16:52|    INFO|  Cc_Mn_Mega.py:232] 347 : /20230712/ 0029, 23048901, 미션 임파서블: 데드 레코닝 PART ONE, 2D(자막), 15세이상관람가, 6, 컴포트 5관 , 124 / 127, 21:40, 24:33
[16:52|    INFO|  Cc_Mn_Mega.py:232] 348 : /20230712/ 0029, 23048901, 미션 임파서블: 데드 레코닝 PART ONE, 2D(자막), 15세이상관람가, 7, 컴포트 6관 , 148 / 171, 19:20, 22:13
[16:52|    INFO|  Cc_Mn_Mega.py:232] 349 : /20230712/ 0029, 23048901, 미션 임파서블: 데드 레코닝 PART ONE, 2D(자막), 15세이상관람가, 8, 컴포트 6관 , 169 / 171, 22:30, 25:23
[16:52|    INFO|  Cc_Mn_Mega.py:232] 350 : /20230712/ 0029, 23034901, (자막) 엘리멘탈, 2D(자막), 전체관람가, 9, 컴포트 3관, 104 / 115, 20:30, 22:29
[16:52|    INFO|  Cc_Mn_Mega.py:232] 351 : /20230712/ 0029, 23034901, (자막) 엘리멘탈, 2D(자막), 전체관람가, 10, 컴포트 3관, 114 / 115, 22:45, 24:44
[16:52|    INFO|  Cc_Mn_Mega.py:232] 352 : /20230712/ 0029, 23034901, (자막) 엘리멘탈, 2D(자막), 전체관람가, 11, 컴포트 4관, 93 / 103, 18:00, 19:59
[16:52|    INFO|  Cc_Mn_Mega.py:232] 353 : /20230712/ 0029, 23028801, (자막) 스파이더맨: 어크로스 더 유니버스, 2D(자막), 전체관람가, 12, 컴포트 4관, 94 / 103, 20:15, 22:45
[16:52|    INFO|  Cc_Mn_Mega.py:232] 354 : /20230712/ 0029, 23035101, 여름날 우리, 2D(자막), 12세이상관람가, 13, 컴포트 3관, 100 / 115, 18:10, 20:14
[16:52|    INFO|  Cc_Mn_Mega.py:232] 355 : /20230712/ 0029, 23035601, 범죄도시3, 2D, 15세이상관람가, 14, 컴포트 2관, 114 / 115, 23:20, 25:15
[16:52|    INFO|  Cc_Mn_Mega.py:232] 356 : /20230712/ 0029, 22103501, 더 퍼스트 슬램덩크, 2D(자막), 12세이상관람가, 15, 컴포트 4관, 99 / 103, 23:00, 25:15
[16:52|    INFO|  Cc_Mn_Mega.py:232] 357 : /20230712/ 0053, 23048901, 미션 임파서블: 데드 레코닝 PART ONE, 2D(자막), 15세이상관람가, 1, 2관, 158 / 166, 19:30, 22:23
[16:52|    INFO|  Cc_Mn_Mega.py:232] 358 : /20230712/ 0053, 23048901, 미션 임파서블: 데드 레코닝 PART ONE, 2D(자막), 15세이상관람가, 2, 2관, 166 / 166, 22:40, 25:33
[16:52|    INFO|  Cc_Mn_Mega.py:232] 359 : /20230712/ 0053, 23048901, 미션 임파서블: 데드 레코닝 PART ONE, 2D(자막), 15세이상관람가, 3, 3관, 102 / 106, 17:10, 20:03
[16:52|    INFO|  Cc_Mn_Mega.py:232] 360 : /20230712/ 0053, 23048901, 미션 임파서블: 데드 레코닝 PART ONE, 2D(자막), 15세이상관람가, 4, 3관, 103 / 106, 20:20, 23:13
[16:52|    INFO|  Cc_Mn_Mega.py:232] 361 : /20230712/ 0053, 23048901, 미션 임파서블: 데드 레코닝 PART ONE, 2D(자막), 15세이상관람가, 5, 4관, 143 / 144, 18:00, 20:53
[16:52|    INFO|  Cc_Mn_Mega.py:232] 362 : /20230712/ 0053, 23048901, 미션 임파서블: 데드 레코닝 PART ONE, 2D(자막), 15세이상관람가, 6, 4관, 136 / 144, 21:10, 24:03
[16:52|    INFO|  Cc_Mn_Mega.py:232] 363 : /20230712/ 0053, 23048901, 미션 임파서블: 데드 레코닝 PART ONE, 2D(자막), 15세이상관람가, 7, 5관, 139 / 145, 18:50, 21:43
[16:52|    INFO|  Cc_Mn_Mega.py:232] 364 : /20230712/ 0053, 23048901, 미션 임파서블: 데드 레코닝 PART ONE, 2D(자막), 15세이상관람가, 8, 5관, 142 / 145, 22:00, 24:53
[16:52|    INFO|  Cc_Mn_Mega.py:232] 365 : /20230712/ 0053, 23034901, (자막) 엘리멘탈, 2D(자막), 전체관람가, 9, 1관, 120 / 124, 18:20, 20:19
[16:52|    INFO|  Cc_Mn_Mega.py:232] 366 : /20230712/ 0053, 23034901, (자막) 엘리멘탈, 2D(자막), 전체관람가, 10, 1관, 117 / 124, 20:40, 22:39
[16:52|    INFO|  Cc_Mn_Mega.py:232] 367 : /20230712/ 0053, 23034901, (자막) 엘리멘탈, 2D(자막), 전체관람가, 11, 1관, 124 / 124, 23:00, 24:59
[16:52|    INFO|  Cc_Mn_Mega.py:232] 368 : /20230712/ 0053, 23035601, 범죄도시3, 2D, 15세이상관람가, 12, 6관, 113 / 115, 19:00, 20:55
[16:52|    INFO|  Cc_Mn_Mega.py:232] 369 : /20230712/ 0053, 23035601, 범죄도시3, 2D, 15세이상관람가, 13, 6관, 115 / 115, 21:20, 23:15
[16:52|    INFO|  Cc_Mn_Mega.py:232] 370 : /20230712/ 0035, 23048901, 미션 임파서블: 데드 레코닝 PART ONE, 2D(자막), 15세이상관람가, 1, 컴포트 1관, 55 / 74, 18:15, 21:08
[16:52|    INFO|  Cc_Mn_Mega.py:232] 371 : /20230712/ 0035, 23048901, 미션 임파서블: 데드 레코닝 PART ONE, 2D(자막), 15세이상관람가, 2, 컴포트 1관, 68 / 74, 21:30, 24:23
[16:52|    INFO|  Cc_Mn_Mega.py:232] 372 : /20230712/ 0035, 23048901, 미션 임파서블: 데드 레코닝 PART ONE, 2D(자막), 15세이상관람가, 3, 컴포트 2관, 64 / 78, 19:00, 21:53
[16:52|    INFO|  Cc_Mn_Mega.py:232] 373 : /20230712/ 0035, 23048901, 미션 임파서블: 데드 레코닝 PART ONE, 2D(자막), 15세이상관람가, 4, 컴포트 2관, 73 / 78, 22:10, 25:03
[16:52|    INFO|  Cc_Mn_Mega.py:232] 374 : /20230712/ 0035, 23048901, 미션 임파서블: 데드 레코닝 PART ONE, 2D(자막), 15세이상관람가, 5, 컴포트 3관, 47 / 56, 20:30, 23:23
[16:52|    INFO|  Cc_Mn_Mega.py:232] 375 : /20230712/ 0035, 23048901, 미션 임파서블: 데드 레코닝 PART ONE, 2D(자막), 15세이상관람가, 6, 컴포트 4관, 72 / 91, 17:35, 20:28
[16:52|    INFO|  Cc_Mn_Mega.py:232] 376 : /20230712/ 0035, 23048901, 미션 임파서블: 데드 레코닝 PART ONE, 2D(자막), 15세이상관람가, 7, 컴포트 4관, 91 / 91, 21:00, 23:53
[16:52|    INFO|  Cc_Mn_Mega.py:232] 377 : /20230712/ 0035, 23048901, 미션 임파서블: 데드 레코닝 PART ONE, 2D(자막), 15세이상관람가, 8, 컴포트 5관, 77 / 84, 20:00, 22:53
[16:52|    INFO|  Cc_Mn_Mega.py:232] 378 : /20230712/ 0035, 23048901, 미션 임파서블: 데드 레코닝 PART ONE, 2D(자막), 15세이상관람가, 9, 컴포트 7관, 127 / 171, 19:30, 22:23
[16:52|    INFO|  Cc_Mn_Mega.py:232] 379 : /20230712/ 0035, 23048901, 미션 임파서블: 데드 레코닝 PART ONE, 2D(자막), 15세이상관람가, 10, 컴포트 7관, 166 / 171, 22:45, 25:38
[16:52|    INFO|  Cc_Mn_Mega.py:232] 380 : /20230712/ 0035, 23034901, (자막) 엘리멘탈, 2D(자막), 전체관람가, 11, 컴포트 6관, 39 / 59, 17:50, 19:49
[16:52|    INFO|  Cc_Mn_Mega.py:232] 381 : /20230712/ 0035, 23034901, (자막) 엘리멘탈, 2D(자막), 전체관람가, 12, 컴포트 6관, 31 / 59, 20:15, 22:14
[16:52|    INFO|  Cc_Mn_Mega.py:232] 382 : /20230712/ 0035, 23034901, (자막) 엘리멘탈, 2D(자막), 전체관람가, 13, 컴포트 6관, 57 / 59, 22:35, 24:34
[16:52|    INFO|  Cc_Mn_Mega.py:232] 383 : /20230712/ 0035, 23035101, 여름날 우리, 2D(자막), 12세이상관람가, 14, 컴포트 3관, 33 / 56, 18:05, 20:09
[16:52|    INFO|  Cc_Mn_Mega.py:232] 384 : /20230712/ 0035, 23035601, 범죄도시3, 2D, 15세이상관람가, 15, 컴포트 5관, 84 / 84, 23:10, 25:05
[16:52|    INFO|  Cc_Mn_Mega.py:232] 385 : /20230712/ 4152, 23048901, 미션 임파서블: 데드 레코닝 PART ONE, 2D(자막), 15세이상관람가, 1, 1관, 121 / 137, 17:45, 20:38
[16:52|    INFO|  Cc_Mn_Mega.py:232] 386 : /20230712/ 4152, 23048901, 미션 임파서블: 데드 레코닝 PART ONE, 2D(자막), 15세이상관람가, 2, 1관, 119 / 137, 21:00, 23:53
[16:52|    INFO|  Cc_Mn_Mega.py:232] 387 : /20230712/ 4152, 23048901, 미션 임파서블: 데드 레코닝 PART ONE, 2D(자막), 15세이상관람가, 3, 2관, 133 / 150, 18:45, 21:38
[16:52|    INFO|  Cc_Mn_Mega.py:232] 388 : /20230712/ 4152, 23048901, 미션 임파서블: 데드 레코닝 PART ONE, 2D(자막), 15세이상관람가, 4, 2관, 144 / 150, 22:00, 24:53
[16:52|    INFO|  Cc_Mn_Mega.py:232] 389 : /20230712/ 4152, 23048901, 미션 임파서블: 데드 레코닝 PART ONE, 2D(자막), 15세이상관람가, 5, 5관, 109 / 137, 19:45, 22:38
[16:52|    INFO|  Cc_Mn_Mega.py:232] 390 : /20230712/ 4152, 23034901, (자막) 엘리멘탈, 2D(자막), 전체관람가, 6, 4관, 117 / 150, 17:40, 19:39
[16:52|    INFO|  Cc_Mn_Mega.py:232] 391 : /20230712/ 4152, 23034901, (자막) 엘리멘탈, 2D(자막), 전체관람가, 7, 4관, 139 / 150, 20:00, 21:59
[16:52|    INFO|  Cc_Mn_Mega.py:232] 392 : /20230712/ 4152, 23034901, (자막) 엘리멘탈, 2D(자막), 전체관람가, 8, 4관, 148 / 150, 22:20, 24:19
[16:52|    INFO|  Cc_Mn_Mega.py:232] 393 : /20230712/ 4152, 23043801, [워너필소] 조디악, 2D(자막), 15세이상관람가, 9, 3관, 137 / 138, 18:55, 21:42
[16:52|    INFO|  Cc_Mn_Mega.py:232] 394 : /20230712/ 4152, 23035601, 범죄도시3, 2D, 15세이상관람가, 10, 5관, 137 / 137, 23:00, 24:55
[16:52|    INFO|  Cc_Mn_Mega.py:232] 395 : /20230712/ 4152, 23030001, 귀공자, 2D, 청소년관람불가, 11, 3관, 137 / 138, 22:05, 24:13
[16:52|    INFO|  Cc_Mn_Mega.py:232] 396 : /20230712/ 0039, 23048901, 미션 임파서블: 데드 레코닝 PART ONE, 2D(자막), 15세이상관람가, 1, 리클라이너 1관, 88 / 94, 18:30, 21:23
[16:52|    INFO|  Cc_Mn_Mega.py:232] 397 : /20230712/ 0039, 23048901, 미션 임파서블: 데드 레코닝 PART ONE, 2D(자막), 15세이상관람가, 2, 리클라이너 1관, 85 / 94, 21:40, 24:33
[16:52|    INFO|  Cc_Mn_Mega.py:232] 398 : /20230712/ 0039, 23048901, 미션 임파서블: 데드 레코닝 PART ONE, 2D(자막), 15세이상관람가, 3, 리클라이너 2관, 69 / 85, 19:00, 21:53
[16:52|    INFO|  Cc_Mn_Mega.py:232] 399 : /20230712/ 0039, 23048901, 미션 임파서블: 데드 레코닝 PART ONE, 2D(자막), 15세이상관람가, 4, 리클라이너 2관, 80 / 85, 22:10, 25:03
[16:52|    INFO|  Cc_Mn_Mega.py:232] 400 : /20230712/ 0039, 23048901, 미션 임파서블: 데드 레코닝 PART ONE, 2D(자막), 15세이상관람가, 5, 리클라이너 5관, 68 / 78, 18:00, 20:53
[16:52|    INFO|  Cc_Mn_Mega.py:232] 401 : /20230712/ 0039, 23048901, 미션 임파서블: 데드 레코닝 PART ONE, 2D(자막), 15세이상관람가, 6, 리클라이너 5관, 65 / 78, 21:10, 24:03
[16:52|    INFO|  Cc_Mn_Mega.py:232] 402 : /20230712/ 0039, 23048901, 미션 임파서블: 데드 레코닝 PART ONE, 2D(자막), 15세이상관람가, 7, 7관, 86 / 92, 19:30, 22:23
[16:52|    INFO|  Cc_Mn_Mega.py:232] 403 : /20230712/ 0039, 23034901, (자막) 엘리멘탈, 2D(자막), 전체관람가, 8, 리클라이너 6관, 37 / 78, 18:00, 19:59
[16:52|    INFO|  Cc_Mn_Mega.py:232] 404 : /20230712/ 0039, 23034901, (자막) 엘리멘탈, 2D(자막), 전체관람가, 9, 리클라이너 6관, 49 / 78, 20:15, 22:14
[16:52|    INFO|  Cc_Mn_Mega.py:232] 405 : /20230712/ 0039, 23034901, (자막) 엘리멘탈, 2D(자막), 전체관람가, 10, 리클라이너 6관, 77 / 78, 22:30, 24:29
[16:52|    INFO|  Cc_Mn_Mega.py:232] 406 : /20230712/ 0039, 23034901, (자막) 엘리멘탈, 2D(자막), 전체관람가, 11, 8관, 102 / 107, 18:30, 20:29
[16:52|    INFO|  Cc_Mn_Mega.py:232] 407 : /20230712/ 0039, 23035101, 여름날 우리, 2D(자막), 12세이상관람가, 12, 리클라이너 3관, 12 / 39, 17:00, 19:04
[16:52|    INFO|  Cc_Mn_Mega.py:232] 408 : /20230712/ 0039, 23035101, 여름날 우리, 2D(자막), 12세이상관람가, 13, 리클라이너 3관, 26 / 39, 19:20, 21:24
[16:52|    INFO|  Cc_Mn_Mega.py:232] 409 : /20230712/ 0039, 23015401, 인디아나 존스: 운명의 다이얼, 2D(자막), 12세이상관람가, 14, 9관, 165 / 165, 22:00, 24:44
[16:52|    INFO|  Cc_Mn_Mega.py:232] 410 : /20230712/ 0039, 23035601, 범죄도시3, 2D, 15세이상관람가, 15, 7관, 92 / 92, 22:40, 24:35
[16:52|    INFO|  Cc_Mn_Mega.py:232] 411 : /20230712/ 0039, 23035601, 범죄도시3, 2D, 15세이상관람가, 16, 9관, 163 / 165, 17:40, 19:35
[16:52|    INFO|  Cc_Mn_Mega.py:232] 412 : /20230712/ 0039, 23035601, 범죄도시3, 2D, 15세이상관람가, 17, 9관, 163 / 165, 19:50, 21:45
[16:52|    INFO|  Cc_Mn_Mega.py:232] 413 : /20230712/ 0039, 23040001, 보 이즈 어프레이드, 2D(자막), 청소년관람불가, 18, 리클라이너 3관, 32 / 39, 21:45, 24:54
[16:52|    INFO|  Cc_Mn_Mega.py:232] 414 : /20230712/ 0039, 23039901, 악마들, 2D, 청소년관람불가, 19, 8관, 107 / 107, 20:45, 22:40
[16:52|    INFO|  Cc_Mn_Mega.py:232] 415 : /20230712/ 0039, 23039901, 악마들, 2D, 청소년관람불가, 20, 8관, 107 / 107, 22:55, 24:50
[16:52|    INFO|  Cc_Mn_Mega.py:232] 416 : /20230712/ 0019, 23048901, 미션 임파서블: 데드 레코닝 PART ONE, 2D(자막), 15세이상관람가, 1, 2관, 148 / 163, 17:30, 20:23
[16:52|    INFO|  Cc_Mn_Mega.py:232] 417 : /20230712/ 0019, 23048901, 미션 임파서블: 데드 레코닝 PART ONE, 2D(자막), 15세이상관람가, 2, 2관, 150 / 163, 20:45, 23:38
[16:52|    INFO|  Cc_Mn_Mega.py:232] 418 : /20230712/ 0019, 23048901, 미션 임파서블: 데드 레코닝 PART ONE, 2D(자막), 15세이상관람가, 3, 3관, 127 / 155, 20:05, 22:58
[16:52|    INFO|  Cc_Mn_Mega.py:232] 419 : /20230712/ 0019, 23048901, 미션 임파서블: 데드 레코닝 PART ONE, 2D(자막), 15세이상관람가, 4, 3관, 147 / 155, 23:20, 26:13
[16:52|    INFO|  Cc_Mn_Mega.py:232] 420 : /20230712/ 0019, 23048901, 미션 임파서블: 데드 레코닝 PART ONE, 2D(자막), 15세이상관람가, 5, 4관, 151 / 163, 18:00, 20:53
[16:52|    INFO|  Cc_Mn_Mega.py:232] 421 : /20230712/ 0019, 23048901, 미션 임파서블: 데드 레코닝 PART ONE, 2D(자막), 15세이상관람가, 6, 4관, 158 / 163, 21:15, 24:08
[16:52|    INFO|  Cc_Mn_Mega.py:232] 422 : /20230712/ 0019, 23048903, 미션 임파서블: 데드 레코닝 PART ONE, 2D Dolby(자막), 15세이상관람가, 7, Dolby Cinema, 166 / 290, 19:25, 22:18
[16:52|    INFO|  Cc_Mn_Mega.py:232] 423 : /20230712/ 0019, 23048903, 미션 임파서블: 데드 레코닝 PART ONE, 2D Dolby(자막), 15세이상관람가, 8, Dolby Cinema, 204 / 290, 22:50, 25:43
[16:52|    INFO|  Cc_Mn_Mega.py:232] 424 : /20230712/ 0019, 23048901, 미션 임파서블: 데드 레코닝 PART ONE, 2D(자막), 15세이상관람가, 9, 6관, 103 / 120, 18:35, 21:28
[16:52|    INFO|  Cc_Mn_Mega.py:232] 425 : /20230712/ 0019, 23048901, 미션 임파서블: 데드 레코닝 PART ONE, 2D(자막), 15세이상관람가, 10, 6관, 114 / 120, 21:50, 24:43
[16:52|    INFO|  Cc_Mn_Mega.py:232] 426 : /20230712/ 0019, 23048901, 미션 임파서블: 데드 레코닝 PART ONE, 2D(자막), 15세이상관람가, 11, 컴포트8관, 19 / 40, 19:10, 22:03
[16:52|    INFO|  Cc_Mn_Mega.py:232] 427 : /20230712/ 0019, 23048901, 미션 임파서블: 데드 레코닝 PART ONE, 2D(자막), 15세이상관람가, 12, 컴포트8관, 32 / 40, 22:25, 25:18
[16:52|    INFO|  Cc_Mn_Mega.py:232] 428 : /20230712/ 0019, 23034901, (자막) 엘리멘탈, 2D(자막), 전체관람가, 13, 7관, 90 / 121, 17:00, 18:59
[16:52|    INFO|  Cc_Mn_Mega.py:232] 429 : /20230712/ 0019, 23034901, (자막) 엘리멘탈, 2D(자막), 전체관람가, 14, 7관, 89 / 121, 19:20, 21:19
[16:52|    INFO|  Cc_Mn_Mega.py:232] 430 : /20230712/ 0019, 23034901, (자막) 엘리멘탈, 2D(자막), 전체관람가, 15, 7관, 119 / 121, 21:40, 23:39
[16:52|    INFO|  Cc_Mn_Mega.py:232] 431 : /20230712/ 0019, 23015401, 인디아나 존스: 운명의 다이얼, 2D(자막), 12세이상관람가, 16, 삼성생명건강자산시네마(1관), 158 / 163, 19:40, 22:24
[16:52|    INFO|  Cc_Mn_Mega.py:232] 432 : /20230712/ 0019, 23015401, 인디아나 존스: 운명의 다이얼, 2D(자막), 12세이상관람가, 17, 삼성생명건강자산시네마(1관), 163 / 163, 22:45, 25:29
[16:52|    INFO|  Cc_Mn_Mega.py:232] 433 : /20230712/ 4451, 23048901, 미션 임파서블: 데드 레코닝 PART ONE, 2D(자막), 15세이상관람가, 1, 컴포트 1관_리클, 58 / 92, 19:30, 22:23
[16:52|    INFO|  Cc_Mn_Mega.py:232] 434 : /20230712/ 4451, 23048901, 미션 임파서블: 데드 레코닝 PART ONE, 2D(자막), 15세이상관람가, 2, 컴포트 1관_리클, 84 / 92, 22:40, 25:33
[16:52|    INFO|  Cc_Mn_Mega.py:232] 435 : /20230712/ 4451, 23048901, 미션 임파서블: 데드 레코닝 PART ONE, 2D(자막), 15세이상관람가, 3, 컴포트 2관_리클, 70 / 92, 18:50, 21:43
[16:52|    INFO|  Cc_Mn_Mega.py:232] 436 : /20230712/ 4451, 23048901, 미션 임파서블: 데드 레코닝 PART ONE, 2D(자막), 15세이상관람가, 4, 컴포트 2관_리클, 83 / 92, 22:00, 24:53
[16:52|    INFO|  Cc_Mn_Mega.py:232] 437 : /20230712/ 4451, 23048901, 미션 임파서블: 데드 레코닝 PART ONE, 2D(자막), 15세이상관람가, 5, 컴포트 3관_리클, 71 / 85, 16:55, 19:48
[16:52|    INFO|  Cc_Mn_Mega.py:232] 438 : /20230712/ 4451, 23048901, 미션 임파서블: 데드 레코닝 PART ONE, 2D(자막), 15세이상관람가, 6, 컴포트 3관_리클, 64 / 85, 20:05, 22:58
[16:52|    INFO|  Cc_Mn_Mega.py:232] 439 : /20230712/ 4451, 23048901, 미션 임파서블: 데드 레코닝 PART ONE, 2D(자막), 15세이상관람가, 7, 컴포트 4관_리클, 80 / 89, 17:35, 20:28
[16:52|    INFO|  Cc_Mn_Mega.py:232] 440 : /20230712/ 4451, 23048901, 미션 임파서블: 데드 레코닝 PART ONE, 2D(자막), 15세이상관람가, 8, 컴포트 4관_리클, 79 / 89, 20:45, 23:38
[16:52|    INFO|  Cc_Mn_Mega.py:232] 441 : /20230712/ 4451, 23048901, 미션 임파서블: 데드 레코닝 PART ONE, 2D(자막), 15세이상관람가, 9, 컴포트 7관_리클, 69 / 85, 18:10, 21:03
[16:52|    INFO|  Cc_Mn_Mega.py:232] 442 : /20230712/ 4451, 23048901, 미션 임파서블: 데드 레코닝 PART ONE, 2D(자막), 15세이상관람가, 10, 컴포트 7관_리클, 66 / 85, 21:20, 24:13
[16:52|    INFO|  Cc_Mn_Mega.py:232] 443 : /20230712/ 4451, 23034901, (자막) 엘리멘탈, 2D(자막), 전체관람가, 11, 컴포트 6관_리클, 79 / 92, 19:50, 21:49
[16:52|    INFO|  Cc_Mn_Mega.py:232] 444 : /20230712/ 4451, 23034901, (자막) 엘리멘탈, 2D(자막), 전체관람가, 12, 컴포트 8관_리클, 64 / 89, 18:40, 20:39
[16:52|    INFO|  Cc_Mn_Mega.py:232] 445 : /20230712/ 4451, 23034901, (자막) 엘리멘탈, 2D(자막), 전체관람가, 13, 컴포트 8관_리클, 86 / 89, 20:55, 22:54
[16:52|    INFO|  Cc_Mn_Mega.py:232] 446 : /20230712/ 4451, 23034901, (자막) 엘리멘탈, 2D(자막), 전체관람가, 14, 컴포트 8관_리클, 87 / 89, 23:10, 25:09
[16:52|    INFO|  Cc_Mn_Mega.py:232] 447 : /20230712/ 4451, 23028801, (자막) 스파이더맨: 어크로스 더 유니버스, 2D(자막), 전체관람가, 15, 컴포트 6관_리클, 92 / 92, 22:10, 24:40
[16:52|    INFO|  Cc_Mn_Mega.py:232] 448 : /20230712/ 4451, 23035101, 여름날 우리, 2D(자막), 12세이상관람가, 16, 컴포트 6관_리클, 62 / 92, 17:30, 19:34
[16:52|    INFO|  Cc_Mn_Mega.py:232] 449 : /20230712/ 4451, 23035601, 범죄도시3, 2D, 15세이상관람가, 17, 컴포트 3관_리클, 85 / 85, 23:15, 25:10
[16:52|    INFO|  Cc_Mn_Mega.py:232] 450 : /20230712/ 4451, 23040001, 보 이즈 어프레이드, 2D(자막), 청소년관람불가, 18, 컴포트 5관_리클, 86 / 92, 21:50, 24:59
[16:52|    INFO|  Cc_Mn_Mega.py:232] 451 : /20230712/ 4652, 23048901, 미션 임파서블: 데드 레코닝 PART ONE, 2D(자막), 15세이상관람가, 1, 컴포트 1관_리클, 29 / 42, 18:00, 20:53
[16:52|    INFO|  Cc_Mn_Mega.py:232] 452 : /20230712/ 4652, 23048901, 미션 임파서블: 데드 레코닝 PART ONE, 2D(자막), 15세이상관람가, 2, 컴포트 1관_리클, 29 / 42, 21:15, 24:08
[16:52|    INFO|  Cc_Mn_Mega.py:232] 453 : /20230712/ 4652, 23048901, 미션 임파서블: 데드 레코닝 PART ONE, 2D(자막), 15세이상관람가, 3, 컴포트 3관(리클라이너), 44 / 72, 19:15, 22:08
[16:52|    INFO|  Cc_Mn_Mega.py:232] 454 : /20230712/ 4652, 23048901, 미션 임파서블: 데드 레코닝 PART ONE, 2D(자막), 15세이상관람가, 4, 컴포트 3관(리클라이너), 63 / 72, 22:30, 25:23
[16:52|    INFO|  Cc_Mn_Mega.py:232] 455 : /20230712/ 4652, 23048901, 미션 임파서블: 데드 레코닝 PART ONE, 2D(자막), 15세이상관람가, 5, 컴포트 4관(리클라이너), 31 / 46, 17:00, 19:53
[16:52|    INFO|  Cc_Mn_Mega.py:232] 456 : /20230712/ 4652, 23048901, 미션 임파서블: 데드 레코닝 PART ONE, 2D(자막), 15세이상관람가, 6, 컴포트 4관(리클라이너), 27 / 46, 20:15, 23:08
[16:52|    INFO|  Cc_Mn_Mega.py:232] 457 : /20230712/ 4652, 23048901, 미션 임파서블: 데드 레코닝 PART ONE, 2D(자막), 15세이상관람가, 7, 컴포트 5관(리클라이너), 36 / 42, 18:45, 21:38
[16:52|    INFO|  Cc_Mn_Mega.py:232] 458 : /20230712/ 4652, 23048901, 미션 임파서블: 데드 레코닝 PART ONE, 2D(자막), 15세이상관람가, 8, 컴포트 5관(리클라이너), 40 / 42, 22:00, 24:53
[16:52|    INFO|  Cc_Mn_Mega.py:232] 459 : /20230712/ 4652, 23034901, (자막) 엘리멘탈, 2D(자막), 전체관람가, 9, 컴포트 2관(리클라이너), 31 / 48, 17:30, 19:29
[16:52|    INFO|  Cc_Mn_Mega.py:232] 460 : /20230712/ 4652, 23034901, (자막) 엘리멘탈, 2D(자막), 전체관람가, 10, 컴포트 2관(리클라이너), 35 / 48, 19:45, 21:44
[16:52|    INFO|  Cc_Mn_Mega.py:232] 461 : /20230712/ 4652, 23034901, (자막) 엘리멘탈, 2D(자막), 전체관람가, 11, 컴포트 2관(리클라이너), 42 / 48, 22:00, 23:59
