[21:25|    INFO|  Cc__Supper.py: 76] ━━━━━━━━━━━━━━━━━━━━━━━━━━━━━━━━━━━━━━━━━━━━━━━━━━━━━━━━━━━━━━━━
[21:25|    INFO|  Cc__Supper.py: 77]  ♨. 파일 Cc__db/CcMega 을 압축                                                                                      
[21:25|    INFO|  Cc__Supper.py: 78] ────────────────────────────────────────────────────────────────
[21:26|    INFO|  Cc__Supper.py: 84] unzip -o /tmp/phpxrSWIp -d /db_file/
[21:31|    INFO|  Cc__Supper.py: 76] ━━━━━━━━━━━━━━━━━━━━━━━━━━━━━━━━━━━━━━━━━━━━━━━━━━━━━━━━━━━━━━━━
[21:31|    INFO|  Cc__Supper.py: 77]  ♨. 파일 Cc__db/CcMega 을 압축                                                                                      
[21:31|    INFO|  Cc__Supper.py: 78] ────────────────────────────────────────────────────────────────
[21:32|    INFO|  Cc__Supper.py: 84] unzip -o /tmp/phpWYCXwe -d /usr/local/apache2/htdocs/totalscore/db_file/
[21:35|    INFO|  Cc__Supper.py: 76] ━━━━━━━━━━━━━━━━━━━━━━━━━━━━━━━━━━━━━━━━━━━━━━━━━━━━━━━━━━━━━━━━
[21:35|    INFO|  Cc__Supper.py: 77]  ♨. 파일 Cc__db/CcMega 을 압축                                                                                      
[21:35|    INFO|  Cc__Supper.py: 78] ────────────────────────────────────────────────────────────────
[21:35|    INFO|  Cc__Supper.py: 84] unzip -o /tmp/php85wEVK -d /usr/local/apache2/htdocs/totalscore/db_file/
[21:40|    INFO|  Cc__Supper.py: 76] ━━━━━━━━━━━━━━━━━━━━━━━━━━━━━━━━━━━━━━━━━━━━━━━━━━━━━━━━━━━━━━━━
[21:40|    INFO|  Cc__Supper.py: 77]  ♨. 파일 Cc__db/CcMega 을 압축                                                                                      
[21:40|    INFO|  Cc__Supper.py: 78] ────────────────────────────────────────────────────────────────
[21:40|    INFO|  Cc__Supper.py: 84] <br />
<b>Fatal error</b>:  Class 'ZipArchive' not found in <b>/usr/local/apache2/htdocs/totalscore/upload_zip_file.php</b> on line <b>4</b><br />

[21:44|    INFO|  Cc__Supper.py: 76] ━━━━━━━━━━━━━━━━━━━━━━━━━━━━━━━━━━━━━━━━━━━━━━━━━━━━━━━━━━━━━━━━
[21:44|    INFO|  Cc__Supper.py: 77]  ♨. 파일 Cc__db/CcMega 을 압축                                                                                      
[21:44|    INFO|  Cc__Supper.py: 78] ────────────────────────────────────────────────────────────────
[21:44|    INFO|  Cc__Supper.py: 84] 
[21:47|    INFO|  Cc__Supper.py: 76] ━━━━━━━━━━━━━━━━━━━━━━━━━━━━━━━━━━━━━━━━━━━━━━━━━━━━━━━━━━━━━━━━
[21:47|    INFO|  Cc__Supper.py: 77]  ♨. 파일 Cc__db/CcMega 을 압축                                                                                      
[21:47|    INFO|  Cc__Supper.py: 78] ────────────────────────────────────────────────────────────────
[21:47|    INFO|  Cc__Supper.py: 84] 
[21:50|    INFO|  Cc__Supper.py: 76] ━━━━━━━━━━━━━━━━━━━━━━━━━━━━━━━━━━━━━━━━━━━━━━━━━━━━━━━━━━━━━━━━
[21:50|    INFO|  Cc__Supper.py: 77]  ♨. 파일 Cc__db/CcMega 을 압축                                                                                      
[21:50|    INFO|  Cc__Supper.py: 78] ────────────────────────────────────────────────────────────────
[21:50|    INFO|  Cc__Supper.py: 84] unzip -o ./uploaded_zip_file/CcMega.zip -d ./uploaded_zip_file/
[21:57|    INFO|  Cc__Supper.py: 76] ━━━━━━━━━━━━━━━━━━━━━━━━━━━━━━━━━━━━━━━━━━━━━━━━━━━━━━━━━━━━━━━━
[21:57|    INFO|  Cc__Supper.py: 77]  ♨. 파일 Cc__db/CcMega 을 압축                                                                                      
[21:57|    INFO|  Cc__Supper.py: 78] ────────────────────────────────────────────────────────────────
[21:57|    INFO|  Cc__Supper.py: 84] <br />
<b>Fatal error</b>:  Call to undefined function  zip_open() in <b>/usr/local/apache2/htdocs/totalscore/upload_zip_file.php</b> on line <b>13</b><br />

[21:59|    INFO|  Cc__Supper.py: 76] ━━━━━━━━━━━━━━━━━━━━━━━━━━━━━━━━━━━━━━━━━━━━━━━━━━━━━━━━━━━━━━━━
[21:59|    INFO|  Cc__Supper.py: 77]  ♨. 파일 Cc__db/CcMega 을 압축                                                                                      
[21:59|    INFO|  Cc__Supper.py: 78] ────────────────────────────────────────────────────────────────
[21:59|    INFO|  Cc__Supper.py: 84] <br />
<b>Fatal error</b>:  Class 'ZipArchive' not found in <b>/usr/local/apache2/htdocs/totalscore/upload_zip_file.php</b> on line <b>19</b><br />

[22:10|    INFO|  Cc__Supper.py: 80] ━━━━━━━━━━━━━━━━━━━━━━━━━━━━━━━━━━━━━━━━━━━━━━━━━━━━━━━━━━━━━━━━
[22:10|    INFO|  Cc__Supper.py: 81]  ♨. 파일 Cc__db/CcMega 을 압축                                                                                      
[22:10|    INFO|  Cc__Supper.py: 82] ────────────────────────────────────────────────────────────────
[22:10|    INFO|  Cc__Supper.py: 89] <br />
<b>Fatal error</b>:  Class 'ZipArchive' not found in <b>/usr/local/apache2/htdocs/totalscore/upload_zip_file.php</b> on line <b>19</b><br />

[22:15|    INFO|  Cc__Supper.py: 80] ━━━━━━━━━━━━━━━━━━━━━━━━━━━━━━━━━━━━━━━━━━━━━━━━━━━━━━━━━━━━━━━━
[22:15|    INFO|  Cc__Supper.py: 81]  ♨. 파일 Cc__db/CcMega 을 압축                                                                                      
[22:15|    INFO|  Cc__Supper.py: 82] ────────────────────────────────────────────────────────────────
[22:15|    INFO|  Cc__Supper.py: 89] 
[22:15|    INFO|  Cc__Supper.py: 80] ━━━━━━━━━━━━━━━━━━━━━━━━━━━━━━━━━━━━━━━━━━━━━━━━━━━━━━━━━━━━━━━━
[22:15|    INFO|  Cc__Supper.py: 81]  ♨. 파일 Cc__db/CcMega 을 압축                                                                                      
[22:15|    INFO|  Cc__Supper.py: 82] ────────────────────────────────────────────────────────────────
[22:15|    INFO|  Cc__Supper.py: 89] tar -xf ./uploaded_tar_file/CcMega.tar -C ./uploaded_tar_file/
[22:23|    INFO|  Cc__Supper.py: 80] ━━━━━━━━━━━━━━━━━━━━━━━━━━━━━━━━━━━━━━━━━━━━━━━━━━━━━━━━━━━━━━━━
[22:23|    INFO|  Cc__Supper.py: 81]  ♨. 파일 Cc__db/CcMega 을 압축                                                                                      
[22:23|    INFO|  Cc__Supper.py: 82] ────────────────────────────────────────────────────────────────
[22:23|    INFO|  Cc__Supper.py: 89] 
[22:23|    INFO|  Cc__Supper.py: 80] ━━━━━━━━━━━━━━━━━━━━━━━━━━━━━━━━━━━━━━━━━━━━━━━━━━━━━━━━━━━━━━━━
[22:23|    INFO|  Cc__Supper.py: 81]  ♨. 파일 Cc__db/CcMega 을 압축                                                                                      
[22:23|    INFO|  Cc__Supper.py: 82] ────────────────────────────────────────────────────────────────
[22:23|    INFO|  Cc__Supper.py: 89] tar -xf ./uploaded_tar_file/CcMega.tar -C ./uploaded_tar_file/extracted/
[22:28|    INFO|  Cc__Supper.py: 80] ━━━━━━━━━━━━━━━━━━━━━━━━━━━━━━━━━━━━━━━━━━━━━━━━━━━━━━━━━━━━━━━━
[22:28|    INFO|  Cc__Supper.py: 81]  ♨. 파일 Cc__db/CcMega 을 압축                                                                                      
[22:28|    INFO|  Cc__Supper.py: 82] ────────────────────────────────────────────────────────────────
[22:28|    INFO|  Cc__Supper.py: 89] tar -xf ./uploaded_tar_file/CcMega.tar -C ./uploaded_tar_file/extracted/
[22:37|    INFO|  Cc__Supper.py: 80] ━━━━━━━━━━━━━━━━━━━━━━━━━━━━━━━━━━━━━━━━━━━━━━━━━━━━━━━━━━━━━━━━
[22:37|    INFO|  Cc__Supper.py: 81]  ♨. 파일 Cc__db/CcMega 을 압축                                                                                      
[22:37|    INFO|  Cc__Supper.py: 82] ────────────────────────────────────────────────────────────────
[22:37|    INFO|  Cc__Supper.py: 89] tar -xf ./uploaded_tar_file/CcMega.db -C ./uploaded_tar_file/extracted/
[22:56|    INFO|  Cc__Supper.py: 91] ━━━━━━━━━━━━━━━━━━━━━━━━━━━━━━━━━━━━━━━━━━━━━━━━━━━━━━━━━━━━━━━━
[22:56|    INFO|  Cc__Supper.py: 92]  ♨. 파일 Cc__db/CcMega 을 압축                                                                                      
[22:56|    INFO|  Cc__Supper.py: 93] ────────────────────────────────────────────────────────────────
[22:56|    INFO|  Cc__Supper.py:100] 
[23:11|    INFO|  Cc__Supper.py: 91] ━━━━━━━━━━━━━━━━━━━━━━━━━━━━━━━━━━━━━━━━━━━━━━━━━━━━━━━━━━━━━━━━
[23:11|    INFO|  Cc__Supper.py: 92]  ♨. 파일 Cc__db/CcMega 을 압축                                                                                      
[23:11|    INFO|  Cc__Supper.py: 93] ────────────────────────────────────────────────────────────────
[23:16|    INFO|  Cc_Mn_Mega.py: 41] 
[23:16|    INFO|  Cc_Mn_Mega.py: 42] ━━━━━━━━━━━━━━━━━━━━━━━━━━━━━━━━━━━━━━━━━━━━━━━━━━━━━━━━━━━━━━━━
[23:16|    INFO|  Cc_Mn_Mega.py: 43]  1. ### 영화(https://www.megabox.co.kr/on/oh/oha/Movie/selectMovieList.do) 에서 영화데이터를 가지고 온다. ###                  
[23:16|    INFO|  Cc_Mn_Mega.py: 44] ────────────────────────────────────────────────────────────────
[23:16|    INFO|  Cc_Mn_Mega.py: 68] ────────────────────────────────────────────────────────────────
[23:16|    INFO|  Cc_Mn_Mega.py: 69] 영화코드 : 개봉일자, 구분, 영화명    
[23:16|    INFO|  Cc_Mn_Mega.py: 70] ────────────────────────────────────────────────────────────────
[23:16|    INFO|  Cc_Mn_Mega.py: 80] 23048900 : 20230712, 15세이상관람가, 미션 임파서블: 데드 레코닝 PART ONE
[23:16|    INFO|  Cc_Mn_Mega.py: 80] 23034900 : 20230614, 전체관람가, 엘리멘탈
[23:16|    INFO|  Cc_Mn_Mega.py: 80] 23049400 : 20230719, 12세이상관람가, 바비
[23:16|    INFO|  Cc_Mn_Mega.py: 80] 23048800 : 20230802, 12세이상관람가, 비공식작전
[23:16|    INFO|  Cc_Mn_Mega.py: 80] 23028800 : 20230621, 전체관람가, 스파이더맨: 어크로스 더 유니버스
[23:16|    INFO|  Cc_Mn_Mega.py: 80] 23035100 : 20230628, 12세이상관람가, 여름날 우리
[23:16|    INFO|  Cc_Mn_Mega.py: 80] 23043900 : 20230712, 15세이상관람가, 좋.댓.구
[23:16|    INFO|  Cc_Mn_Mega.py: 80] 23035600 : 20230531, 15세이상관람가, 범죄도시3
[23:16|    INFO|  Cc_Mn_Mega.py: 80] 23015400 : 20230628, 12세이상관람가, 인디아나 존스: 운명의 다이얼
[23:16|    INFO|  Cc_Mn_Mega.py: 80] 23040000 : 20230705, 청소년관람불가, 보 이즈 어프레이드
[23:16|    INFO|  Cc_Mn_Mega.py: 80] 23043800 : 20230712, 15세이상관람가, [워너필소] 조디악
[23:16|    INFO|  Cc_Mn_Mega.py: 80] 23047900 : 20230720, 12세이상관람가, 명탐정코난: 흑철의 어영
[23:16|    INFO|  Cc_Mn_Mega.py: 80] 22103500 : 20230104, 12세이상관람가, 더 퍼스트 슬램덩크
[23:16|    INFO|  Cc_Mn_Mega.py: 80] 23029300 : 20230726, 15세이상관람가, 밀수
[23:16|    INFO|  Cc_Mn_Mega.py: 80] 23049200 : 20230720, 전체관람가, 극장판 슈퍼윙스: 맥시멈 스피드
[23:16|    INFO|  Cc_Mn_Mega.py: 80] 23042200 : 20230720, 전체관람가, 아버지의 마음
[23:16|    INFO|  Cc_Mn_Mega.py: 80] 23030000 : 20230621, 청소년관람불가, 귀공자
[23:16|    INFO|  Cc_Mn_Mega.py: 80] 23041700 : 20230705, 12세이상관람가, 엔니오: 더 마에스트로
[23:16|    INFO|  Cc_Mn_Mega.py: 80] 23036300 : 20230703, 전체관람가, [로열 발레] 잠자는 숲속의 미녀
[23:16|    INFO|  Cc_Mn_Mega.py: 80] 23044200 : 20230716, 청소년관람불가, [사건 읽는 영화관] 대한민국 강력사건 : 마약사건
[23:16|    INFO|  Cc_Mn_Mega.py: 80] 23038600 : 20230628, 12세이상관람가, 애스터로이드 시티
[23:16|    INFO|  Cc_Mn_Mega.py: 80] 23044500 : 20230708, 12세이상관람가, [HE 로맨스] 해피메리엔딩
[23:16|    INFO|  Cc_Mn_Mega.py: 80] 23043300 : 20230712, 전체관람가, 비밀의 언덕
[23:16|    INFO|  Cc_Mn_Mega.py: 80] 23042400 : 20230713, 전체관람가, 극장판 피노키오 위대한 모험
[23:16|    INFO|  Cc_Mn_Mega.py: 80] 23048200 : 20230727, 전체관람가, [내 생애 첫 미술관] 루브르 박물관
[23:16|    INFO|  Cc_Mn_Mega.py: 80] 21068600 : 20211118, 전체관람가, 뱅드림! 필름 라이브 세컨드 스테이지
[23:16|    INFO|  Cc_Mn_Mega.py: 80] 23038300 : 20230705, 15세이상관람가, 빈틈없는 사이
[23:16|    INFO|  Cc_Mn_Mega.py: 80] 23044400 : 20230719, 12세이상관람가, 러브 라이프
[23:16|    INFO|  Cc_Mn_Mega.py: 80] 23034600 : 20230712, 12세이상관람가, 슬기로운 아내 수업
[23:16|    INFO|  Cc_Mn_Mega.py: 80] 23039900 : 20230705, 청소년관람불가, 악마들
[23:16|    INFO|  Cc_Mn_Mega.py: 80] 23043100 : 20230712, 전체관람가, 디어 마이 러브
[23:16|    INFO|  Cc_Mn_Mega.py: 80] 23043700 : 20230705, 15세이상관람가, [워너필소] 디파티드
[23:16|    INFO|  Cc_Mn_Mega.py: 80] 23043600 : 20230628, 청소년관람불가, [워너필소] 샤이닝
[23:16|    INFO|  Cc_Mn_Mega.py: 80] 23042500 : 20230705, 15세이상관람가, 풍재기시
[23:16|    INFO|  Cc_Mn_Mega.py: 80] 23039800 : 20230628, 12세이상관람가, 하나님의 마음
[23:16|    INFO|  Cc_Mn_Mega.py: 80] 23050500 : 20230730, 전체관람가, [2023 잘츠부르크 페스티벌] 틸레만 & 빈 필 콘서트
[23:16|    INFO|  Cc_Mn_Mega.py: 80] 22075200 : 20230426, 전체관람가, 슈퍼 마리오 브라더스
[23:16|    INFO|  Cc_Mn_Mega.py: 80] 23050900 : 20230719, 15세이상관람가, 인시디어스: 빨간 문
[23:16|    INFO|  Cc_Mn_Mega.py: 80] 23050100 : 20230712, 15세이상관람가, 극장판 아름다운 그: 이터널
[23:16|    INFO|  Cc_Mn_Mega.py: 80] 23018400 : 20230503, 12세이상관람가, 가디언즈 오브 갤럭시: Volume 3
[23:16|    INFO|  Cc_Mn_Mega.py: 80] 23046100 : 20230712, 15세이상관람가, 블레이즈
[23:16|    INFO|  Cc_Mn_Mega.py: 80] 23024100 : 20230412, 12세이상관람가, 거울 속 외딴 성
[23:16|    INFO|  Cc_Mn_Mega.py: 80] 23050400 : 20230731, 전체관람가, [로열 오페라] 일 트로바토레
[23:16|    INFO|  Cc_Mn_Mega.py: 80] 23037300 : 20230606, 12세이상관람가, 트랜스포머: 비스트의 서막
[23:16|    INFO|  Cc_Mn_Mega.py: 80] 23037400 : 20230705, 12세이상관람가, 어디로 가고 싶으신가요
[23:16|    INFO|  Cc_Mn_Mega.py: 80] 23049900 : 20230701, 12세이상관람가, 이삭줍는 사람들과 나
[23:16|    INFO|  Cc_Mn_Mega.py: 80] 23048100 : 20230705, 청소년관람불가, 몸값part.2
[23:16|    INFO|  Cc_Mn_Mega.py: 80] 23041800 : 20230614, 전체관람가, 위대한 작은 농장
[23:16|    INFO|  Cc_Mn_Mega.py: 80] 23041900 : 20230614, 12세이상관람가, 플래시
[23:16|    INFO|  Cc_Mn_Mega.py: 80] 23023400 : 20230412, 청소년관람불가, 존 윅 4
[23:16|    INFO|  Cc_Mn_Mega.py: 80] 23035900 : 20230614, 전체관람가, 너의 눈을 들여다보면
[23:16|    INFO|  Cc_Mn_Mega.py: 80] 23028100 : 20230517, 15세이상관람가, 슬픔의 삼각형
[23:16|    INFO|  Cc_Mn_Mega.py: 80] 23042900 : 20230712, 전체관람가, 작은 정원
[23:16|    INFO|  Cc_Mn_Mega.py: 80] 23048000 : 20230705, 청소년관람불가, 몸값part.1
[23:16|    INFO|  Cc_Mn_Mega.py: 80] 23040700 : 20230705, 12세이상관람가, 플래닛
[23:16|    INFO|  Cc_Mn_Mega.py: 80] 23035400 : 20230621, 전체관람가, 수라
[23:16|    INFO|  Cc_Mn_Mega.py: 80] 23040100 : 20230607, 전체관람가, 자우림, 더 원더랜드
[23:16|    INFO|  Cc_Mn_Mega.py: 80] 23044700 : 20230708, 12세이상관람가, [HE 로맨스] 하숙집오!번지
[23:16|    INFO|  Cc_Mn_Mega.py: 80] 23042700 : 20230701, 15세이상관람가, [아웃도어미션게임 극장판] 그놈을 잡아라!
[23:16|    INFO|  Cc_Mn_Mega.py: 80] 23030200 : 20230531, 전체관람가, 극장판 포켓몬스터DP : 아르세우스 초극의 시공으로
[23:16|    INFO|  Cc_Mn_Mega.py: 80] 23036800 : 20230525, 12세이상관람가, 사슴의 왕
[23:16|    INFO|  Cc_Mn_Mega.py: 80] 23044600 : 20230708, 15세이상관람가, [HE 로맨스] 오! 나의 어시님
[23:16|    INFO|  Cc_Mn_Mega.py: 80] 20007800 : 20220928, 12세이상관람가, 라라랜드
[23:16|    INFO|  Cc_Mn_Mega.py: 80] 23035000 : 20230516, 12세이상관람가, 바깥 나라의 소녀
[23:16|    INFO|  Cc_Mn_Mega.py: 80] 23032600 : 20230518, 전체관람가, 극장판 리틀 슈퍼맨 샘샘
[23:16|    INFO|  Cc_Mn_Mega.py: 80] 23010500 : 20230524, 전체관람가, 아기공룡 둘리 : 얼음별 대모험 리마스터링
[23:16|    INFO|  Cc_Mn_Mega.py: 80] 23039000 : 20230614, 12세이상관람가, 실버맨
[23:16|    INFO|  Cc_Mn_Mega.py: 80] 23042800 : 20230628, 청소년관람불가, 라방
[23:16|    INFO|  Cc_Mn_Mega.py: 80] 22095400 : 20230705, 전체관람가, 기적을 믿는 소녀
[23:16|    INFO|  Cc_Mn_Mega.py: 80] 23044000 : 20230719, 15세이상관람가, 더 썬
[23:16|    INFO|  Cc_Mn_Mega.py: 80] 23043000 : 20230719, 12세이상관람가, 보통의 카스미
[23:16|    INFO|  Cc_Mn_Mega.py: 80] 23047800 : 20230720, 전체관람가, 슈퍼 키드 헤일리
[23:16|    INFO|  Cc_Mn_Mega.py: 80] 23046500 : 20230726, 15세이상관람가, 비닐하우스
[23:16|    INFO|  Cc_Mn_Mega.py: 80] 23046300 : None, 청소년관람불가, 에고이스트
[23:16|    INFO|  Cc_Mn_Mega.py: 80] 23035200 : 20230802, 등급미정, 더 문
[23:16|    INFO|  Cc_Mn_Mega.py: 80] 23046400 : 20230802, 등급미정, 몬스터 패밀리2
[23:16|    INFO|  Cc_Mn_Mega.py: 80] 23048300 : 20230803, 전체관람가, [내 생애 첫 미술관] 오르세 미술관
[23:16|    INFO|  Cc_Mn_Mega.py: 80] 23051100 : 20230803, 12세이상관람가, [시네도슨트 in 대전] 메트로폴리탄 미술관
[23:16|    INFO|  Cc_Mn_Mega.py: 80] 23050600 : 20230806, 전체관람가, [2023 오데온스 광장 콘서트] 랑랑 & 안드레스 오로스코-에스트라다
[23:16|    INFO|  Cc_Mn_Mega.py: 80] 23049100 : 20230809, 12세이상관람가, 마에스트로
[23:16|    INFO|  Cc_Mn_Mega.py: 80] 23052300 : 20230809, 12세이상관람가, 이름 없는 춤
[23:16|    INFO|  Cc_Mn_Mega.py: 80] 23047600 : 20230809, 등급미정, 콘크리트 유토피아
[23:16|    INFO|  Cc_Mn_Mega.py: 80] 23048400 : 20230810, 전체관람가, [내 생애 첫 미술관] 내셔널 갤러리
[23:16|    INFO|  Cc_Mn_Mega.py: 80] 23050300 : 20230815, 15세이상관람가, 보호자
[23:16|    INFO|  Cc_Mn_Mega.py: 80] 23049000 : 20230815, 등급미정, 오펜하이머
[23:16|    INFO|  Cc_Mn_Mega.py: 80] 23048500 : 20230817, 전체관람가, [내 생애 첫 미술관] 뉴욕 현대미술관
[23:16|    INFO|  Cc_Mn_Mega.py: 80] 23051200 : 20230817, 12세이상관람가, [시네도슨트 in 대전] 바티칸 미술관
[23:16|    INFO|  Cc_Mn_Mega.py: 80] 23050700 : 20230820, 12세이상관람가, [2023 잘츠부르크 페스티벌] 맥베스
[23:16|    INFO|  Cc_Mn_Mega.py: 80] 23050800 : 20230827, 12세이상관람가, [2023 베로나 오페라 페스티벌] 토스카
[23:16|    INFO|  Cc_Mn_Mega.py: 80] 23037900 : 20230828, 전체관람가, [존 크랑코’s 발레 3부작] 로미오와 줄리엣
[23:16|    INFO|  Cc_Mn_Mega.py: 80] 23052000 : 20230829, 12세이상관람가, [오페라] 챔피언 @The Met2023
[23:16|    INFO|  Cc_Mn_Mega.py: 80] 23050200 : 20230830, 15세이상관람가, 스파이 코드명 포춘
[23:16|    INFO|  Cc_Mn_Mega.py: 80] 23051900 : 20230830, 12세이상관람가, 한 남자
[23:16|    INFO|  Cc_Mn_Mega.py: 80] 23048700 : None, 15세이상관람가, 다섯 번째 흉추
[23:16|    INFO|  Cc_Mn_Mega.py: 80] 23051000 : None, 등급미정, 지옥만세
[23:16|    INFO|  Cc_Mn_Mega.py: 80] 23048600 : None, 등급미정, 퀴어 마이 프렌즈
[23:16|    INFO|  Cc_Mn_Mega.py: 80] 23051300 : 20230907, 12세이상관람가, [시네도슨트 in 대전] 트레치야코프 미술관&푸시킨 미술관
[23:16|    INFO|  Cc_Mn_Mega.py: 80] 23038000 : 20230911, 전체관람가, [존 크랑코’s 발레 3부작] 말괄량이 길들이기
[23:16|    INFO|  Cc_Mn_Mega.py: 80] 23052100 : 20230912, 전체관람가, [오페라] 돈 조반니 @The Met2023
[23:16|    INFO|  Cc_Mn_Mega.py: 80] 23051400 : 20230921, 12세이상관람가, [시네도슨트 in 대전] 비엔나 미술사 박물관
[23:16|    INFO|  Cc_Mn_Mega.py: 80] 23036200 : None, 등급미정, 베니스 유령 살인사건
[23:16|    INFO|  Cc_Mn_Mega.py: 80] 23026400 : None, 12세이상관람가, 프리 철수 리
[23:16|    INFO|  Cc_Mn_Mega.py: 80] 23051500 : 20231005, 12세이상관람가, [시네도슨트 in 대전] 벨베데레 궁전 박물관 & 레오폴트 미술관
[23:16|    INFO|  Cc_Mn_Mega.py: 80] 23051600 : 20231019, 12세이상관람가, [시네도슨트 in 대전] 프라도 미술관
[23:16|    INFO|  Cc_Mn_Mega.py: 80] 23052200 : 20231024, 전체관람가, [오페라] 마술피리 @The Met2023
[23:16|    INFO|  Cc_Mn_Mega.py: 80] 23051700 : 20231102, 12세이상관람가, [시네도슨트 in 대전] 브뤼셀 왕립 미술관&르네 마그리트 미술관
[23:16|    INFO|  Cc_Mn_Mega.py: 80] 23051800 : 20231116, 12세이상관람가, [시네도슨트 in 대전] 내셔널 갤러리 오브 아트
[23:16|    INFO|  Cc_Mn_Mega.py: 95] 
[23:16|    INFO|  Cc_Mn_Mega.py: 96] ━━━━━━━━━━━━━━━━━━━━━━━━━━━━━━━━━━━━━━━━━━━━━━━━━━━━━━━━━━━━━━━━
[23:16|    INFO|  Cc_Mn_Mega.py: 97]  2. ### 영화관(https://www.megabox.co.kr/theater/list)에서 영화관데이터를 가지고 온다. ###                                     
[23:16|    INFO|  Cc_Mn_Mega.py: 98] ────────────────────────────────────────────────────────────────
[23:16|    INFO|  Cc_Mn_Mega.py:105] ────────────────────────────────────────────────────────────────
[23:16|    INFO|  Cc_Mn_Mega.py:106] ┌코드 : 지역명                      
[23:16|    INFO|  Cc_Mn_Mega.py:107] ├ 코드 : 극장명                    
[23:16|    INFO|  Cc_Mn_Mega.py:108] ────────────────────────────────────────────────────────────────
[23:16|    INFO|  Cc_Mn_Mega.py:127] ┌10 : 서울
[23:16|    INFO|  Cc_Mn_Mega.py:146] ├ 1372 : 강남
[23:16|    INFO|  Cc_Mn_Mega.py:146] ├ 0023 : 강남대로(씨티)
[23:16|    INFO|  Cc_Mn_Mega.py:146] ├ 1341 : 강동
[23:16|    INFO|  Cc_Mn_Mega.py:146] ├ 1431 : 군자
[23:16|    INFO|  Cc_Mn_Mega.py:146] ├ 0041 : 더 부티크 목동현대백화점
[23:16|    INFO|  Cc_Mn_Mega.py:146] ├ 1003 : 동대문
[23:16|    INFO|  Cc_Mn_Mega.py:146] ├ 1572 : 마곡
[23:16|    INFO|  Cc_Mn_Mega.py:146] ├ 1581 : 목동
[23:16|    INFO|  Cc_Mn_Mega.py:146] ├ 1311 : 상봉
[23:16|    INFO|  Cc_Mn_Mega.py:146] ├ 1211 : 상암월드컵경기장
[23:16|    INFO|  Cc_Mn_Mega.py:146] ├ 1331 : 성수
[23:16|    INFO|  Cc_Mn_Mega.py:146] ├ 1371 : 센트럴
[23:16|    INFO|  Cc_Mn_Mega.py:146] ├ 1381 : 송파파크하비오
[23:16|    INFO|  Cc_Mn_Mega.py:146] ├ 1202 : 신촌
[23:16|    INFO|  Cc_Mn_Mega.py:146] ├ 1561 : 이수
[23:16|    INFO|  Cc_Mn_Mega.py:146] ├ 1321 : 창동
[23:16|    INFO|  Cc_Mn_Mega.py:146] ├ 1351 : 코엑스
[23:16|    INFO|  Cc_Mn_Mega.py:146] ├ 1212 : 홍대
[23:16|    INFO|  Cc_Mn_Mega.py:146] ├ 1571 : 화곡
[23:16|    INFO|  Cc_Mn_Mega.py:146] ├ 1562 : ARTNINE
[23:16|    INFO|  Cc_Mn_Mega.py:127] ┌30 : 경기
[23:16|    INFO|  Cc_Mn_Mega.py:146] ├ 4121 : 고양스타필드
[23:16|    INFO|  Cc_Mn_Mega.py:146] ├ 0029 : 광명AK플라자
[23:16|    INFO|  Cc_Mn_Mega.py:146] ├ 0053 : 광명소하
[23:16|    INFO|  Cc_Mn_Mega.py:146] ├ 0035 : 금정AK플라자
[23:16|    INFO|  Cc_Mn_Mega.py:146] ├ 4152 : 김포한강신도시
[23:16|    INFO|  Cc_Mn_Mega.py:146] ├ 0039 : 남양주
[23:16|    INFO|  Cc_Mn_Mega.py:146] ├ 0019 : 남양주현대아울렛 스페이스원
[23:16|    INFO|  Cc_Mn_Mega.py:146] ├ 4451 : 동탄
[23:16|    INFO|  Cc_Mn_Mega.py:146] ├ 4652 : 미사강변
[23:16|    INFO|  Cc_Mn_Mega.py:146] ├ 4104 : 백석벨라시타
[23:16|    INFO|  Cc_Mn_Mega.py:146] ├ 4722 : 별내
[23:16|    INFO|  Cc_Mn_Mega.py:146] ├ 4221 : 부천스타필드시티
[23:16|    INFO|  Cc_Mn_Mega.py:146] ├ 4631 : 분당
[23:16|    INFO|  Cc_Mn_Mega.py:146] ├ 0030 : 수원
[23:16|    INFO|  Cc_Mn_Mega.py:146] ├ 0052 : 수원AK플라자(수원역)
[23:16|    INFO|  Cc_Mn_Mega.py:146] ├ 0042 : 수원남문
[23:16|    INFO|  Cc_Mn_Mega.py:146] ├ 0036 : 수원호매실
[23:16|    INFO|  Cc_Mn_Mega.py:146] ├ 4291 : 시흥배곧
[23:16|    INFO|  Cc_Mn_Mega.py:146] ├ 4253 : 안산중앙
[23:16|    INFO|  Cc_Mn_Mega.py:146] ├ 0020 : 안성스타필드
[23:16|    INFO|  Cc_Mn_Mega.py:146] ├ 4821 : 양주
[23:16|    INFO|  Cc_Mn_Mega.py:146] ├ 4431 : 영통
[23:16|    INFO|  Cc_Mn_Mega.py:146] ├ 0012 : 용인기흥
[23:16|    INFO|  Cc_Mn_Mega.py:146] ├ 4462 : 용인테크노밸리
[23:16|    INFO|  Cc_Mn_Mega.py:146] ├ 4804 : 의정부민락
[23:16|    INFO|  Cc_Mn_Mega.py:146] ├ 4111 : 일산
[23:16|    INFO|  Cc_Mn_Mega.py:146] ├ 4112 : 킨텍스
[23:16|    INFO|  Cc_Mn_Mega.py:146] ├ 4132 : 파주금촌
[23:16|    INFO|  Cc_Mn_Mega.py:146] ├ 4115 : 파주운정
[23:16|    INFO|  Cc_Mn_Mega.py:146] ├ 4131 : 파주출판도시
[23:16|    INFO|  Cc_Mn_Mega.py:146] ├ 4651 : 하남스타필드
[23:16|    INFO|  Cc_Mn_Mega.py:127] ┌35 : 인천
[23:16|    INFO|  Cc_Mn_Mega.py:146] ├ 4041 : 검단
[23:16|    INFO|  Cc_Mn_Mega.py:146] ├ 4062 : 송도
[23:16|    INFO|  Cc_Mn_Mega.py:146] ├ 4001 : 영종
[23:16|    INFO|  Cc_Mn_Mega.py:146] ├ 4051 : 인천논현
[23:16|    INFO|  Cc_Mn_Mega.py:146] ├ 0027 : 청라지젤
[23:16|    INFO|  Cc_Mn_Mega.py:127] ┌45 : 대전/충청/세종
[23:16|    INFO|  Cc_Mn_Mega.py:146] ├ 3141 : 공주
[23:16|    INFO|  Cc_Mn_Mega.py:146] ├ 0018 : 논산
[23:16|    INFO|  Cc_Mn_Mega.py:146] ├ 3021 : 대전
[23:16|    INFO|  Cc_Mn_Mega.py:146] ├ 0028 : 대전신세계 아트앤사이언스
[23:16|    INFO|  Cc_Mn_Mega.py:146] ├ 0009 : 대전유성
[23:16|    INFO|  Cc_Mn_Mega.py:146] ├ 3011 : 대전중앙로
[23:16|    INFO|  Cc_Mn_Mega.py:146] ├ 0017 : 대전현대아울렛
[23:16|    INFO|  Cc_Mn_Mega.py:146] ├ 3391 : 세종(조치원)
[23:16|    INFO|  Cc_Mn_Mega.py:146] ├ 3392 : 세종나성
[23:16|    INFO|  Cc_Mn_Mega.py:146] ├ 0008 : 세종청사
[23:16|    INFO|  Cc_Mn_Mega.py:146] ├ 3631 : 오창
[23:16|    INFO|  Cc_Mn_Mega.py:146] ├ 3651 : 진천
[23:16|    INFO|  Cc_Mn_Mega.py:146] ├ 3301 : 천안
[23:16|    INFO|  Cc_Mn_Mega.py:146] ├ 0049 : 청주사창
[23:16|    INFO|  Cc_Mn_Mega.py:146] ├ 3501 : 홍성내포
[23:16|    INFO|  Cc_Mn_Mega.py:127] ┌55 : 부산/대구/경상
[23:16|    INFO|  Cc_Mn_Mega.py:146] ├ 0040 : 경북도청
[23:16|    INFO|  Cc_Mn_Mega.py:146] ├ 7122 : 경산하양
[23:16|    INFO|  Cc_Mn_Mega.py:146] ├ 0043 : 경주
[23:16|    INFO|  Cc_Mn_Mega.py:146] ├ 7303 : 구미강동
[23:16|    INFO|  Cc_Mn_Mega.py:146] ├ 7401 : 김천
[23:16|    INFO|  Cc_Mn_Mega.py:146] ├ 7901 : 남포항
[23:16|    INFO|  Cc_Mn_Mega.py:146] ├ 7011 : 대구신세계(동대구)
[23:16|    INFO|  Cc_Mn_Mega.py:146] ├ 0022 : 대구이시아
[23:16|    INFO|  Cc_Mn_Mega.py:146] ├ 6161 : 덕천
[23:16|    INFO|  Cc_Mn_Mega.py:146] ├ 6312 : 마산
[23:16|    INFO|  Cc_Mn_Mega.py:146] ├ 7451 : 문경
[23:16|    INFO|  Cc_Mn_Mega.py:146] ├ 6001 : 부산극장
[23:16|    INFO|  Cc_Mn_Mega.py:146] ├ 6906 : 부산대
[23:16|    INFO|  Cc_Mn_Mega.py:146] ├ 0025 : 북대구(칠곡)
[23:16|    INFO|  Cc_Mn_Mega.py:146] ├ 0032 : 사상
[23:16|    INFO|  Cc_Mn_Mega.py:146] ├ 6642 : 삼천포
[23:16|    INFO|  Cc_Mn_Mega.py:146] ├ 6261 : 양산
[23:16|    INFO|  Cc_Mn_Mega.py:146] ├ 6262 : 양산증산
[23:16|    INFO|  Cc_Mn_Mega.py:146] ├ 6811 : 울산
[23:16|    INFO|  Cc_Mn_Mega.py:146] ├ 6191 : 정관
[23:16|    INFO|  Cc_Mn_Mega.py:146] ├ 0045 : 진주(중안)
[23:16|    INFO|  Cc_Mn_Mega.py:146] ├ 0048 : 창원
[23:16|    INFO|  Cc_Mn_Mega.py:146] ├ 0014 : 창원내서
[23:16|    INFO|  Cc_Mn_Mega.py:146] ├ 0038 : 포항
[23:16|    INFO|  Cc_Mn_Mega.py:146] ├ 0046 : 해운대(장산)
[23:16|    INFO|  Cc_Mn_Mega.py:127] ┌65 : 광주/전라
[23:16|    INFO|  Cc_Mn_Mega.py:146] ├ 5021 : 광주상무
[23:16|    INFO|  Cc_Mn_Mega.py:146] ├ 5061 : 광주하남
[23:16|    INFO|  Cc_Mn_Mega.py:146] ├ 5302 : 목포하당(포르모)
[23:16|    INFO|  Cc_Mn_Mega.py:146] ├ 5401 : 순천
[23:16|    INFO|  Cc_Mn_Mega.py:146] ├ 5552 : 여수웅천
[23:16|    INFO|  Cc_Mn_Mega.py:146] ├ 0010 : 전대(광주)
[23:16|    INFO|  Cc_Mn_Mega.py:146] ├ 0050 : 전주객사
[23:16|    INFO|  Cc_Mn_Mega.py:146] ├ 5612 : 전주송천
[23:16|    INFO|  Cc_Mn_Mega.py:146] ├ 0021 : 전주혁신
[23:16|    INFO|  Cc_Mn_Mega.py:146] ├ 5064 : 첨단
[23:16|    INFO|  Cc_Mn_Mega.py:127] ┌70 : 강원
[23:16|    INFO|  Cc_Mn_Mega.py:146] ├ 2001 : 남춘천
[23:16|    INFO|  Cc_Mn_Mega.py:146] ├ 2171 : 속초
[23:16|    INFO|  Cc_Mn_Mega.py:146] ├ 2201 : 원주
[23:16|    INFO|  Cc_Mn_Mega.py:146] ├ 2202 : 원주센트럴
[23:16|    INFO|  Cc_Mn_Mega.py:146] ├ 0037 : 춘천석사
[23:16|    INFO|  Cc__Supper.py: 91] ━━━━━━━━━━━━━━━━━━━━━━━━━━━━━━━━━━━━━━━━━━━━━━━━━━━━━━━━━━━━━━━━
[23:16|    INFO|  Cc__Supper.py: 92]  ♨. 파일 Cc__db/CcMega 을 압축                                                                                      
[23:16|    INFO|  Cc__Supper.py: 93] ────────────────────────────────────────────────────────────────
[23:16|    INFO|  Cc__Supper.py: 97] 
[23:17|    INFO|  Cc_Mn_Mega.py: 41] 
[23:17|    INFO|  Cc_Mn_Mega.py: 42] ━━━━━━━━━━━━━━━━━━━━━━━━━━━━━━━━━━━━━━━━━━━━━━━━━━━━━━━━━━━━━━━━
[23:17|    INFO|  Cc_Mn_Mega.py: 43]  1. ### 영화(https://www.megabox.co.kr/on/oh/oha/Movie/selectMovieList.do) 에서 영화데이터를 가지고 온다. ###                  
[23:17|    INFO|  Cc_Mn_Mega.py: 44] ────────────────────────────────────────────────────────────────
[23:17|    INFO|  Cc_Mn_Mega.py: 68] ────────────────────────────────────────────────────────────────
[23:17|    INFO|  Cc_Mn_Mega.py: 69] 영화코드 : 개봉일자, 구분, 영화명    
[23:17|    INFO|  Cc_Mn_Mega.py: 70] ────────────────────────────────────────────────────────────────
[23:17|    INFO|  Cc_Mn_Mega.py: 80] 23048900 : 20230712, 15세이상관람가, 미션 임파서블: 데드 레코닝 PART ONE
[23:17|    INFO|  Cc_Mn_Mega.py: 80] 23034900 : 20230614, 전체관람가, 엘리멘탈
[23:17|    INFO|  Cc_Mn_Mega.py: 80] 23049400 : 20230719, 12세이상관람가, 바비
[23:17|    INFO|  Cc_Mn_Mega.py: 80] 23048800 : 20230802, 12세이상관람가, 비공식작전
[23:17|    INFO|  Cc_Mn_Mega.py: 80] 23028800 : 20230621, 전체관람가, 스파이더맨: 어크로스 더 유니버스
[23:17|    INFO|  Cc_Mn_Mega.py: 80] 23035100 : 20230628, 12세이상관람가, 여름날 우리
[23:17|    INFO|  Cc_Mn_Mega.py: 80] 23043900 : 20230712, 15세이상관람가, 좋.댓.구
[23:17|    INFO|  Cc_Mn_Mega.py: 80] 23035600 : 20230531, 15세이상관람가, 범죄도시3
[23:17|    INFO|  Cc_Mn_Mega.py: 80] 23015400 : 20230628, 12세이상관람가, 인디아나 존스: 운명의 다이얼
[23:17|    INFO|  Cc_Mn_Mega.py: 80] 23040000 : 20230705, 청소년관람불가, 보 이즈 어프레이드
[23:17|    INFO|  Cc_Mn_Mega.py: 80] 23043800 : 20230712, 15세이상관람가, [워너필소] 조디악
[23:17|    INFO|  Cc_Mn_Mega.py: 80] 23047900 : 20230720, 12세이상관람가, 명탐정코난: 흑철의 어영
[23:17|    INFO|  Cc_Mn_Mega.py: 80] 22103500 : 20230104, 12세이상관람가, 더 퍼스트 슬램덩크
[23:17|    INFO|  Cc_Mn_Mega.py: 80] 23029300 : 20230726, 15세이상관람가, 밀수
[23:17|    INFO|  Cc_Mn_Mega.py: 80] 23049200 : 20230720, 전체관람가, 극장판 슈퍼윙스: 맥시멈 스피드
[23:17|    INFO|  Cc_Mn_Mega.py: 80] 23042200 : 20230720, 전체관람가, 아버지의 마음
[23:17|    INFO|  Cc_Mn_Mega.py: 80] 23030000 : 20230621, 청소년관람불가, 귀공자
[23:17|    INFO|  Cc_Mn_Mega.py: 80] 23041700 : 20230705, 12세이상관람가, 엔니오: 더 마에스트로
[23:17|    INFO|  Cc_Mn_Mega.py: 80] 23036300 : 20230703, 전체관람가, [로열 발레] 잠자는 숲속의 미녀
[23:17|    INFO|  Cc_Mn_Mega.py: 80] 23044200 : 20230716, 청소년관람불가, [사건 읽는 영화관] 대한민국 강력사건 : 마약사건
[23:17|    INFO|  Cc_Mn_Mega.py: 80] 23038600 : 20230628, 12세이상관람가, 애스터로이드 시티
[23:17|    INFO|  Cc_Mn_Mega.py: 80] 23044500 : 20230708, 12세이상관람가, [HE 로맨스] 해피메리엔딩
[23:17|    INFO|  Cc_Mn_Mega.py: 80] 23043300 : 20230712, 전체관람가, 비밀의 언덕
[23:17|    INFO|  Cc_Mn_Mega.py: 80] 23042400 : 20230713, 전체관람가, 극장판 피노키오 위대한 모험
[23:17|    INFO|  Cc_Mn_Mega.py: 80] 23048200 : 20230727, 전체관람가, [내 생애 첫 미술관] 루브르 박물관
[23:17|    INFO|  Cc_Mn_Mega.py: 80] 21068600 : 20211118, 전체관람가, 뱅드림! 필름 라이브 세컨드 스테이지
[23:17|    INFO|  Cc_Mn_Mega.py: 80] 23038300 : 20230705, 15세이상관람가, 빈틈없는 사이
[23:17|    INFO|  Cc_Mn_Mega.py: 80] 23044400 : 20230719, 12세이상관람가, 러브 라이프
[23:17|    INFO|  Cc_Mn_Mega.py: 80] 23034600 : 20230712, 12세이상관람가, 슬기로운 아내 수업
[23:17|    INFO|  Cc_Mn_Mega.py: 80] 23039900 : 20230705, 청소년관람불가, 악마들
[23:17|    INFO|  Cc_Mn_Mega.py: 80] 23043100 : 20230712, 전체관람가, 디어 마이 러브
[23:17|    INFO|  Cc_Mn_Mega.py: 80] 23043700 : 20230705, 15세이상관람가, [워너필소] 디파티드
[23:17|    INFO|  Cc_Mn_Mega.py: 80] 23043600 : 20230628, 청소년관람불가, [워너필소] 샤이닝
[23:17|    INFO|  Cc_Mn_Mega.py: 80] 23042500 : 20230705, 15세이상관람가, 풍재기시
[23:17|    INFO|  Cc_Mn_Mega.py: 80] 23039800 : 20230628, 12세이상관람가, 하나님의 마음
[23:17|    INFO|  Cc_Mn_Mega.py: 80] 23050500 : 20230730, 전체관람가, [2023 잘츠부르크 페스티벌] 틸레만 & 빈 필 콘서트
[23:17|    INFO|  Cc_Mn_Mega.py: 80] 22075200 : 20230426, 전체관람가, 슈퍼 마리오 브라더스
[23:17|    INFO|  Cc_Mn_Mega.py: 80] 23050900 : 20230719, 15세이상관람가, 인시디어스: 빨간 문
[23:17|    INFO|  Cc_Mn_Mega.py: 80] 23050100 : 20230712, 15세이상관람가, 극장판 아름다운 그: 이터널
[23:17|    INFO|  Cc_Mn_Mega.py: 80] 23018400 : 20230503, 12세이상관람가, 가디언즈 오브 갤럭시: Volume 3
[23:17|    INFO|  Cc_Mn_Mega.py: 80] 23046100 : 20230712, 15세이상관람가, 블레이즈
[23:17|    INFO|  Cc_Mn_Mega.py: 80] 23024100 : 20230412, 12세이상관람가, 거울 속 외딴 성
[23:17|    INFO|  Cc_Mn_Mega.py: 80] 23050400 : 20230731, 전체관람가, [로열 오페라] 일 트로바토레
[23:17|    INFO|  Cc_Mn_Mega.py: 80] 23037300 : 20230606, 12세이상관람가, 트랜스포머: 비스트의 서막
[23:17|    INFO|  Cc_Mn_Mega.py: 80] 23037400 : 20230705, 12세이상관람가, 어디로 가고 싶으신가요
[23:17|    INFO|  Cc_Mn_Mega.py: 80] 23049900 : 20230701, 12세이상관람가, 이삭줍는 사람들과 나
[23:17|    INFO|  Cc_Mn_Mega.py: 80] 23048100 : 20230705, 청소년관람불가, 몸값part.2
[23:17|    INFO|  Cc_Mn_Mega.py: 80] 23041800 : 20230614, 전체관람가, 위대한 작은 농장
[23:17|    INFO|  Cc_Mn_Mega.py: 80] 23041900 : 20230614, 12세이상관람가, 플래시
[23:17|    INFO|  Cc_Mn_Mega.py: 80] 23023400 : 20230412, 청소년관람불가, 존 윅 4
[23:17|    INFO|  Cc_Mn_Mega.py: 80] 23035900 : 20230614, 전체관람가, 너의 눈을 들여다보면
[23:17|    INFO|  Cc_Mn_Mega.py: 80] 23028100 : 20230517, 15세이상관람가, 슬픔의 삼각형
[23:17|    INFO|  Cc_Mn_Mega.py: 80] 23042900 : 20230712, 전체관람가, 작은 정원
[23:17|    INFO|  Cc_Mn_Mega.py: 80] 23048000 : 20230705, 청소년관람불가, 몸값part.1
[23:17|    INFO|  Cc_Mn_Mega.py: 80] 23040700 : 20230705, 12세이상관람가, 플래닛
[23:17|    INFO|  Cc_Mn_Mega.py: 80] 23035400 : 20230621, 전체관람가, 수라
[23:17|    INFO|  Cc_Mn_Mega.py: 80] 23040100 : 20230607, 전체관람가, 자우림, 더 원더랜드
[23:17|    INFO|  Cc_Mn_Mega.py: 80] 23044700 : 20230708, 12세이상관람가, [HE 로맨스] 하숙집오!번지
[23:17|    INFO|  Cc_Mn_Mega.py: 80] 23042700 : 20230701, 15세이상관람가, [아웃도어미션게임 극장판] 그놈을 잡아라!
[23:17|    INFO|  Cc_Mn_Mega.py: 80] 23030200 : 20230531, 전체관람가, 극장판 포켓몬스터DP : 아르세우스 초극의 시공으로
[23:17|    INFO|  Cc_Mn_Mega.py: 80] 23036800 : 20230525, 12세이상관람가, 사슴의 왕
[23:17|    INFO|  Cc_Mn_Mega.py: 80] 23044600 : 20230708, 15세이상관람가, [HE 로맨스] 오! 나의 어시님
[23:17|    INFO|  Cc_Mn_Mega.py: 80] 20007800 : 20220928, 12세이상관람가, 라라랜드
[23:17|    INFO|  Cc_Mn_Mega.py: 80] 23035000 : 20230516, 12세이상관람가, 바깥 나라의 소녀
[23:17|    INFO|  Cc_Mn_Mega.py: 80] 23032600 : 20230518, 전체관람가, 극장판 리틀 슈퍼맨 샘샘
[23:17|    INFO|  Cc_Mn_Mega.py: 80] 23010500 : 20230524, 전체관람가, 아기공룡 둘리 : 얼음별 대모험 리마스터링
[23:17|    INFO|  Cc_Mn_Mega.py: 80] 23039000 : 20230614, 12세이상관람가, 실버맨
[23:17|    INFO|  Cc_Mn_Mega.py: 80] 23042800 : 20230628, 청소년관람불가, 라방
[23:17|    INFO|  Cc_Mn_Mega.py: 80] 22095400 : 20230705, 전체관람가, 기적을 믿는 소녀
[23:17|    INFO|  Cc_Mn_Mega.py: 80] 23044000 : 20230719, 15세이상관람가, 더 썬
[23:17|    INFO|  Cc_Mn_Mega.py: 80] 23043000 : 20230719, 12세이상관람가, 보통의 카스미
[23:17|    INFO|  Cc_Mn_Mega.py: 80] 23047800 : 20230720, 전체관람가, 슈퍼 키드 헤일리
[23:17|    INFO|  Cc_Mn_Mega.py: 80] 23046500 : 20230726, 15세이상관람가, 비닐하우스
[23:17|    INFO|  Cc_Mn_Mega.py: 80] 23046300 : None, 청소년관람불가, 에고이스트
[23:17|    INFO|  Cc_Mn_Mega.py: 80] 23035200 : 20230802, 등급미정, 더 문
[23:17|    INFO|  Cc_Mn_Mega.py: 80] 23046400 : 20230802, 등급미정, 몬스터 패밀리2
[23:17|    INFO|  Cc_Mn_Mega.py: 80] 23048300 : 20230803, 전체관람가, [내 생애 첫 미술관] 오르세 미술관
[23:17|    INFO|  Cc_Mn_Mega.py: 80] 23051100 : 20230803, 12세이상관람가, [시네도슨트 in 대전] 메트로폴리탄 미술관
[23:17|    INFO|  Cc_Mn_Mega.py: 80] 23050600 : 20230806, 전체관람가, [2023 오데온스 광장 콘서트] 랑랑 & 안드레스 오로스코-에스트라다
[23:17|    INFO|  Cc_Mn_Mega.py: 80] 23049100 : 20230809, 12세이상관람가, 마에스트로
[23:17|    INFO|  Cc_Mn_Mega.py: 80] 23052300 : 20230809, 12세이상관람가, 이름 없는 춤
[23:17|    INFO|  Cc_Mn_Mega.py: 80] 23047600 : 20230809, 등급미정, 콘크리트 유토피아
[23:17|    INFO|  Cc_Mn_Mega.py: 80] 23048400 : 20230810, 전체관람가, [내 생애 첫 미술관] 내셔널 갤러리
[23:17|    INFO|  Cc_Mn_Mega.py: 80] 23050300 : 20230815, 15세이상관람가, 보호자
[23:17|    INFO|  Cc_Mn_Mega.py: 80] 23049000 : 20230815, 등급미정, 오펜하이머
[23:17|    INFO|  Cc_Mn_Mega.py: 80] 23048500 : 20230817, 전체관람가, [내 생애 첫 미술관] 뉴욕 현대미술관
[23:17|    INFO|  Cc_Mn_Mega.py: 80] 23051200 : 20230817, 12세이상관람가, [시네도슨트 in 대전] 바티칸 미술관
[23:17|    INFO|  Cc_Mn_Mega.py: 80] 23050700 : 20230820, 12세이상관람가, [2023 잘츠부르크 페스티벌] 맥베스
[23:17|    INFO|  Cc_Mn_Mega.py: 80] 23050800 : 20230827, 12세이상관람가, [2023 베로나 오페라 페스티벌] 토스카
[23:17|    INFO|  Cc_Mn_Mega.py: 80] 23037900 : 20230828, 전체관람가, [존 크랑코’s 발레 3부작] 로미오와 줄리엣
[23:17|    INFO|  Cc_Mn_Mega.py: 80] 23052000 : 20230829, 12세이상관람가, [오페라] 챔피언 @The Met2023
[23:17|    INFO|  Cc_Mn_Mega.py: 80] 23050200 : 20230830, 15세이상관람가, 스파이 코드명 포춘
[23:17|    INFO|  Cc_Mn_Mega.py: 80] 23051900 : 20230830, 12세이상관람가, 한 남자
[23:17|    INFO|  Cc_Mn_Mega.py: 80] 23048700 : None, 15세이상관람가, 다섯 번째 흉추
[23:17|    INFO|  Cc_Mn_Mega.py: 80] 23051000 : None, 등급미정, 지옥만세
[23:17|    INFO|  Cc_Mn_Mega.py: 80] 23048600 : None, 등급미정, 퀴어 마이 프렌즈
[23:17|    INFO|  Cc_Mn_Mega.py: 80] 23051300 : 20230907, 12세이상관람가, [시네도슨트 in 대전] 트레치야코프 미술관&푸시킨 미술관
[23:17|    INFO|  Cc_Mn_Mega.py: 80] 23038000 : 20230911, 전체관람가, [존 크랑코’s 발레 3부작] 말괄량이 길들이기
[23:17|    INFO|  Cc_Mn_Mega.py: 80] 23052100 : 20230912, 전체관람가, [오페라] 돈 조반니 @The Met2023
[23:17|    INFO|  Cc_Mn_Mega.py: 80] 23051400 : 20230921, 12세이상관람가, [시네도슨트 in 대전] 비엔나 미술사 박물관
[23:17|    INFO|  Cc_Mn_Mega.py: 80] 23036200 : None, 등급미정, 베니스 유령 살인사건
[23:17|    INFO|  Cc_Mn_Mega.py: 80] 23026400 : None, 12세이상관람가, 프리 철수 리
[23:17|    INFO|  Cc_Mn_Mega.py: 80] 23051500 : 20231005, 12세이상관람가, [시네도슨트 in 대전] 벨베데레 궁전 박물관 & 레오폴트 미술관
[23:17|    INFO|  Cc_Mn_Mega.py: 80] 23051600 : 20231019, 12세이상관람가, [시네도슨트 in 대전] 프라도 미술관
[23:17|    INFO|  Cc_Mn_Mega.py: 80] 23052200 : 20231024, 전체관람가, [오페라] 마술피리 @The Met2023
[23:17|    INFO|  Cc_Mn_Mega.py: 80] 23051700 : 20231102, 12세이상관람가, [시네도슨트 in 대전] 브뤼셀 왕립 미술관&르네 마그리트 미술관
[23:17|    INFO|  Cc_Mn_Mega.py: 80] 23051800 : 20231116, 12세이상관람가, [시네도슨트 in 대전] 내셔널 갤러리 오브 아트
[23:17|    INFO|  Cc_Mn_Mega.py: 95] 
[23:17|    INFO|  Cc_Mn_Mega.py: 96] ━━━━━━━━━━━━━━━━━━━━━━━━━━━━━━━━━━━━━━━━━━━━━━━━━━━━━━━━━━━━━━━━
[23:17|    INFO|  Cc_Mn_Mega.py: 97]  2. ### 영화관(https://www.megabox.co.kr/theater/list)에서 영화관데이터를 가지고 온다. ###                                     
[23:17|    INFO|  Cc_Mn_Mega.py: 98] ────────────────────────────────────────────────────────────────
[23:17|    INFO|  Cc_Mn_Mega.py:105] ────────────────────────────────────────────────────────────────
[23:17|    INFO|  Cc_Mn_Mega.py:106] ┌코드 : 지역명                      
[23:17|    INFO|  Cc_Mn_Mega.py:107] ├ 코드 : 극장명                    
[23:17|    INFO|  Cc_Mn_Mega.py:108] ────────────────────────────────────────────────────────────────
[23:17|    INFO|  Cc_Mn_Mega.py:127] ┌10 : 서울
[23:17|    INFO|  Cc_Mn_Mega.py:146] ├ 1372 : 강남
[23:17|    INFO|  Cc_Mn_Mega.py:146] ├ 0023 : 강남대로(씨티)
[23:17|    INFO|  Cc_Mn_Mega.py:146] ├ 1341 : 강동
[23:17|    INFO|  Cc_Mn_Mega.py:146] ├ 1431 : 군자
[23:17|    INFO|  Cc_Mn_Mega.py:146] ├ 0041 : 더 부티크 목동현대백화점
[23:17|    INFO|  Cc_Mn_Mega.py:146] ├ 1003 : 동대문
[23:17|    INFO|  Cc_Mn_Mega.py:146] ├ 1572 : 마곡
[23:17|    INFO|  Cc_Mn_Mega.py:146] ├ 1581 : 목동
[23:17|    INFO|  Cc_Mn_Mega.py:146] ├ 1311 : 상봉
[23:17|    INFO|  Cc_Mn_Mega.py:146] ├ 1211 : 상암월드컵경기장
[23:17|    INFO|  Cc_Mn_Mega.py:146] ├ 1331 : 성수
[23:17|    INFO|  Cc_Mn_Mega.py:146] ├ 1371 : 센트럴
[23:17|    INFO|  Cc_Mn_Mega.py:146] ├ 1381 : 송파파크하비오
[23:17|    INFO|  Cc_Mn_Mega.py:146] ├ 1202 : 신촌
[23:17|    INFO|  Cc_Mn_Mega.py:146] ├ 1561 : 이수
[23:17|    INFO|  Cc_Mn_Mega.py:146] ├ 1321 : 창동
[23:17|    INFO|  Cc_Mn_Mega.py:146] ├ 1351 : 코엑스
[23:17|    INFO|  Cc_Mn_Mega.py:146] ├ 1212 : 홍대
[23:17|    INFO|  Cc_Mn_Mega.py:146] ├ 1571 : 화곡
[23:17|    INFO|  Cc_Mn_Mega.py:146] ├ 1562 : ARTNINE
[23:17|    INFO|  Cc_Mn_Mega.py:127] ┌30 : 경기
[23:17|    INFO|  Cc_Mn_Mega.py:146] ├ 4121 : 고양스타필드
[23:17|    INFO|  Cc_Mn_Mega.py:146] ├ 0029 : 광명AK플라자
[23:17|    INFO|  Cc_Mn_Mega.py:146] ├ 0053 : 광명소하
[23:17|    INFO|  Cc_Mn_Mega.py:146] ├ 0035 : 금정AK플라자
[23:17|    INFO|  Cc_Mn_Mega.py:146] ├ 4152 : 김포한강신도시
[23:17|    INFO|  Cc_Mn_Mega.py:146] ├ 0039 : 남양주
[23:17|    INFO|  Cc_Mn_Mega.py:146] ├ 0019 : 남양주현대아울렛 스페이스원
[23:17|    INFO|  Cc_Mn_Mega.py:146] ├ 4451 : 동탄
[23:17|    INFO|  Cc_Mn_Mega.py:146] ├ 4652 : 미사강변
[23:17|    INFO|  Cc_Mn_Mega.py:146] ├ 4104 : 백석벨라시타
[23:17|    INFO|  Cc_Mn_Mega.py:146] ├ 4722 : 별내
[23:17|    INFO|  Cc_Mn_Mega.py:146] ├ 4221 : 부천스타필드시티
[23:17|    INFO|  Cc_Mn_Mega.py:146] ├ 4631 : 분당
[23:17|    INFO|  Cc_Mn_Mega.py:146] ├ 0030 : 수원
[23:17|    INFO|  Cc_Mn_Mega.py:146] ├ 0052 : 수원AK플라자(수원역)
[23:17|    INFO|  Cc_Mn_Mega.py:146] ├ 0042 : 수원남문
[23:17|    INFO|  Cc_Mn_Mega.py:146] ├ 0036 : 수원호매실
[23:17|    INFO|  Cc_Mn_Mega.py:146] ├ 4291 : 시흥배곧
[23:17|    INFO|  Cc_Mn_Mega.py:146] ├ 4253 : 안산중앙
[23:17|    INFO|  Cc_Mn_Mega.py:146] ├ 0020 : 안성스타필드
[23:17|    INFO|  Cc_Mn_Mega.py:146] ├ 4821 : 양주
[23:17|    INFO|  Cc_Mn_Mega.py:146] ├ 4431 : 영통
[23:17|    INFO|  Cc_Mn_Mega.py:146] ├ 0012 : 용인기흥
[23:17|    INFO|  Cc_Mn_Mega.py:146] ├ 4462 : 용인테크노밸리
[23:17|    INFO|  Cc_Mn_Mega.py:146] ├ 4804 : 의정부민락
[23:17|    INFO|  Cc_Mn_Mega.py:146] ├ 4111 : 일산
[23:17|    INFO|  Cc_Mn_Mega.py:146] ├ 4112 : 킨텍스
[23:17|    INFO|  Cc_Mn_Mega.py:146] ├ 4132 : 파주금촌
[23:17|    INFO|  Cc_Mn_Mega.py:146] ├ 4115 : 파주운정
[23:17|    INFO|  Cc_Mn_Mega.py:146] ├ 4131 : 파주출판도시
[23:17|    INFO|  Cc_Mn_Mega.py:146] ├ 4651 : 하남스타필드
[23:17|    INFO|  Cc_Mn_Mega.py:127] ┌35 : 인천
[23:17|    INFO|  Cc_Mn_Mega.py:146] ├ 4041 : 검단
[23:17|    INFO|  Cc_Mn_Mega.py:146] ├ 4062 : 송도
[23:17|    INFO|  Cc_Mn_Mega.py:146] ├ 4001 : 영종
[23:17|    INFO|  Cc_Mn_Mega.py:146] ├ 4051 : 인천논현
[23:17|    INFO|  Cc_Mn_Mega.py:146] ├ 0027 : 청라지젤
[23:17|    INFO|  Cc_Mn_Mega.py:127] ┌45 : 대전/충청/세종
[23:17|    INFO|  Cc_Mn_Mega.py:146] ├ 3141 : 공주
[23:17|    INFO|  Cc_Mn_Mega.py:146] ├ 0018 : 논산
[23:17|    INFO|  Cc_Mn_Mega.py:146] ├ 3021 : 대전
[23:17|    INFO|  Cc_Mn_Mega.py:146] ├ 0028 : 대전신세계 아트앤사이언스
[23:17|    INFO|  Cc_Mn_Mega.py:146] ├ 0009 : 대전유성
[23:17|    INFO|  Cc_Mn_Mega.py:146] ├ 3011 : 대전중앙로
[23:17|    INFO|  Cc_Mn_Mega.py:146] ├ 0017 : 대전현대아울렛
[23:17|    INFO|  Cc_Mn_Mega.py:146] ├ 3391 : 세종(조치원)
[23:17|    INFO|  Cc_Mn_Mega.py:146] ├ 3392 : 세종나성
[23:17|    INFO|  Cc_Mn_Mega.py:146] ├ 0008 : 세종청사
[23:17|    INFO|  Cc_Mn_Mega.py:146] ├ 3631 : 오창
[23:17|    INFO|  Cc_Mn_Mega.py:146] ├ 3651 : 진천
[23:17|    INFO|  Cc_Mn_Mega.py:146] ├ 3301 : 천안
[23:17|    INFO|  Cc_Mn_Mega.py:146] ├ 0049 : 청주사창
[23:17|    INFO|  Cc_Mn_Mega.py:146] ├ 3501 : 홍성내포
[23:17|    INFO|  Cc_Mn_Mega.py:127] ┌55 : 부산/대구/경상
[23:17|    INFO|  Cc_Mn_Mega.py:146] ├ 0040 : 경북도청
[23:17|    INFO|  Cc_Mn_Mega.py:146] ├ 7122 : 경산하양
[23:17|    INFO|  Cc_Mn_Mega.py:146] ├ 0043 : 경주
[23:17|    INFO|  Cc_Mn_Mega.py:146] ├ 7303 : 구미강동
[23:17|    INFO|  Cc_Mn_Mega.py:146] ├ 7401 : 김천
[23:17|    INFO|  Cc_Mn_Mega.py:146] ├ 7901 : 남포항
[23:17|    INFO|  Cc_Mn_Mega.py:146] ├ 7011 : 대구신세계(동대구)
[23:17|    INFO|  Cc_Mn_Mega.py:146] ├ 0022 : 대구이시아
[23:17|    INFO|  Cc_Mn_Mega.py:146] ├ 6161 : 덕천
[23:17|    INFO|  Cc_Mn_Mega.py:146] ├ 6312 : 마산
[23:17|    INFO|  Cc_Mn_Mega.py:146] ├ 7451 : 문경
[23:17|    INFO|  Cc_Mn_Mega.py:146] ├ 6001 : 부산극장
[23:17|    INFO|  Cc_Mn_Mega.py:146] ├ 6906 : 부산대
[23:17|    INFO|  Cc_Mn_Mega.py:146] ├ 0025 : 북대구(칠곡)
[23:17|    INFO|  Cc_Mn_Mega.py:146] ├ 0032 : 사상
[23:17|    INFO|  Cc_Mn_Mega.py:146] ├ 6642 : 삼천포
[23:17|    INFO|  Cc_Mn_Mega.py:146] ├ 6261 : 양산
[23:17|    INFO|  Cc_Mn_Mega.py:146] ├ 6262 : 양산증산
[23:17|    INFO|  Cc_Mn_Mega.py:146] ├ 6811 : 울산
[23:17|    INFO|  Cc_Mn_Mega.py:146] ├ 6191 : 정관
[23:17|    INFO|  Cc_Mn_Mega.py:146] ├ 0045 : 진주(중안)
[23:17|    INFO|  Cc_Mn_Mega.py:146] ├ 0048 : 창원
[23:17|    INFO|  Cc_Mn_Mega.py:146] ├ 0014 : 창원내서
[23:17|    INFO|  Cc_Mn_Mega.py:146] ├ 0038 : 포항
[23:17|    INFO|  Cc_Mn_Mega.py:146] ├ 0046 : 해운대(장산)
[23:17|    INFO|  Cc_Mn_Mega.py:127] ┌65 : 광주/전라
[23:17|    INFO|  Cc_Mn_Mega.py:146] ├ 5021 : 광주상무
[23:17|    INFO|  Cc_Mn_Mega.py:146] ├ 5061 : 광주하남
[23:17|    INFO|  Cc_Mn_Mega.py:146] ├ 5302 : 목포하당(포르모)
[23:17|    INFO|  Cc_Mn_Mega.py:146] ├ 5401 : 순천
[23:17|    INFO|  Cc_Mn_Mega.py:146] ├ 5552 : 여수웅천
[23:17|    INFO|  Cc_Mn_Mega.py:146] ├ 0010 : 전대(광주)
[23:17|    INFO|  Cc_Mn_Mega.py:146] ├ 0050 : 전주객사
[23:17|    INFO|  Cc_Mn_Mega.py:146] ├ 5612 : 전주송천
[23:17|    INFO|  Cc_Mn_Mega.py:146] ├ 0021 : 전주혁신
[23:17|    INFO|  Cc_Mn_Mega.py:146] ├ 5064 : 첨단
[23:17|    INFO|  Cc_Mn_Mega.py:127] ┌70 : 강원
[23:17|    INFO|  Cc_Mn_Mega.py:146] ├ 2001 : 남춘천
[23:17|    INFO|  Cc_Mn_Mega.py:146] ├ 2171 : 속초
[23:17|    INFO|  Cc_Mn_Mega.py:146] ├ 2201 : 원주
[23:17|    INFO|  Cc_Mn_Mega.py:146] ├ 2202 : 원주센트럴
[23:17|    INFO|  Cc_Mn_Mega.py:146] ├ 0037 : 춘천석사
[23:17|    INFO|  Cc__Supper.py: 91] ━━━━━━━━━━━━━━━━━━━━━━━━━━━━━━━━━━━━━━━━━━━━━━━━━━━━━━━━━━━━━━━━
[23:17|    INFO|  Cc__Supper.py: 92]  ♨. 파일 Cc__db/CcMega 을 압축                                                                                      
[23:17|    INFO|  Cc__Supper.py: 93] ────────────────────────────────────────────────────────────────
[23:17|    INFO|  Cc__Supper.py: 97] 
[23:18|    INFO|  Cc__Supper.py: 91] ━━━━━━━━━━━━━━━━━━━━━━━━━━━━━━━━━━━━━━━━━━━━━━━━━━━━━━━━━━━━━━━━
[23:18|    INFO|  Cc__Supper.py: 92]  ♨. 파일 Cc__db/CcMega 을 압축                                                                                      
[23:18|    INFO|  Cc__Supper.py: 93] ────────────────────────────────────────────────────────────────
[23:18|    INFO|  Cc__Supper.py: 97] 
[23:18|    INFO|  Cc__Supper.py: 91] ━━━━━━━━━━━━━━━━━━━━━━━━━━━━━━━━━━━━━━━━━━━━━━━━━━━━━━━━━━━━━━━━
[23:18|    INFO|  Cc__Supper.py: 92]  ♨. 파일 Cc__db/CcMega 을 압축                                                                                      
[23:18|    INFO|  Cc__Supper.py: 93] ────────────────────────────────────────────────────────────────
[23:18|    INFO|  Cc__Supper.py: 97] 
